[2018-06-04 10:27:45] app.ERROR: Invalid field "message" [] []
[2018-06-04 11:16:52] app.ERROR: Unable to find collection: c [] []
[2018-06-04 11:16:52] app.ERROR: Unable to find collection: co [] []
[2018-06-04 11:16:52] app.ERROR: Unable to find collection: con [] []
[2018-06-04 11:16:52] app.ERROR: Unable to find collection: conc [] []
[2018-06-04 11:16:52] app.ERROR: Unable to find collection: conce [] []
[2018-06-04 11:16:52] app.ERROR: Unable to find collection: conces [] []
[2018-06-04 11:16:53] app.ERROR: Unable to find collection: conce [] []
[2018-06-04 11:16:53] app.ERROR: Unable to find collection: concec [] []
[2018-06-04 11:16:53] app.ERROR: Unable to find collection: concecc [] []
[2018-06-04 11:16:53] app.ERROR: Unable to find collection: concecci [] []
[2018-06-04 11:16:53] app.ERROR: Unable to find collection: conceccio [] []
[2018-06-04 11:16:53] app.ERROR: Unable to find collection: conceccion [] []
[2018-06-04 11:16:53] app.ERROR: Unable to find collection: conceccions [] []
[2018-06-04 11:17:04] app.ERROR: Unable to find collection: concecions [] []
[2018-06-04 11:17:04] app.ERROR: Unable to find collection: conceions [] []
[2018-06-04 11:17:04] app.ERROR: Unable to find collection: concesions [] []
[2018-06-04 11:40:55] app.ERROR: Invalid field "message" [] []
[2018-06-04 11:43:41] app.ERROR: Invalid field "message" [] []
[2018-06-04 11:46:37] app.ERROR: Invalid field "message" [] []
[2018-06-04 11:47:15] app.ERROR: Invalid field "message" [] []
[2018-06-04 11:48:54] app.ERROR: Invalid field "message" [] []
[2018-06-04 11:49:13] app.ERROR: Invalid field "message" [] []
[2018-06-04 11:49:48] app.ERROR: Invalid field "message" [] []
[2018-06-04 11:50:39] app.ERROR: Invalid field "message" [] []
[2018-06-04 11:55:33] app.ERROR: Invalid field "message" [] []
[2018-06-04 11:58:33] app.ERROR: Invalid field "message" [] []
[2018-06-04 11:59:35] app.ERROR: Invalid field "message" [] []
[2018-06-04 12:05:37] app.ERROR: Invalid field "message" [] []
[2018-06-04 12:09:15] app.ERROR: Invalid field "message" [] []
[2018-06-04 12:12:01] app.ERROR: Invalid field "message" [] []
[2018-06-04 12:12:09] app.ERROR: Invalid field "message" [] []
[2018-06-04 12:12:32] app.ERROR: Invalid field "message" [] []
[2018-06-04 12:13:32] app.ERROR: Invalid field "message" [] []
[2018-06-04 12:16:20] app.ERROR: Invalid field "message" [] []
[2018-06-04 12:17:55] app.ERROR: Invalid field "message" [] []
[2018-06-04 12:18:50] app.ERROR: Invalid field "message" [] []
[2018-06-04 12:20:00] app.ERROR: Invalid field "message" [] []
[2018-06-04 12:21:26] app.ERROR: Invalid field "message" [] []
[2018-06-04 12:21:32] app.ERROR: Invalid field "message" [] []
[2018-06-04 12:21:56] app.ERROR: Invalid field "message" [] []
[2018-06-04 12:22:58] app.ERROR: Invalid field "message" [] []
[2018-06-04 12:23:19] app.ERROR: Invalid field "message" [] []
[2018-06-04 12:24:24] app.ERROR: Invalid field "message" [] []
[2018-06-04 12:24:59] app.ERROR: Invalid field "message" [] []
[2018-06-04 12:25:44] app.ERROR: Invalid field "message" [] []
[2018-06-04 13:31:05] app.ERROR: Invalid field "message" [] []
[2018-06-04 16:18:51] app.ERROR: Reading items from "theaters" collection was denied [] []
[2018-06-04 16:25:47] app.ERROR: Invalid field "message" [] []
[2018-06-04 16:27:50] app.ERROR: $record must an array or a subclass of AbstractRowGateway [] []
[2018-06-04 16:28:05] app.ERROR: Argument 2 passed to Directus\Services\AbstractService::enforcePermissions() must be of the type array, null given, called in /Users/rijkvanzanten/Development/api/src/core/Directus/Services/ItemsService.php on line 121 [] []
[2018-06-04 16:28:54] app.ERROR: Argument 2 passed to Directus\Services\AbstractService::enforcePermissions() must be of the type array, null given, called in /Users/rijkvanzanten/Development/api/src/core/Directus/Services/ItemsService.php on line 121 [] []
[2018-06-04 16:30:11] app.ERROR: Failed generating the SQL query. [] []
[2018-06-04 16:33:33] app.ERROR: Failed generating the SQL query. [] []
[2018-06-04 16:34:03] app.ERROR: Failed generating the SQL query. [] []
[2018-06-04 16:37:22] app.ERROR: Argument 2 passed to Directus\Services\AbstractService::enforcePermissions() must be of the type array, null given, called in /Users/rijkvanzanten/Development/api/src/core/Directus/Services/ItemsService.php on line 121 [] []
[2018-06-05 09:36:23] app.ERROR: Argument 2 passed to Directus\Services\AbstractService::enforcePermissions() must be of the type array, null given, called in /Users/rijkvanzanten/Development/api/src/core/Directus/Services/ItemsService.php on line 121 [] []
[2018-06-05 09:44:34] app.ERROR: $record must an array or a subclass of AbstractRowGateway [] []
[2018-06-05 13:41:14] app.ERROR: Failed generating the SQL query. [] []
[2018-06-05 13:41:21] app.ERROR: Failed generating the SQL query. [] []
[2018-06-05 13:49:23] app.ERROR: Invalid field "message" [] []
[2018-06-05 13:49:58] app.ERROR: Invalid field "message" [] []
[2018-06-05 13:50:51] app.ERROR: Invalid field "message" [] []
[2018-06-05 14:34:10] app.ERROR: Invalid field "" [] []
[2018-06-05 14:41:12] app.ERROR: Invalid field "" [] []
[2018-06-05 14:41:15] app.ERROR: Invalid field "" [] []
[2018-06-05 14:42:33] app.ERROR: Invalid field "" [] []
[2018-06-05 14:43:46] app.ERROR: Invalid field "" [] []
[2018-06-05 14:43:53] app.ERROR: Invalid field "message" [] []
[2018-06-05 15:05:24] app.ERROR: Invalid field "message" [] []
[2018-06-05 15:05:32] app.ERROR: Invalid field "message" [] []
[2018-06-05 15:57:46] app.ERROR: Invalid field "message" [] []
[2018-06-05 16:00:47] app.ERROR: Invalid field "message" [] []
[2018-06-05 16:02:44] app.ERROR: Invalid field "" [] []
[2018-06-05 16:03:28] app.ERROR: Invalid field "message" [] []
[2018-06-05 16:04:15] app.ERROR: Invalid field "message" [] []
[2018-06-07 15:35:43] app.ERROR: Invalid field "message" [] []
[2018-06-07 15:37:05] app.ERROR: Invalid field "message" [] []
[2018-06-07 15:37:18] app.ERROR: Invalid field "message" [] []
[2018-06-07 15:37:59] app.ERROR: Invalid field "message" [] []
[2018-06-07 15:38:02] app.ERROR: Invalid field "message" [] []
[2018-06-07 15:38:09] app.ERROR: Invalid field "message" [] []
[2018-06-07 16:00:13] app.ERROR: Invalid field "" [] []
[2018-06-07 16:00:14] app.ERROR: Invalid field "message" [] []
[2018-06-07 16:08:10] app.ERROR: Invalid field "message" [] []
[2018-06-07 16:18:54] app.ERROR: Invalid field "rijk" [] []
[2018-06-07 16:32:07] app.ERROR: Invalid field "rijk" [] []
[2018-06-07 16:34:42] app.ERROR: Invalid field "rijk" [] []
[2018-06-07 16:39:25] app.ERROR: Invalid field "rijk" [] []
[2018-06-07 16:54:52] app.ERROR: Invalid field "rijk" [] []
[2018-06-07 16:54:54] app.ERROR: Invalid field "message" [] []
[2018-06-07 16:55:14] app.ERROR: Invalid field "" [] []
[2018-06-07 17:07:38] app.ERROR: Invalid field "rijk" [] []
[2018-06-07 17:07:40] app.ERROR: Invalid field "rijk" [] []
[2018-06-07 17:07:48] app.ERROR: Invalid field "rijk" [] []
[2018-06-11 10:18:33] app.ERROR: User not found [] []
[2018-06-11 10:18:43] app.ERROR: User not found [] []
[2018-06-11 10:19:05] app.ERROR: Invalid user credentials [] []
[2018-06-11 10:19:29] app.ERROR: User not found [] []
[2018-06-11 10:19:34] app.ERROR: Invalid user credentials [] []
[2018-06-11 10:19:41] app.ERROR: Invalid user credentials [] []
[2018-06-11 10:19:53] app.ERROR: Invalid field "message" [] []
[2018-06-11 10:20:19] app.ERROR: Invalid field "message" [] []
