[2018-06-21 10:49:37] api[].ERROR: Directus\Exception\UnauthorizedException: Only Admin can see this information in /Users/rijkvanzanten/Development/api/src/core/Directus/Services/ServerService.php:14
Stack trace:
#0 /Users/rijkvanzanten/Development/api/src/endpoints/Home.php(15): Directus\Services\ServerService->findAllInfo()
#1 [internal function]: Directus\Api\Routes\Home->__invoke(Object(Directus\Application\Http\Request), Object(Directus\Application\Http\Response), Array)
#2 /Users/rijkvanzanten/Development/api/vendor/slim/slim/Slim/Handlers/Strategies/RequestResponse.php(41): call_user_func(Array, Object(Directus\Application\Http\Request), Object(Directus\Application\Http\Response), Array)
#3 /Users/rijkvanzanten/Development/api/vendor/slim/slim/Slim/Route.php(335): Slim\Handlers\Strategies\RequestResponse->__invoke(Array, Object(Directus\Application\Http\Request), Object(Directus\Application\Http\Response), Array)
#4 /Users/rijkvanzanten/Development/api/src/core/Directus/Application/Http/Middleware/AuthenticationMiddleware.php(69): Slim\Route->__invoke(Object(Directus\Application\Http\Request), Object(Directus\Application\Http\Response))
#5 [internal function]: Directus\Application\Http\Middleware\AuthenticationMiddleware->__invoke(Object(Directus\Application\Http\Request), Object(Directus\Application\Http\Response), Object(Slim\Route))
#6 /Users/rijkvanzanten/Development/api/vendor/slim/slim/Slim/DeferredCallable.php(43): call_user_func_array(Object(Directus\Application\Http\Middleware\AuthenticationMiddleware), Array)
#7 [internal function]: Slim\DeferredCallable->__invoke(Object(Directus\Application\Http\Request), Object(Directus\Application\Http\Response), Object(Slim\Route))
#8 /Users/rijkvanzanten/Development/api/vendor/slim/slim/Slim/MiddlewareAwareTrait.php(70): call_user_func(Object(Slim\DeferredCallable), Object(Directus\Application\Http\Request), Object(Directus\Application\Http\Response), Object(Slim\Route))
#9 /Users/rijkvanzanten/Development/api/vendor/slim/slim/Slim/MiddlewareAwareTrait.php(117): Slim\Route->Slim\{closure}(Object(Directus\Application\Http\Request), Object(Directus\Application\Http\Response))
#10 /Users/rijkvanzanten/Development/api/vendor/slim/slim/Slim/Route.php(313): Slim\Route->callMiddlewareStack(Object(Directus\Application\Http\Request), Object(Directus\Application\Http\Response))
#11 /Users/rijkvanzanten/Development/api/vendor/slim/slim/Slim/App.php(513): Slim\Route->run(Object(Directus\Application\Http\Request), Object(Directus\Application\Http\Response))
#12 /Users/rijkvanzanten/Development/api/src/core/Directus/Application/Http/Middleware/TableGatewayMiddleware.php(39): Slim\App->__invoke(Object(Directus\Application\Http\Request), Object(Directus\Application\Http\Response))
#13 [internal function]: Directus\Application\Http\Middleware\TableGatewayMiddleware->__invoke(Object(Directus\Application\Http\Request), Object(Directus\Application\Http\Response), Object(Directus\Application\Application))
#14 /Users/rijkvanzanten/Development/api/vendor/slim/slim/Slim/DeferredCallable.php(43): call_user_func_array(Object(Directus\Application\Http\Middleware\TableGatewayMiddleware), Array)
#15 [internal function]: Slim\DeferredCallable->__invoke(Object(Directus\Application\Http\Request), Object(Directus\Application\Http\Response), Object(Directus\Application\Application))
#16 /Users/rijkvanzanten/Development/api/vendor/slim/slim/Slim/MiddlewareAwareTrait.php(70): call_user_func(Object(Slim\DeferredCallable), Object(Directus\Application\Http\Request), Object(Directus\Application\Http\Response), Object(Directus\Application\Application))
#17 /Users/rijkvanzanten/Development/api/src/core/Directus/Application/Http/Middleware/AbstractRateLimitMiddleware.php(34): Slim\App->Slim\{closure}(Object(Directus\Application\Http\Request), Object(Directus\Application\Http\Response))
#18 [internal function]: Directus\Application\Http\Middleware\AbstractRateLimitMiddleware->__invoke(Object(Directus\Application\Http\Request), Object(Directus\Application\Http\Response), Object(Closure))
#19 /Users/rijkvanzanten/Development/api/vendor/slim/slim/Slim/DeferredCallable.php(43): call_user_func_array(Object(Directus\Application\Http\Middleware\IpRateLimitMiddleware), Array)
#20 [internal function]: Slim\DeferredCallable->__invoke(Object(Directus\Application\Http\Request), Object(Directus\Application\Http\Response), Object(Closure))
#21 /Users/rijkvanzanten/Development/api/vendor/slim/slim/Slim/MiddlewareAwareTrait.php(70): call_user_func(Object(Slim\DeferredCallable), Object(Directus\Application\Http\Request), Object(Directus\Application\Http\Response), Object(Closure))
#22 /Users/rijkvanzanten/Development/api/vendor/akrabat/rka-ip-address-middleware/src/IpAddress.php(93): Slim\App->Slim\{closure}(Object(Directus\Application\Http\Request), Object(Directus\Application\Http\Response))
#23 [internal function]: RKA\Middleware\IpAddress->__invoke(Object(Directus\Application\Http\Request), Object(Directus\Application\Http\Response), Object(Closure))
#24 /Users/rijkvanzanten/Development/api/vendor/slim/slim/Slim/DeferredCallable.php(43): call_user_func_array(Object(RKA\Middleware\IpAddress), Array)
#25 [internal function]: Slim\DeferredCallable->__invoke(Object(Directus\Application\Http\Request), Object(Directus\Application\Http\Response), Object(Closure))
#26 /Users/rijkvanzanten/Development/api/vendor/slim/slim/Slim/MiddlewareAwareTrait.php(70): call_user_func(Object(Slim\DeferredCallable), Object(Directus\Application\Http\Request), Object(Directus\Application\Http\Response), Object(Closure))
#27 /Users/rijkvanzanten/Development/api/src/core/Directus/Application/Http/Middleware/CorsMiddleware.php(20): Slim\App->Slim\{closure}(Object(Directus\Application\Http\Request), Object(Directus\Application\Http\Response))
#28 [internal function]: Directus\Application\Http\Middleware\CorsMiddleware->__invoke(Object(Directus\Application\Http\Request), Object(Directus\Application\Http\Response), Object(Closure))
#29 /Users/rijkvanzanten/Development/api/vendor/slim/slim/Slim/DeferredCallable.php(43): call_user_func_array(Object(Directus\Application\Http\Middleware\CorsMiddleware), Array)
#30 [internal function]: Slim\DeferredCallable->__invoke(Object(Directus\Application\Http\Request), Object(Directus\Application\Http\Response), Object(Closure))
#31 /Users/rijkvanzanten/Development/api/vendor/slim/slim/Slim/MiddlewareAwareTrait.php(70): call_user_func(Object(Slim\DeferredCallable), Object(Directus\Application\Http\Request), Object(Directus\Application\Http\Response), Object(Closure))
#32 /Users/rijkvanzanten/Development/api/src/core/Directus/Application/Http/Middleware/ResponseCacheMiddleware.php(47): Slim\App->Slim\{closure}(Object(Directus\Application\Http\Request), Object(Directus\Application\Http\Response))
#33 [internal function]: Directus\Application\Http\Middleware\ResponseCacheMiddleware->__invoke(Object(Directus\Application\Http\Request), Object(Directus\Application\Http\Response), Object(Closure))
#34 /Users/rijkvanzanten/Development/api/vendor/slim/slim/Slim/DeferredCallable.php(43): call_user_func_array(Object(Directus\Application\Http\Middleware\ResponseCacheMiddleware), Array)
#35 [internal function]: Slim\DeferredCallable->__invoke(Object(Directus\Application\Http\Request), Object(Directus\Application\Http\Response), Object(Closure))
#36 /Users/rijkvanzanten/Development/api/vendor/slim/slim/Slim/MiddlewareAwareTrait.php(70): call_user_func(Object(Slim\DeferredCallable), Object(Directus\Application\Http\Request), Object(Directus\Application\Http\Response), Object(Closure))
#37 /Users/rijkvanzanten/Development/api/vendor/slim/slim/Slim/MiddlewareAwareTrait.php(117): Slim\App->Slim\{closure}(Object(Directus\Application\Http\Request), Object(Directus\Application\Http\Response))
#38 /Users/rijkvanzanten/Development/api/vendor/slim/slim/Slim/App.php(406): Slim\App->callMiddlewareStack(Object(Directus\Application\Http\Request), Object(Directus\Application\Http\Response))
#39 /Users/rijkvanzanten/Development/api/vendor/slim/slim/Slim/App.php(314): Slim\App->process(Object(Directus\Application\Http\Request), Object(Directus\Application\Http\Response))
#40 /Users/rijkvanzanten/Development/api/src/core/Directus/Application/Application.php(161): Slim\App->run(false)
#41 /Users/rijkvanzanten/Development/api/public/index.php(5): Directus\Application\Application->run()
#42 {main} [] []
[2018-06-21 10:49:39] api[].ERROR: Directus\Exception\UnauthorizedException: Only Admin can see this information in /Users/rijkvanzanten/Development/api/src/core/Directus/Services/ServerService.php:14
Stack trace:
#0 /Users/rijkvanzanten/Development/api/src/endpoints/Home.php(15): Directus\Services\ServerService->findAllInfo()
#1 [internal function]: Directus\Api\Routes\Home->__invoke(Object(Directus\Application\Http\Request), Object(Directus\Application\Http\Response), Array)
#2 /Users/rijkvanzanten/Development/api/vendor/slim/slim/Slim/Handlers/Strategies/RequestResponse.php(41): call_user_func(Array, Object(Directus\Application\Http\Request), Object(Directus\Application\Http\Response), Array)
#3 /Users/rijkvanzanten/Development/api/vendor/slim/slim/Slim/Route.php(335): Slim\Handlers\Strategies\RequestResponse->__invoke(Array, Object(Directus\Application\Http\Request), Object(Directus\Application\Http\Response), Array)
#4 /Users/rijkvanzanten/Development/api/src/core/Directus/Application/Http/Middleware/AuthenticationMiddleware.php(69): Slim\Route->__invoke(Object(Directus\Application\Http\Request), Object(Directus\Application\Http\Response))
#5 [internal function]: Directus\Application\Http\Middleware\AuthenticationMiddleware->__invoke(Object(Directus\Application\Http\Request), Object(Directus\Application\Http\Response), Object(Slim\Route))
#6 /Users/rijkvanzanten/Development/api/vendor/slim/slim/Slim/DeferredCallable.php(43): call_user_func_array(Object(Directus\Application\Http\Middleware\AuthenticationMiddleware), Array)
#7 [internal function]: Slim\DeferredCallable->__invoke(Object(Directus\Application\Http\Request), Object(Directus\Application\Http\Response), Object(Slim\Route))
#8 /Users/rijkvanzanten/Development/api/vendor/slim/slim/Slim/MiddlewareAwareTrait.php(70): call_user_func(Object(Slim\DeferredCallable), Object(Directus\Application\Http\Request), Object(Directus\Application\Http\Response), Object(Slim\Route))
#9 /Users/rijkvanzanten/Development/api/vendor/slim/slim/Slim/MiddlewareAwareTrait.php(117): Slim\Route->Slim\{closure}(Object(Directus\Application\Http\Request), Object(Directus\Application\Http\Response))
#10 /Users/rijkvanzanten/Development/api/vendor/slim/slim/Slim/Route.php(313): Slim\Route->callMiddlewareStack(Object(Directus\Application\Http\Request), Object(Directus\Application\Http\Response))
#11 /Users/rijkvanzanten/Development/api/vendor/slim/slim/Slim/App.php(513): Slim\Route->run(Object(Directus\Application\Http\Request), Object(Directus\Application\Http\Response))
#12 /Users/rijkvanzanten/Development/api/src/core/Directus/Application/Http/Middleware/TableGatewayMiddleware.php(39): Slim\App->__invoke(Object(Directus\Application\Http\Request), Object(Directus\Application\Http\Response))
#13 [internal function]: Directus\Application\Http\Middleware\TableGatewayMiddleware->__invoke(Object(Directus\Application\Http\Request), Object(Directus\Application\Http\Response), Object(Directus\Application\Application))
#14 /Users/rijkvanzanten/Development/api/vendor/slim/slim/Slim/DeferredCallable.php(43): call_user_func_array(Object(Directus\Application\Http\Middleware\TableGatewayMiddleware), Array)
#15 [internal function]: Slim\DeferredCallable->__invoke(Object(Directus\Application\Http\Request), Object(Directus\Application\Http\Response), Object(Directus\Application\Application))
#16 /Users/rijkvanzanten/Development/api/vendor/slim/slim/Slim/MiddlewareAwareTrait.php(70): call_user_func(Object(Slim\DeferredCallable), Object(Directus\Application\Http\Request), Object(Directus\Application\Http\Response), Object(Directus\Application\Application))
#17 /Users/rijkvanzanten/Development/api/src/core/Directus/Application/Http/Middleware/AbstractRateLimitMiddleware.php(34): Slim\App->Slim\{closure}(Object(Directus\Application\Http\Request), Object(Directus\Application\Http\Response))
#18 [internal function]: Directus\Application\Http\Middleware\AbstractRateLimitMiddleware->__invoke(Object(Directus\Application\Http\Request), Object(Directus\Application\Http\Response), Object(Closure))
#19 /Users/rijkvanzanten/Development/api/vendor/slim/slim/Slim/DeferredCallable.php(43): call_user_func_array(Object(Directus\Application\Http\Middleware\IpRateLimitMiddleware), Array)
#20 [internal function]: Slim\DeferredCallable->__invoke(Object(Directus\Application\Http\Request), Object(Directus\Application\Http\Response), Object(Closure))
#21 /Users/rijkvanzanten/Development/api/vendor/slim/slim/Slim/MiddlewareAwareTrait.php(70): call_user_func(Object(Slim\DeferredCallable), Object(Directus\Application\Http\Request), Object(Directus\Application\Http\Response), Object(Closure))
#22 /Users/rijkvanzanten/Development/api/vendor/akrabat/rka-ip-address-middleware/src/IpAddress.php(93): Slim\App->Slim\{closure}(Object(Directus\Application\Http\Request), Object(Directus\Application\Http\Response))
#23 [internal function]: RKA\Middleware\IpAddress->__invoke(Object(Directus\Application\Http\Request), Object(Directus\Application\Http\Response), Object(Closure))
#24 /Users/rijkvanzanten/Development/api/vendor/slim/slim/Slim/DeferredCallable.php(43): call_user_func_array(Object(RKA\Middleware\IpAddress), Array)
#25 [internal function]: Slim\DeferredCallable->__invoke(Object(Directus\Application\Http\Request), Object(Directus\Application\Http\Response), Object(Closure))
#26 /Users/rijkvanzanten/Development/api/vendor/slim/slim/Slim/MiddlewareAwareTrait.php(70): call_user_func(Object(Slim\DeferredCallable), Object(Directus\Application\Http\Request), Object(Directus\Application\Http\Response), Object(Closure))
#27 /Users/rijkvanzanten/Development/api/src/core/Directus/Application/Http/Middleware/CorsMiddleware.php(20): Slim\App->Slim\{closure}(Object(Directus\Application\Http\Request), Object(Directus\Application\Http\Response))
#28 [internal function]: Directus\Application\Http\Middleware\CorsMiddleware->__invoke(Object(Directus\Application\Http\Request), Object(Directus\Application\Http\Response), Object(Closure))
#29 /Users/rijkvanzanten/Development/api/vendor/slim/slim/Slim/DeferredCallable.php(43): call_user_func_array(Object(Directus\Application\Http\Middleware\CorsMiddleware), Array)
#30 [internal function]: Slim\DeferredCallable->__invoke(Object(Directus\Application\Http\Request), Object(Directus\Application\Http\Response), Object(Closure))
#31 /Users/rijkvanzanten/Development/api/vendor/slim/slim/Slim/MiddlewareAwareTrait.php(70): call_user_func(Object(Slim\DeferredCallable), Object(Directus\Application\Http\Request), Object(Directus\Application\Http\Response), Object(Closure))
#32 /Users/rijkvanzanten/Development/api/src/core/Directus/Application/Http/Middleware/ResponseCacheMiddleware.php(47): Slim\App->Slim\{closure}(Object(Directus\Application\Http\Request), Object(Directus\Application\Http\Response))
#33 [internal function]: Directus\Application\Http\Middleware\ResponseCacheMiddleware->__invoke(Object(Directus\Application\Http\Request), Object(Directus\Application\Http\Response), Object(Closure))
#34 /Users/rijkvanzanten/Development/api/vendor/slim/slim/Slim/DeferredCallable.php(43): call_user_func_array(Object(Directus\Application\Http\Middleware\ResponseCacheMiddleware), Array)
#35 [internal function]: Slim\DeferredCallable->__invoke(Object(Directus\Application\Http\Request), Object(Directus\Application\Http\Response), Object(Closure))
#36 /Users/rijkvanzanten/Development/api/vendor/slim/slim/Slim/MiddlewareAwareTrait.php(70): call_user_func(Object(Slim\DeferredCallable), Object(Directus\Application\Http\Request), Object(Directus\Application\Http\Response), Object(Closure))
#37 /Users/rijkvanzanten/Development/api/vendor/slim/slim/Slim/MiddlewareAwareTrait.php(117): Slim\App->Slim\{closure}(Object(Directus\Application\Http\Request), Object(Directus\Application\Http\Response))
#38 /Users/rijkvanzanten/Development/api/vendor/slim/slim/Slim/App.php(406): Slim\App->callMiddlewareStack(Object(Directus\Application\Http\Request), Object(Directus\Application\Http\Response))
#39 /Users/rijkvanzanten/Development/api/vendor/slim/slim/Slim/App.php(314): Slim\App->process(Object(Directus\Application\Http\Request), Object(Directus\Application\Http\Response))
#40 /Users/rijkvanzanten/Development/api/src/core/Directus/Application/Application.php(161): Slim\App->run(false)
#41 /Users/rijkvanzanten/Development/api/public/index.php(5): Directus\Application\Application->run()
#42 {main} [] []
[2018-06-21 10:49:39] api[].ERROR: Directus\Exception\UnauthorizedException: Only Admin can see this information in /Users/rijkvanzanten/Development/api/src/core/Directus/Services/ServerService.php:14
Stack trace:
#0 /Users/rijkvanzanten/Development/api/src/endpoints/Home.php(15): Directus\Services\ServerService->findAllInfo()
#1 [internal function]: Directus\Api\Routes\Home->__invoke(Object(Directus\Application\Http\Request), Object(Directus\Application\Http\Response), Array)
#2 /Users/rijkvanzanten/Development/api/vendor/slim/slim/Slim/Handlers/Strategies/RequestResponse.php(41): call_user_func(Array, Object(Directus\Application\Http\Request), Object(Directus\Application\Http\Response), Array)
#3 /Users/rijkvanzanten/Development/api/vendor/slim/slim/Slim/Route.php(335): Slim\Handlers\Strategies\RequestResponse->__invoke(Array, Object(Directus\Application\Http\Request), Object(Directus\Application\Http\Response), Array)
#4 /Users/rijkvanzanten/Development/api/src/core/Directus/Application/Http/Middleware/AuthenticationMiddleware.php(69): Slim\Route->__invoke(Object(Directus\Application\Http\Request), Object(Directus\Application\Http\Response))
#5 [internal function]: Directus\Application\Http\Middleware\AuthenticationMiddleware->__invoke(Object(Directus\Application\Http\Request), Object(Directus\Application\Http\Response), Object(Slim\Route))
#6 /Users/rijkvanzanten/Development/api/vendor/slim/slim/Slim/DeferredCallable.php(43): call_user_func_array(Object(Directus\Application\Http\Middleware\AuthenticationMiddleware), Array)
#7 [internal function]: Slim\DeferredCallable->__invoke(Object(Directus\Application\Http\Request), Object(Directus\Application\Http\Response), Object(Slim\Route))
#8 /Users/rijkvanzanten/Development/api/vendor/slim/slim/Slim/MiddlewareAwareTrait.php(70): call_user_func(Object(Slim\DeferredCallable), Object(Directus\Application\Http\Request), Object(Directus\Application\Http\Response), Object(Slim\Route))
#9 /Users/rijkvanzanten/Development/api/vendor/slim/slim/Slim/MiddlewareAwareTrait.php(117): Slim\Route->Slim\{closure}(Object(Directus\Application\Http\Request), Object(Directus\Application\Http\Response))
#10 /Users/rijkvanzanten/Development/api/vendor/slim/slim/Slim/Route.php(313): Slim\Route->callMiddlewareStack(Object(Directus\Application\Http\Request), Object(Directus\Application\Http\Response))
#11 /Users/rijkvanzanten/Development/api/vendor/slim/slim/Slim/App.php(513): Slim\Route->run(Object(Directus\Application\Http\Request), Object(Directus\Application\Http\Response))
#12 /Users/rijkvanzanten/Development/api/src/core/Directus/Application/Http/Middleware/TableGatewayMiddleware.php(39): Slim\App->__invoke(Object(Directus\Application\Http\Request), Object(Directus\Application\Http\Response))
#13 [internal function]: Directus\Application\Http\Middleware\TableGatewayMiddleware->__invoke(Object(Directus\Application\Http\Request), Object(Directus\Application\Http\Response), Object(Directus\Application\Application))
#14 /Users/rijkvanzanten/Development/api/vendor/slim/slim/Slim/DeferredCallable.php(43): call_user_func_array(Object(Directus\Application\Http\Middleware\TableGatewayMiddleware), Array)
#15 [internal function]: Slim\DeferredCallable->__invoke(Object(Directus\Application\Http\Request), Object(Directus\Application\Http\Response), Object(Directus\Application\Application))
#16 /Users/rijkvanzanten/Development/api/vendor/slim/slim/Slim/MiddlewareAwareTrait.php(70): call_user_func(Object(Slim\DeferredCallable), Object(Directus\Application\Http\Request), Object(Directus\Application\Http\Response), Object(Directus\Application\Application))
#17 /Users/rijkvanzanten/Development/api/src/core/Directus/Application/Http/Middleware/AbstractRateLimitMiddleware.php(34): Slim\App->Slim\{closure}(Object(Directus\Application\Http\Request), Object(Directus\Application\Http\Response))
#18 [internal function]: Directus\Application\Http\Middleware\AbstractRateLimitMiddleware->__invoke(Object(Directus\Application\Http\Request), Object(Directus\Application\Http\Response), Object(Closure))
#19 /Users/rijkvanzanten/Development/api/vendor/slim/slim/Slim/DeferredCallable.php(43): call_user_func_array(Object(Directus\Application\Http\Middleware\IpRateLimitMiddleware), Array)
#20 [internal function]: Slim\DeferredCallable->__invoke(Object(Directus\Application\Http\Request), Object(Directus\Application\Http\Response), Object(Closure))
#21 /Users/rijkvanzanten/Development/api/vendor/slim/slim/Slim/MiddlewareAwareTrait.php(70): call_user_func(Object(Slim\DeferredCallable), Object(Directus\Application\Http\Request), Object(Directus\Application\Http\Response), Object(Closure))
#22 /Users/rijkvanzanten/Development/api/vendor/akrabat/rka-ip-address-middleware/src/IpAddress.php(93): Slim\App->Slim\{closure}(Object(Directus\Application\Http\Request), Object(Directus\Application\Http\Response))
#23 [internal function]: RKA\Middleware\IpAddress->__invoke(Object(Directus\Application\Http\Request), Object(Directus\Application\Http\Response), Object(Closure))
#24 /Users/rijkvanzanten/Development/api/vendor/slim/slim/Slim/DeferredCallable.php(43): call_user_func_array(Object(RKA\Middleware\IpAddress), Array)
#25 [internal function]: Slim\DeferredCallable->__invoke(Object(Directus\Application\Http\Request), Object(Directus\Application\Http\Response), Object(Closure))
#26 /Users/rijkvanzanten/Development/api/vendor/slim/slim/Slim/MiddlewareAwareTrait.php(70): call_user_func(Object(Slim\DeferredCallable), Object(Directus\Application\Http\Request), Object(Directus\Application\Http\Response), Object(Closure))
#27 /Users/rijkvanzanten/Development/api/src/core/Directus/Application/Http/Middleware/CorsMiddleware.php(20): Slim\App->Slim\{closure}(Object(Directus\Application\Http\Request), Object(Directus\Application\Http\Response))
#28 [internal function]: Directus\Application\Http\Middleware\CorsMiddleware->__invoke(Object(Directus\Application\Http\Request), Object(Directus\Application\Http\Response), Object(Closure))
#29 /Users/rijkvanzanten/Development/api/vendor/slim/slim/Slim/DeferredCallable.php(43): call_user_func_array(Object(Directus\Application\Http\Middleware\CorsMiddleware), Array)
#30 [internal function]: Slim\DeferredCallable->__invoke(Object(Directus\Application\Http\Request), Object(Directus\Application\Http\Response), Object(Closure))
#31 /Users/rijkvanzanten/Development/api/vendor/slim/slim/Slim/MiddlewareAwareTrait.php(70): call_user_func(Object(Slim\DeferredCallable), Object(Directus\Application\Http\Request), Object(Directus\Application\Http\Response), Object(Closure))
#32 /Users/rijkvanzanten/Development/api/src/core/Directus/Application/Http/Middleware/ResponseCacheMiddleware.php(47): Slim\App->Slim\{closure}(Object(Directus\Application\Http\Request), Object(Directus\Application\Http\Response))
#33 [internal function]: Directus\Application\Http\Middleware\ResponseCacheMiddleware->__invoke(Object(Directus\Application\Http\Request), Object(Directus\Application\Http\Response), Object(Closure))
#34 /Users/rijkvanzanten/Development/api/vendor/slim/slim/Slim/DeferredCallable.php(43): call_user_func_array(Object(Directus\Application\Http\Middleware\ResponseCacheMiddleware), Array)
#35 [internal function]: Slim\DeferredCallable->__invoke(Object(Directus\Application\Http\Request), Object(Directus\Application\Http\Response), Object(Closure))
#36 /Users/rijkvanzanten/Development/api/vendor/slim/slim/Slim/MiddlewareAwareTrait.php(70): call_user_func(Object(Slim\DeferredCallable), Object(Directus\Application\Http\Request), Object(Directus\Application\Http\Response), Object(Closure))
#37 /Users/rijkvanzanten/Development/api/vendor/slim/slim/Slim/MiddlewareAwareTrait.php(117): Slim\App->Slim\{closure}(Object(Directus\Application\Http\Request), Object(Directus\Application\Http\Response))
#38 /Users/rijkvanzanten/Development/api/vendor/slim/slim/Slim/App.php(406): Slim\App->callMiddlewareStack(Object(Directus\Application\Http\Request), Object(Directus\Application\Http\Response))
#39 /Users/rijkvanzanten/Development/api/vendor/slim/slim/Slim/App.php(314): Slim\App->process(Object(Directus\Application\Http\Request), Object(Directus\Application\Http\Response))
#40 /Users/rijkvanzanten/Development/api/src/core/Directus/Application/Application.php(161): Slim\App->run(false)
#41 /Users/rijkvanzanten/Development/api/public/index.php(5): Directus\Application\Application->run()
#42 {main} [] []
[2018-06-21 10:49:39] api[].ERROR: Directus\Exception\UnauthorizedException: Only Admin can see this information in /Users/rijkvanzanten/Development/api/src/core/Directus/Services/ServerService.php:14
Stack trace:
#0 /Users/rijkvanzanten/Development/api/src/endpoints/Home.php(15): Directus\Services\ServerService->findAllInfo()
#1 [internal function]: Directus\Api\Routes\Home->__invoke(Object(Directus\Application\Http\Request), Object(Directus\Application\Http\Response), Array)
#2 /Users/rijkvanzanten/Development/api/vendor/slim/slim/Slim/Handlers/Strategies/RequestResponse.php(41): call_user_func(Array, Object(Directus\Application\Http\Request), Object(Directus\Application\Http\Response), Array)
#3 /Users/rijkvanzanten/Development/api/vendor/slim/slim/Slim/Route.php(335): Slim\Handlers\Strategies\RequestResponse->__invoke(Array, Object(Directus\Application\Http\Request), Object(Directus\Application\Http\Response), Array)
#4 /Users/rijkvanzanten/Development/api/src/core/Directus/Application/Http/Middleware/AuthenticationMiddleware.php(69): Slim\Route->__invoke(Object(Directus\Application\Http\Request), Object(Directus\Application\Http\Response))
#5 [internal function]: Directus\Application\Http\Middleware\AuthenticationMiddleware->__invoke(Object(Directus\Application\Http\Request), Object(Directus\Application\Http\Response), Object(Slim\Route))
#6 /Users/rijkvanzanten/Development/api/vendor/slim/slim/Slim/DeferredCallable.php(43): call_user_func_array(Object(Directus\Application\Http\Middleware\AuthenticationMiddleware), Array)
#7 [internal function]: Slim\DeferredCallable->__invoke(Object(Directus\Application\Http\Request), Object(Directus\Application\Http\Response), Object(Slim\Route))
#8 /Users/rijkvanzanten/Development/api/vendor/slim/slim/Slim/MiddlewareAwareTrait.php(70): call_user_func(Object(Slim\DeferredCallable), Object(Directus\Application\Http\Request), Object(Directus\Application\Http\Response), Object(Slim\Route))
#9 /Users/rijkvanzanten/Development/api/vendor/slim/slim/Slim/MiddlewareAwareTrait.php(117): Slim\Route->Slim\{closure}(Object(Directus\Application\Http\Request), Object(Directus\Application\Http\Response))
#10 /Users/rijkvanzanten/Development/api/vendor/slim/slim/Slim/Route.php(313): Slim\Route->callMiddlewareStack(Object(Directus\Application\Http\Request), Object(Directus\Application\Http\Response))
#11 /Users/rijkvanzanten/Development/api/vendor/slim/slim/Slim/App.php(513): Slim\Route->run(Object(Directus\Application\Http\Request), Object(Directus\Application\Http\Response))
#12 /Users/rijkvanzanten/Development/api/src/core/Directus/Application/Http/Middleware/TableGatewayMiddleware.php(39): Slim\App->__invoke(Object(Directus\Application\Http\Request), Object(Directus\Application\Http\Response))
#13 [internal function]: Directus\Application\Http\Middleware\TableGatewayMiddleware->__invoke(Object(Directus\Application\Http\Request), Object(Directus\Application\Http\Response), Object(Directus\Application\Application))
#14 /Users/rijkvanzanten/Development/api/vendor/slim/slim/Slim/DeferredCallable.php(43): call_user_func_array(Object(Directus\Application\Http\Middleware\TableGatewayMiddleware), Array)
#15 [internal function]: Slim\DeferredCallable->__invoke(Object(Directus\Application\Http\Request), Object(Directus\Application\Http\Response), Object(Directus\Application\Application))
#16 /Users/rijkvanzanten/Development/api/vendor/slim/slim/Slim/MiddlewareAwareTrait.php(70): call_user_func(Object(Slim\DeferredCallable), Object(Directus\Application\Http\Request), Object(Directus\Application\Http\Response), Object(Directus\Application\Application))
#17 /Users/rijkvanzanten/Development/api/src/core/Directus/Application/Http/Middleware/AbstractRateLimitMiddleware.php(34): Slim\App->Slim\{closure}(Object(Directus\Application\Http\Request), Object(Directus\Application\Http\Response))
#18 [internal function]: Directus\Application\Http\Middleware\AbstractRateLimitMiddleware->__invoke(Object(Directus\Application\Http\Request), Object(Directus\Application\Http\Response), Object(Closure))
#19 /Users/rijkvanzanten/Development/api/vendor/slim/slim/Slim/DeferredCallable.php(43): call_user_func_array(Object(Directus\Application\Http\Middleware\IpRateLimitMiddleware), Array)
#20 [internal function]: Slim\DeferredCallable->__invoke(Object(Directus\Application\Http\Request), Object(Directus\Application\Http\Response), Object(Closure))
#21 /Users/rijkvanzanten/Development/api/vendor/slim/slim/Slim/MiddlewareAwareTrait.php(70): call_user_func(Object(Slim\DeferredCallable), Object(Directus\Application\Http\Request), Object(Directus\Application\Http\Response), Object(Closure))
#22 /Users/rijkvanzanten/Development/api/vendor/akrabat/rka-ip-address-middleware/src/IpAddress.php(93): Slim\App->Slim\{closure}(Object(Directus\Application\Http\Request), Object(Directus\Application\Http\Response))
#23 [internal function]: RKA\Middleware\IpAddress->__invoke(Object(Directus\Application\Http\Request), Object(Directus\Application\Http\Response), Object(Closure))
#24 /Users/rijkvanzanten/Development/api/vendor/slim/slim/Slim/DeferredCallable.php(43): call_user_func_array(Object(RKA\Middleware\IpAddress), Array)
#25 [internal function]: Slim\DeferredCallable->__invoke(Object(Directus\Application\Http\Request), Object(Directus\Application\Http\Response), Object(Closure))
#26 /Users/rijkvanzanten/Development/api/vendor/slim/slim/Slim/MiddlewareAwareTrait.php(70): call_user_func(Object(Slim\DeferredCallable), Object(Directus\Application\Http\Request), Object(Directus\Application\Http\Response), Object(Closure))
#27 /Users/rijkvanzanten/Development/api/src/core/Directus/Application/Http/Middleware/CorsMiddleware.php(20): Slim\App->Slim\{closure}(Object(Directus\Application\Http\Request), Object(Directus\Application\Http\Response))
#28 [internal function]: Directus\Application\Http\Middleware\CorsMiddleware->__invoke(Object(Directus\Application\Http\Request), Object(Directus\Application\Http\Response), Object(Closure))
#29 /Users/rijkvanzanten/Development/api/vendor/slim/slim/Slim/DeferredCallable.php(43): call_user_func_array(Object(Directus\Application\Http\Middleware\CorsMiddleware), Array)
#30 [internal function]: Slim\DeferredCallable->__invoke(Object(Directus\Application\Http\Request), Object(Directus\Application\Http\Response), Object(Closure))
#31 /Users/rijkvanzanten/Development/api/vendor/slim/slim/Slim/MiddlewareAwareTrait.php(70): call_user_func(Object(Slim\DeferredCallable), Object(Directus\Application\Http\Request), Object(Directus\Application\Http\Response), Object(Closure))
#32 /Users/rijkvanzanten/Development/api/src/core/Directus/Application/Http/Middleware/ResponseCacheMiddleware.php(47): Slim\App->Slim\{closure}(Object(Directus\Application\Http\Request), Object(Directus\Application\Http\Response))
#33 [internal function]: Directus\Application\Http\Middleware\ResponseCacheMiddleware->__invoke(Object(Directus\Application\Http\Request), Object(Directus\Application\Http\Response), Object(Closure))
#34 /Users/rijkvanzanten/Development/api/vendor/slim/slim/Slim/DeferredCallable.php(43): call_user_func_array(Object(Directus\Application\Http\Middleware\ResponseCacheMiddleware), Array)
#35 [internal function]: Slim\DeferredCallable->__invoke(Object(Directus\Application\Http\Request), Object(Directus\Application\Http\Response), Object(Closure))
#36 /Users/rijkvanzanten/Development/api/vendor/slim/slim/Slim/MiddlewareAwareTrait.php(70): call_user_func(Object(Slim\DeferredCallable), Object(Directus\Application\Http\Request), Object(Directus\Application\Http\Response), Object(Closure))
#37 /Users/rijkvanzanten/Development/api/vendor/slim/slim/Slim/MiddlewareAwareTrait.php(117): Slim\App->Slim\{closure}(Object(Directus\Application\Http\Request), Object(Directus\Application\Http\Response))
#38 /Users/rijkvanzanten/Development/api/vendor/slim/slim/Slim/App.php(406): Slim\App->callMiddlewareStack(Object(Directus\Application\Http\Request), Object(Directus\Application\Http\Response))
#39 /Users/rijkvanzanten/Development/api/vendor/slim/slim/Slim/App.php(314): Slim\App->process(Object(Directus\Application\Http\Request), Object(Directus\Application\Http\Response))
#40 /Users/rijkvanzanten/Development/api/src/core/Directus/Application/Application.php(161): Slim\App->run(false)
#41 /Users/rijkvanzanten/Development/api/public/index.php(5): Directus\Application\Application->run()
#42 {main} [] []
[2018-06-21 10:49:40] api[].ERROR: Directus\Exception\UnauthorizedException: Only Admin can see this information in /Users/rijkvanzanten/Development/api/src/core/Directus/Services/ServerService.php:14
Stack trace:
#0 /Users/rijkvanzanten/Development/api/src/endpoints/Home.php(15): Directus\Services\ServerService->findAllInfo()
#1 [internal function]: Directus\Api\Routes\Home->__invoke(Object(Directus\Application\Http\Request), Object(Directus\Application\Http\Response), Array)
#2 /Users/rijkvanzanten/Development/api/vendor/slim/slim/Slim/Handlers/Strategies/RequestResponse.php(41): call_user_func(Array, Object(Directus\Application\Http\Request), Object(Directus\Application\Http\Response), Array)
#3 /Users/rijkvanzanten/Development/api/vendor/slim/slim/Slim/Route.php(335): Slim\Handlers\Strategies\RequestResponse->__invoke(Array, Object(Directus\Application\Http\Request), Object(Directus\Application\Http\Response), Array)
#4 /Users/rijkvanzanten/Development/api/src/core/Directus/Application/Http/Middleware/AuthenticationMiddleware.php(69): Slim\Route->__invoke(Object(Directus\Application\Http\Request), Object(Directus\Application\Http\Response))
#5 [internal function]: Directus\Application\Http\Middleware\AuthenticationMiddleware->__invoke(Object(Directus\Application\Http\Request), Object(Directus\Application\Http\Response), Object(Slim\Route))
#6 /Users/rijkvanzanten/Development/api/vendor/slim/slim/Slim/DeferredCallable.php(43): call_user_func_array(Object(Directus\Application\Http\Middleware\AuthenticationMiddleware), Array)
#7 [internal function]: Slim\DeferredCallable->__invoke(Object(Directus\Application\Http\Request), Object(Directus\Application\Http\Response), Object(Slim\Route))
#8 /Users/rijkvanzanten/Development/api/vendor/slim/slim/Slim/MiddlewareAwareTrait.php(70): call_user_func(Object(Slim\DeferredCallable), Object(Directus\Application\Http\Request), Object(Directus\Application\Http\Response), Object(Slim\Route))
#9 /Users/rijkvanzanten/Development/api/vendor/slim/slim/Slim/MiddlewareAwareTrait.php(117): Slim\Route->Slim\{closure}(Object(Directus\Application\Http\Request), Object(Directus\Application\Http\Response))
#10 /Users/rijkvanzanten/Development/api/vendor/slim/slim/Slim/Route.php(313): Slim\Route->callMiddlewareStack(Object(Directus\Application\Http\Request), Object(Directus\Application\Http\Response))
#11 /Users/rijkvanzanten/Development/api/vendor/slim/slim/Slim/App.php(513): Slim\Route->run(Object(Directus\Application\Http\Request), Object(Directus\Application\Http\Response))
#12 /Users/rijkvanzanten/Development/api/src/core/Directus/Application/Http/Middleware/TableGatewayMiddleware.php(39): Slim\App->__invoke(Object(Directus\Application\Http\Request), Object(Directus\Application\Http\Response))
#13 [internal function]: Directus\Application\Http\Middleware\TableGatewayMiddleware->__invoke(Object(Directus\Application\Http\Request), Object(Directus\Application\Http\Response), Object(Directus\Application\Application))
#14 /Users/rijkvanzanten/Development/api/vendor/slim/slim/Slim/DeferredCallable.php(43): call_user_func_array(Object(Directus\Application\Http\Middleware\TableGatewayMiddleware), Array)
#15 [internal function]: Slim\DeferredCallable->__invoke(Object(Directus\Application\Http\Request), Object(Directus\Application\Http\Response), Object(Directus\Application\Application))
#16 /Users/rijkvanzanten/Development/api/vendor/slim/slim/Slim/MiddlewareAwareTrait.php(70): call_user_func(Object(Slim\DeferredCallable), Object(Directus\Application\Http\Request), Object(Directus\Application\Http\Response), Object(Directus\Application\Application))
#17 /Users/rijkvanzanten/Development/api/src/core/Directus/Application/Http/Middleware/AbstractRateLimitMiddleware.php(34): Slim\App->Slim\{closure}(Object(Directus\Application\Http\Request), Object(Directus\Application\Http\Response))
#18 [internal function]: Directus\Application\Http\Middleware\AbstractRateLimitMiddleware->__invoke(Object(Directus\Application\Http\Request), Object(Directus\Application\Http\Response), Object(Closure))
#19 /Users/rijkvanzanten/Development/api/vendor/slim/slim/Slim/DeferredCallable.php(43): call_user_func_array(Object(Directus\Application\Http\Middleware\IpRateLimitMiddleware), Array)
#20 [internal function]: Slim\DeferredCallable->__invoke(Object(Directus\Application\Http\Request), Object(Directus\Application\Http\Response), Object(Closure))
#21 /Users/rijkvanzanten/Development/api/vendor/slim/slim/Slim/MiddlewareAwareTrait.php(70): call_user_func(Object(Slim\DeferredCallable), Object(Directus\Application\Http\Request), Object(Directus\Application\Http\Response), Object(Closure))
#22 /Users/rijkvanzanten/Development/api/vendor/akrabat/rka-ip-address-middleware/src/IpAddress.php(93): Slim\App->Slim\{closure}(Object(Directus\Application\Http\Request), Object(Directus\Application\Http\Response))
#23 [internal function]: RKA\Middleware\IpAddress->__invoke(Object(Directus\Application\Http\Request), Object(Directus\Application\Http\Response), Object(Closure))
#24 /Users/rijkvanzanten/Development/api/vendor/slim/slim/Slim/DeferredCallable.php(43): call_user_func_array(Object(RKA\Middleware\IpAddress), Array)
#25 [internal function]: Slim\DeferredCallable->__invoke(Object(Directus\Application\Http\Request), Object(Directus\Application\Http\Response), Object(Closure))
#26 /Users/rijkvanzanten/Development/api/vendor/slim/slim/Slim/MiddlewareAwareTrait.php(70): call_user_func(Object(Slim\DeferredCallable), Object(Directus\Application\Http\Request), Object(Directus\Application\Http\Response), Object(Closure))
#27 /Users/rijkvanzanten/Development/api/src/core/Directus/Application/Http/Middleware/CorsMiddleware.php(20): Slim\App->Slim\{closure}(Object(Directus\Application\Http\Request), Object(Directus\Application\Http\Response))
#28 [internal function]: Directus\Application\Http\Middleware\CorsMiddleware->__invoke(Object(Directus\Application\Http\Request), Object(Directus\Application\Http\Response), Object(Closure))
#29 /Users/rijkvanzanten/Development/api/vendor/slim/slim/Slim/DeferredCallable.php(43): call_user_func_array(Object(Directus\Application\Http\Middleware\CorsMiddleware), Array)
#30 [internal function]: Slim\DeferredCallable->__invoke(Object(Directus\Application\Http\Request), Object(Directus\Application\Http\Response), Object(Closure))
#31 /Users/rijkvanzanten/Development/api/vendor/slim/slim/Slim/MiddlewareAwareTrait.php(70): call_user_func(Object(Slim\DeferredCallable), Object(Directus\Application\Http\Request), Object(Directus\Application\Http\Response), Object(Closure))
#32 /Users/rijkvanzanten/Development/api/src/core/Directus/Application/Http/Middleware/ResponseCacheMiddleware.php(47): Slim\App->Slim\{closure}(Object(Directus\Application\Http\Request), Object(Directus\Application\Http\Response))
#33 [internal function]: Directus\Application\Http\Middleware\ResponseCacheMiddleware->__invoke(Object(Directus\Application\Http\Request), Object(Directus\Application\Http\Response), Object(Closure))
#34 /Users/rijkvanzanten/Development/api/vendor/slim/slim/Slim/DeferredCallable.php(43): call_user_func_array(Object(Directus\Application\Http\Middleware\ResponseCacheMiddleware), Array)
#35 [internal function]: Slim\DeferredCallable->__invoke(Object(Directus\Application\Http\Request), Object(Directus\Application\Http\Response), Object(Closure))
#36 /Users/rijkvanzanten/Development/api/vendor/slim/slim/Slim/MiddlewareAwareTrait.php(70): call_user_func(Object(Slim\DeferredCallable), Object(Directus\Application\Http\Request), Object(Directus\Application\Http\Response), Object(Closure))
#37 /Users/rijkvanzanten/Development/api/vendor/slim/slim/Slim/MiddlewareAwareTrait.php(117): Slim\App->Slim\{closure}(Object(Directus\Application\Http\Request), Object(Directus\Application\Http\Response))
#38 /Users/rijkvanzanten/Development/api/vendor/slim/slim/Slim/App.php(406): Slim\App->callMiddlewareStack(Object(Directus\Application\Http\Request), Object(Directus\Application\Http\Response))
#39 /Users/rijkvanzanten/Development/api/vendor/slim/slim/Slim/App.php(314): Slim\App->process(Object(Directus\Application\Http\Request), Object(Directus\Application\Http\Response))
#40 /Users/rijkvanzanten/Development/api/src/core/Directus/Application/Application.php(161): Slim\App->run(false)
#41 /Users/rijkvanzanten/Development/api/public/index.php(5): Directus\Application\Application->run()
#42 {main} [] []
[2018-06-21 10:49:40] api[].ERROR: Directus\Exception\UnauthorizedException: Only Admin can see this information in /Users/rijkvanzanten/Development/api/src/core/Directus/Services/ServerService.php:14
Stack trace:
#0 /Users/rijkvanzanten/Development/api/src/endpoints/Home.php(15): Directus\Services\ServerService->findAllInfo()
#1 [internal function]: Directus\Api\Routes\Home->__invoke(Object(Directus\Application\Http\Request), Object(Directus\Application\Http\Response), Array)
#2 /Users/rijkvanzanten/Development/api/vendor/slim/slim/Slim/Handlers/Strategies/RequestResponse.php(41): call_user_func(Array, Object(Directus\Application\Http\Request), Object(Directus\Application\Http\Response), Array)
#3 /Users/rijkvanzanten/Development/api/vendor/slim/slim/Slim/Route.php(335): Slim\Handlers\Strategies\RequestResponse->__invoke(Array, Object(Directus\Application\Http\Request), Object(Directus\Application\Http\Response), Array)
#4 /Users/rijkvanzanten/Development/api/src/core/Directus/Application/Http/Middleware/AuthenticationMiddleware.php(69): Slim\Route->__invoke(Object(Directus\Application\Http\Request), Object(Directus\Application\Http\Response))
#5 [internal function]: Directus\Application\Http\Middleware\AuthenticationMiddleware->__invoke(Object(Directus\Application\Http\Request), Object(Directus\Application\Http\Response), Object(Slim\Route))
#6 /Users/rijkvanzanten/Development/api/vendor/slim/slim/Slim/DeferredCallable.php(43): call_user_func_array(Object(Directus\Application\Http\Middleware\AuthenticationMiddleware), Array)
#7 [internal function]: Slim\DeferredCallable->__invoke(Object(Directus\Application\Http\Request), Object(Directus\Application\Http\Response), Object(Slim\Route))
#8 /Users/rijkvanzanten/Development/api/vendor/slim/slim/Slim/MiddlewareAwareTrait.php(70): call_user_func(Object(Slim\DeferredCallable), Object(Directus\Application\Http\Request), Object(Directus\Application\Http\Response), Object(Slim\Route))
#9 /Users/rijkvanzanten/Development/api/vendor/slim/slim/Slim/MiddlewareAwareTrait.php(117): Slim\Route->Slim\{closure}(Object(Directus\Application\Http\Request), Object(Directus\Application\Http\Response))
#10 /Users/rijkvanzanten/Development/api/vendor/slim/slim/Slim/Route.php(313): Slim\Route->callMiddlewareStack(Object(Directus\Application\Http\Request), Object(Directus\Application\Http\Response))
#11 /Users/rijkvanzanten/Development/api/vendor/slim/slim/Slim/App.php(513): Slim\Route->run(Object(Directus\Application\Http\Request), Object(Directus\Application\Http\Response))
#12 /Users/rijkvanzanten/Development/api/src/core/Directus/Application/Http/Middleware/TableGatewayMiddleware.php(39): Slim\App->__invoke(Object(Directus\Application\Http\Request), Object(Directus\Application\Http\Response))
#13 [internal function]: Directus\Application\Http\Middleware\TableGatewayMiddleware->__invoke(Object(Directus\Application\Http\Request), Object(Directus\Application\Http\Response), Object(Directus\Application\Application))
#14 /Users/rijkvanzanten/Development/api/vendor/slim/slim/Slim/DeferredCallable.php(43): call_user_func_array(Object(Directus\Application\Http\Middleware\TableGatewayMiddleware), Array)
#15 [internal function]: Slim\DeferredCallable->__invoke(Object(Directus\Application\Http\Request), Object(Directus\Application\Http\Response), Object(Directus\Application\Application))
#16 /Users/rijkvanzanten/Development/api/vendor/slim/slim/Slim/MiddlewareAwareTrait.php(70): call_user_func(Object(Slim\DeferredCallable), Object(Directus\Application\Http\Request), Object(Directus\Application\Http\Response), Object(Directus\Application\Application))
#17 /Users/rijkvanzanten/Development/api/src/core/Directus/Application/Http/Middleware/AbstractRateLimitMiddleware.php(34): Slim\App->Slim\{closure}(Object(Directus\Application\Http\Request), Object(Directus\Application\Http\Response))
#18 [internal function]: Directus\Application\Http\Middleware\AbstractRateLimitMiddleware->__invoke(Object(Directus\Application\Http\Request), Object(Directus\Application\Http\Response), Object(Closure))
#19 /Users/rijkvanzanten/Development/api/vendor/slim/slim/Slim/DeferredCallable.php(43): call_user_func_array(Object(Directus\Application\Http\Middleware\IpRateLimitMiddleware), Array)
#20 [internal function]: Slim\DeferredCallable->__invoke(Object(Directus\Application\Http\Request), Object(Directus\Application\Http\Response), Object(Closure))
#21 /Users/rijkvanzanten/Development/api/vendor/slim/slim/Slim/MiddlewareAwareTrait.php(70): call_user_func(Object(Slim\DeferredCallable), Object(Directus\Application\Http\Request), Object(Directus\Application\Http\Response), Object(Closure))
#22 /Users/rijkvanzanten/Development/api/vendor/akrabat/rka-ip-address-middleware/src/IpAddress.php(93): Slim\App->Slim\{closure}(Object(Directus\Application\Http\Request), Object(Directus\Application\Http\Response))
#23 [internal function]: RKA\Middleware\IpAddress->__invoke(Object(Directus\Application\Http\Request), Object(Directus\Application\Http\Response), Object(Closure))
#24 /Users/rijkvanzanten/Development/api/vendor/slim/slim/Slim/DeferredCallable.php(43): call_user_func_array(Object(RKA\Middleware\IpAddress), Array)
#25 [internal function]: Slim\DeferredCallable->__invoke(Object(Directus\Application\Http\Request), Object(Directus\Application\Http\Response), Object(Closure))
#26 /Users/rijkvanzanten/Development/api/vendor/slim/slim/Slim/MiddlewareAwareTrait.php(70): call_user_func(Object(Slim\DeferredCallable), Object(Directus\Application\Http\Request), Object(Directus\Application\Http\Response), Object(Closure))
#27 /Users/rijkvanzanten/Development/api/src/core/Directus/Application/Http/Middleware/CorsMiddleware.php(20): Slim\App->Slim\{closure}(Object(Directus\Application\Http\Request), Object(Directus\Application\Http\Response))
#28 [internal function]: Directus\Application\Http\Middleware\CorsMiddleware->__invoke(Object(Directus\Application\Http\Request), Object(Directus\Application\Http\Response), Object(Closure))
#29 /Users/rijkvanzanten/Development/api/vendor/slim/slim/Slim/DeferredCallable.php(43): call_user_func_array(Object(Directus\Application\Http\Middleware\CorsMiddleware), Array)
#30 [internal function]: Slim\DeferredCallable->__invoke(Object(Directus\Application\Http\Request), Object(Directus\Application\Http\Response), Object(Closure))
#31 /Users/rijkvanzanten/Development/api/vendor/slim/slim/Slim/MiddlewareAwareTrait.php(70): call_user_func(Object(Slim\DeferredCallable), Object(Directus\Application\Http\Request), Object(Directus\Application\Http\Response), Object(Closure))
#32 /Users/rijkvanzanten/Development/api/src/core/Directus/Application/Http/Middleware/ResponseCacheMiddleware.php(47): Slim\App->Slim\{closure}(Object(Directus\Application\Http\Request), Object(Directus\Application\Http\Response))
#33 [internal function]: Directus\Application\Http\Middleware\ResponseCacheMiddleware->__invoke(Object(Directus\Application\Http\Request), Object(Directus\Application\Http\Response), Object(Closure))
#34 /Users/rijkvanzanten/Development/api/vendor/slim/slim/Slim/DeferredCallable.php(43): call_user_func_array(Object(Directus\Application\Http\Middleware\ResponseCacheMiddleware), Array)
#35 [internal function]: Slim\DeferredCallable->__invoke(Object(Directus\Application\Http\Request), Object(Directus\Application\Http\Response), Object(Closure))
#36 /Users/rijkvanzanten/Development/api/vendor/slim/slim/Slim/MiddlewareAwareTrait.php(70): call_user_func(Object(Slim\DeferredCallable), Object(Directus\Application\Http\Request), Object(Directus\Application\Http\Response), Object(Closure))
#37 /Users/rijkvanzanten/Development/api/vendor/slim/slim/Slim/MiddlewareAwareTrait.php(117): Slim\App->Slim\{closure}(Object(Directus\Application\Http\Request), Object(Directus\Application\Http\Response))
#38 /Users/rijkvanzanten/Development/api/vendor/slim/slim/Slim/App.php(406): Slim\App->callMiddlewareStack(Object(Directus\Application\Http\Request), Object(Directus\Application\Http\Response))
#39 /Users/rijkvanzanten/Development/api/vendor/slim/slim/Slim/App.php(314): Slim\App->process(Object(Directus\Application\Http\Request), Object(Directus\Application\Http\Response))
#40 /Users/rijkvanzanten/Development/api/src/core/Directus/Application/Application.php(161): Slim\App->run(false)
#41 /Users/rijkvanzanten/Development/api/public/index.php(5): Directus\Application\Application->run()
#42 {main} [] []
[2018-06-21 10:49:40] api[].ERROR: Directus\Exception\UnauthorizedException: Only Admin can see this information in /Users/rijkvanzanten/Development/api/src/core/Directus/Services/ServerService.php:14
Stack trace:
#0 /Users/rijkvanzanten/Development/api/src/endpoints/Home.php(15): Directus\Services\ServerService->findAllInfo()
#1 [internal function]: Directus\Api\Routes\Home->__invoke(Object(Directus\Application\Http\Request), Object(Directus\Application\Http\Response), Array)
#2 /Users/rijkvanzanten/Development/api/vendor/slim/slim/Slim/Handlers/Strategies/RequestResponse.php(41): call_user_func(Array, Object(Directus\Application\Http\Request), Object(Directus\Application\Http\Response), Array)
#3 /Users/rijkvanzanten/Development/api/vendor/slim/slim/Slim/Route.php(335): Slim\Handlers\Strategies\RequestResponse->__invoke(Array, Object(Directus\Application\Http\Request), Object(Directus\Application\Http\Response), Array)
#4 /Users/rijkvanzanten/Development/api/src/core/Directus/Application/Http/Middleware/AuthenticationMiddleware.php(69): Slim\Route->__invoke(Object(Directus\Application\Http\Request), Object(Directus\Application\Http\Response))
#5 [internal function]: Directus\Application\Http\Middleware\AuthenticationMiddleware->__invoke(Object(Directus\Application\Http\Request), Object(Directus\Application\Http\Response), Object(Slim\Route))
#6 /Users/rijkvanzanten/Development/api/vendor/slim/slim/Slim/DeferredCallable.php(43): call_user_func_array(Object(Directus\Application\Http\Middleware\AuthenticationMiddleware), Array)
#7 [internal function]: Slim\DeferredCallable->__invoke(Object(Directus\Application\Http\Request), Object(Directus\Application\Http\Response), Object(Slim\Route))
#8 /Users/rijkvanzanten/Development/api/vendor/slim/slim/Slim/MiddlewareAwareTrait.php(70): call_user_func(Object(Slim\DeferredCallable), Object(Directus\Application\Http\Request), Object(Directus\Application\Http\Response), Object(Slim\Route))
#9 /Users/rijkvanzanten/Development/api/vendor/slim/slim/Slim/MiddlewareAwareTrait.php(117): Slim\Route->Slim\{closure}(Object(Directus\Application\Http\Request), Object(Directus\Application\Http\Response))
#10 /Users/rijkvanzanten/Development/api/vendor/slim/slim/Slim/Route.php(313): Slim\Route->callMiddlewareStack(Object(Directus\Application\Http\Request), Object(Directus\Application\Http\Response))
#11 /Users/rijkvanzanten/Development/api/vendor/slim/slim/Slim/App.php(513): Slim\Route->run(Object(Directus\Application\Http\Request), Object(Directus\Application\Http\Response))
#12 /Users/rijkvanzanten/Development/api/src/core/Directus/Application/Http/Middleware/TableGatewayMiddleware.php(39): Slim\App->__invoke(Object(Directus\Application\Http\Request), Object(Directus\Application\Http\Response))
#13 [internal function]: Directus\Application\Http\Middleware\TableGatewayMiddleware->__invoke(Object(Directus\Application\Http\Request), Object(Directus\Application\Http\Response), Object(Directus\Application\Application))
#14 /Users/rijkvanzanten/Development/api/vendor/slim/slim/Slim/DeferredCallable.php(43): call_user_func_array(Object(Directus\Application\Http\Middleware\TableGatewayMiddleware), Array)
#15 [internal function]: Slim\DeferredCallable->__invoke(Object(Directus\Application\Http\Request), Object(Directus\Application\Http\Response), Object(Directus\Application\Application))
#16 /Users/rijkvanzanten/Development/api/vendor/slim/slim/Slim/MiddlewareAwareTrait.php(70): call_user_func(Object(Slim\DeferredCallable), Object(Directus\Application\Http\Request), Object(Directus\Application\Http\Response), Object(Directus\Application\Application))
#17 /Users/rijkvanzanten/Development/api/src/core/Directus/Application/Http/Middleware/AbstractRateLimitMiddleware.php(34): Slim\App->Slim\{closure}(Object(Directus\Application\Http\Request), Object(Directus\Application\Http\Response))
#18 [internal function]: Directus\Application\Http\Middleware\AbstractRateLimitMiddleware->__invoke(Object(Directus\Application\Http\Request), Object(Directus\Application\Http\Response), Object(Closure))
#19 /Users/rijkvanzanten/Development/api/vendor/slim/slim/Slim/DeferredCallable.php(43): call_user_func_array(Object(Directus\Application\Http\Middleware\IpRateLimitMiddleware), Array)
#20 [internal function]: Slim\DeferredCallable->__invoke(Object(Directus\Application\Http\Request), Object(Directus\Application\Http\Response), Object(Closure))
#21 /Users/rijkvanzanten/Development/api/vendor/slim/slim/Slim/MiddlewareAwareTrait.php(70): call_user_func(Object(Slim\DeferredCallable), Object(Directus\Application\Http\Request), Object(Directus\Application\Http\Response), Object(Closure))
#22 /Users/rijkvanzanten/Development/api/vendor/akrabat/rka-ip-address-middleware/src/IpAddress.php(93): Slim\App->Slim\{closure}(Object(Directus\Application\Http\Request), Object(Directus\Application\Http\Response))
#23 [internal function]: RKA\Middleware\IpAddress->__invoke(Object(Directus\Application\Http\Request), Object(Directus\Application\Http\Response), Object(Closure))
#24 /Users/rijkvanzanten/Development/api/vendor/slim/slim/Slim/DeferredCallable.php(43): call_user_func_array(Object(RKA\Middleware\IpAddress), Array)
#25 [internal function]: Slim\DeferredCallable->__invoke(Object(Directus\Application\Http\Request), Object(Directus\Application\Http\Response), Object(Closure))
#26 /Users/rijkvanzanten/Development/api/vendor/slim/slim/Slim/MiddlewareAwareTrait.php(70): call_user_func(Object(Slim\DeferredCallable), Object(Directus\Application\Http\Request), Object(Directus\Application\Http\Response), Object(Closure))
#27 /Users/rijkvanzanten/Development/api/src/core/Directus/Application/Http/Middleware/CorsMiddleware.php(20): Slim\App->Slim\{closure}(Object(Directus\Application\Http\Request), Object(Directus\Application\Http\Response))
#28 [internal function]: Directus\Application\Http\Middleware\CorsMiddleware->__invoke(Object(Directus\Application\Http\Request), Object(Directus\Application\Http\Response), Object(Closure))
#29 /Users/rijkvanzanten/Development/api/vendor/slim/slim/Slim/DeferredCallable.php(43): call_user_func_array(Object(Directus\Application\Http\Middleware\CorsMiddleware), Array)
#30 [internal function]: Slim\DeferredCallable->__invoke(Object(Directus\Application\Http\Request), Object(Directus\Application\Http\Response), Object(Closure))
#31 /Users/rijkvanzanten/Development/api/vendor/slim/slim/Slim/MiddlewareAwareTrait.php(70): call_user_func(Object(Slim\DeferredCallable), Object(Directus\Application\Http\Request), Object(Directus\Application\Http\Response), Object(Closure))
#32 /Users/rijkvanzanten/Development/api/src/core/Directus/Application/Http/Middleware/ResponseCacheMiddleware.php(47): Slim\App->Slim\{closure}(Object(Directus\Application\Http\Request), Object(Directus\Application\Http\Response))
#33 [internal function]: Directus\Application\Http\Middleware\ResponseCacheMiddleware->__invoke(Object(Directus\Application\Http\Request), Object(Directus\Application\Http\Response), Object(Closure))
#34 /Users/rijkvanzanten/Development/api/vendor/slim/slim/Slim/DeferredCallable.php(43): call_user_func_array(Object(Directus\Application\Http\Middleware\ResponseCacheMiddleware), Array)
#35 [internal function]: Slim\DeferredCallable->__invoke(Object(Directus\Application\Http\Request), Object(Directus\Application\Http\Response), Object(Closure))
#36 /Users/rijkvanzanten/Development/api/vendor/slim/slim/Slim/MiddlewareAwareTrait.php(70): call_user_func(Object(Slim\DeferredCallable), Object(Directus\Application\Http\Request), Object(Directus\Application\Http\Response), Object(Closure))
#37 /Users/rijkvanzanten/Development/api/vendor/slim/slim/Slim/MiddlewareAwareTrait.php(117): Slim\App->Slim\{closure}(Object(Directus\Application\Http\Request), Object(Directus\Application\Http\Response))
#38 /Users/rijkvanzanten/Development/api/vendor/slim/slim/Slim/App.php(406): Slim\App->callMiddlewareStack(Object(Directus\Application\Http\Request), Object(Directus\Application\Http\Response))
#39 /Users/rijkvanzanten/Development/api/vendor/slim/slim/Slim/App.php(314): Slim\App->process(Object(Directus\Application\Http\Request), Object(Directus\Application\Http\Response))
#40 /Users/rijkvanzanten/Development/api/src/core/Directus/Application/Application.php(161): Slim\App->run(false)
#41 /Users/rijkvanzanten/Development/api/public/index.php(5): Directus\Application\Application->run()
#42 {main} [] []
[2018-06-21 10:49:40] api[].ERROR: Directus\Exception\UnauthorizedException: Only Admin can see this information in /Users/rijkvanzanten/Development/api/src/core/Directus/Services/ServerService.php:14
Stack trace:
#0 /Users/rijkvanzanten/Development/api/src/endpoints/Home.php(15): Directus\Services\ServerService->findAllInfo()
#1 [internal function]: Directus\Api\Routes\Home->__invoke(Object(Directus\Application\Http\Request), Object(Directus\Application\Http\Response), Array)
#2 /Users/rijkvanzanten/Development/api/vendor/slim/slim/Slim/Handlers/Strategies/RequestResponse.php(41): call_user_func(Array, Object(Directus\Application\Http\Request), Object(Directus\Application\Http\Response), Array)
#3 /Users/rijkvanzanten/Development/api/vendor/slim/slim/Slim/Route.php(335): Slim\Handlers\Strategies\RequestResponse->__invoke(Array, Object(Directus\Application\Http\Request), Object(Directus\Application\Http\Response), Array)
#4 /Users/rijkvanzanten/Development/api/src/core/Directus/Application/Http/Middleware/AuthenticationMiddleware.php(69): Slim\Route->__invoke(Object(Directus\Application\Http\Request), Object(Directus\Application\Http\Response))
#5 [internal function]: Directus\Application\Http\Middleware\AuthenticationMiddleware->__invoke(Object(Directus\Application\Http\Request), Object(Directus\Application\Http\Response), Object(Slim\Route))
#6 /Users/rijkvanzanten/Development/api/vendor/slim/slim/Slim/DeferredCallable.php(43): call_user_func_array(Object(Directus\Application\Http\Middleware\AuthenticationMiddleware), Array)
#7 [internal function]: Slim\DeferredCallable->__invoke(Object(Directus\Application\Http\Request), Object(Directus\Application\Http\Response), Object(Slim\Route))
#8 /Users/rijkvanzanten/Development/api/vendor/slim/slim/Slim/MiddlewareAwareTrait.php(70): call_user_func(Object(Slim\DeferredCallable), Object(Directus\Application\Http\Request), Object(Directus\Application\Http\Response), Object(Slim\Route))
#9 /Users/rijkvanzanten/Development/api/vendor/slim/slim/Slim/MiddlewareAwareTrait.php(117): Slim\Route->Slim\{closure}(Object(Directus\Application\Http\Request), Object(Directus\Application\Http\Response))
#10 /Users/rijkvanzanten/Development/api/vendor/slim/slim/Slim/Route.php(313): Slim\Route->callMiddlewareStack(Object(Directus\Application\Http\Request), Object(Directus\Application\Http\Response))
#11 /Users/rijkvanzanten/Development/api/vendor/slim/slim/Slim/App.php(513): Slim\Route->run(Object(Directus\Application\Http\Request), Object(Directus\Application\Http\Response))
#12 /Users/rijkvanzanten/Development/api/src/core/Directus/Application/Http/Middleware/TableGatewayMiddleware.php(39): Slim\App->__invoke(Object(Directus\Application\Http\Request), Object(Directus\Application\Http\Response))
#13 [internal function]: Directus\Application\Http\Middleware\TableGatewayMiddleware->__invoke(Object(Directus\Application\Http\Request), Object(Directus\Application\Http\Response), Object(Directus\Application\Application))
#14 /Users/rijkvanzanten/Development/api/vendor/slim/slim/Slim/DeferredCallable.php(43): call_user_func_array(Object(Directus\Application\Http\Middleware\TableGatewayMiddleware), Array)
#15 [internal function]: Slim\DeferredCallable->__invoke(Object(Directus\Application\Http\Request), Object(Directus\Application\Http\Response), Object(Directus\Application\Application))
#16 /Users/rijkvanzanten/Development/api/vendor/slim/slim/Slim/MiddlewareAwareTrait.php(70): call_user_func(Object(Slim\DeferredCallable), Object(Directus\Application\Http\Request), Object(Directus\Application\Http\Response), Object(Directus\Application\Application))
#17 /Users/rijkvanzanten/Development/api/src/core/Directus/Application/Http/Middleware/AbstractRateLimitMiddleware.php(34): Slim\App->Slim\{closure}(Object(Directus\Application\Http\Request), Object(Directus\Application\Http\Response))
#18 [internal function]: Directus\Application\Http\Middleware\AbstractRateLimitMiddleware->__invoke(Object(Directus\Application\Http\Request), Object(Directus\Application\Http\Response), Object(Closure))
#19 /Users/rijkvanzanten/Development/api/vendor/slim/slim/Slim/DeferredCallable.php(43): call_user_func_array(Object(Directus\Application\Http\Middleware\IpRateLimitMiddleware), Array)
#20 [internal function]: Slim\DeferredCallable->__invoke(Object(Directus\Application\Http\Request), Object(Directus\Application\Http\Response), Object(Closure))
#21 /Users/rijkvanzanten/Development/api/vendor/slim/slim/Slim/MiddlewareAwareTrait.php(70): call_user_func(Object(Slim\DeferredCallable), Object(Directus\Application\Http\Request), Object(Directus\Application\Http\Response), Object(Closure))
#22 /Users/rijkvanzanten/Development/api/vendor/akrabat/rka-ip-address-middleware/src/IpAddress.php(93): Slim\App->Slim\{closure}(Object(Directus\Application\Http\Request), Object(Directus\Application\Http\Response))
#23 [internal function]: RKA\Middleware\IpAddress->__invoke(Object(Directus\Application\Http\Request), Object(Directus\Application\Http\Response), Object(Closure))
#24 /Users/rijkvanzanten/Development/api/vendor/slim/slim/Slim/DeferredCallable.php(43): call_user_func_array(Object(RKA\Middleware\IpAddress), Array)
#25 [internal function]: Slim\DeferredCallable->__invoke(Object(Directus\Application\Http\Request), Object(Directus\Application\Http\Response), Object(Closure))
#26 /Users/rijkvanzanten/Development/api/vendor/slim/slim/Slim/MiddlewareAwareTrait.php(70): call_user_func(Object(Slim\DeferredCallable), Object(Directus\Application\Http\Request), Object(Directus\Application\Http\Response), Object(Closure))
#27 /Users/rijkvanzanten/Development/api/src/core/Directus/Application/Http/Middleware/CorsMiddleware.php(20): Slim\App->Slim\{closure}(Object(Directus\Application\Http\Request), Object(Directus\Application\Http\Response))
#28 [internal function]: Directus\Application\Http\Middleware\CorsMiddleware->__invoke(Object(Directus\Application\Http\Request), Object(Directus\Application\Http\Response), Object(Closure))
#29 /Users/rijkvanzanten/Development/api/vendor/slim/slim/Slim/DeferredCallable.php(43): call_user_func_array(Object(Directus\Application\Http\Middleware\CorsMiddleware), Array)
#30 [internal function]: Slim\DeferredCallable->__invoke(Object(Directus\Application\Http\Request), Object(Directus\Application\Http\Response), Object(Closure))
#31 /Users/rijkvanzanten/Development/api/vendor/slim/slim/Slim/MiddlewareAwareTrait.php(70): call_user_func(Object(Slim\DeferredCallable), Object(Directus\Application\Http\Request), Object(Directus\Application\Http\Response), Object(Closure))
#32 /Users/rijkvanzanten/Development/api/src/core/Directus/Application/Http/Middleware/ResponseCacheMiddleware.php(47): Slim\App->Slim\{closure}(Object(Directus\Application\Http\Request), Object(Directus\Application\Http\Response))
#33 [internal function]: Directus\Application\Http\Middleware\ResponseCacheMiddleware->__invoke(Object(Directus\Application\Http\Request), Object(Directus\Application\Http\Response), Object(Closure))
#34 /Users/rijkvanzanten/Development/api/vendor/slim/slim/Slim/DeferredCallable.php(43): call_user_func_array(Object(Directus\Application\Http\Middleware\ResponseCacheMiddleware), Array)
#35 [internal function]: Slim\DeferredCallable->__invoke(Object(Directus\Application\Http\Request), Object(Directus\Application\Http\Response), Object(Closure))
#36 /Users/rijkvanzanten/Development/api/vendor/slim/slim/Slim/MiddlewareAwareTrait.php(70): call_user_func(Object(Slim\DeferredCallable), Object(Directus\Application\Http\Request), Object(Directus\Application\Http\Response), Object(Closure))
#37 /Users/rijkvanzanten/Development/api/vendor/slim/slim/Slim/MiddlewareAwareTrait.php(117): Slim\App->Slim\{closure}(Object(Directus\Application\Http\Request), Object(Directus\Application\Http\Response))
#38 /Users/rijkvanzanten/Development/api/vendor/slim/slim/Slim/App.php(406): Slim\App->callMiddlewareStack(Object(Directus\Application\Http\Request), Object(Directus\Application\Http\Response))
#39 /Users/rijkvanzanten/Development/api/vendor/slim/slim/Slim/App.php(314): Slim\App->process(Object(Directus\Application\Http\Request), Object(Directus\Application\Http\Response))
#40 /Users/rijkvanzanten/Development/api/src/core/Directus/Application/Application.php(161): Slim\App->run(false)
#41 /Users/rijkvanzanten/Development/api/public/index.php(5): Directus\Application\Application->run()
#42 {main} [] []
