[2018-06-23 17:09:59] api[_].ERROR: Directus\Database\Exception\CollectionNotFoundException: Unable to find collection: rijk in /Users/rijkvanzanten/Development/api/src/core/Directus/Database/Schema/SchemaManager.php:124
Stack trace:
#0 /Users/rijkvanzanten/Development/api/src/core/Directus/Services/TablesService.php(74): Directus\Database\Schema\SchemaManager->getCollection('rijk')
#1 /Users/rijkvanzanten/Development/api/src/endpoints/Fields.php(133): Directus\Services\TablesService->findAllFieldsByCollection('rijk', Array)
#2 [internal function]: Directus\Api\Routes\Fields->allByCollection(Object(Directus\Application\Http\Request), Object(Directus\Application\Http\Response), Array)
#3 /Users/rijkvanzanten/Development/api/vendor/slim/slim/Slim/Handlers/Strategies/RequestResponse.php(41): call_user_func(Array, Object(Directus\Application\Http\Request), Object(Directus\Application\Http\Response), Array)
#4 /Users/rijkvanzanten/Development/api/vendor/slim/slim/Slim/Route.php(335): Slim\Handlers\Strategies\RequestResponse->__invoke(Array, Object(Directus\Application\Http\Request), Object(Directus\Application\Http\Response), Array)
#5 /Users/rijkvanzanten/Development/api/src/core/Directus/Application/Http/Middleware/AbstractRateLimitMiddleware.php(34): Slim\Route->__invoke(Object(Directus\Application\Http\Request), Object(Directus\Application\Http\Response))
#6 [internal function]: Directus\Application\Http\Middleware\AbstractRateLimitMiddleware->__invoke(Object(Directus\Application\Http\Request), Object(Directus\Application\Http\Response), Object(Slim\Route))
#7 /Users/rijkvanzanten/Development/api/vendor/slim/slim/Slim/DeferredCallable.php(43): call_user_func_array(Object(Directus\Application\Http\Middleware\UserRateLimitMiddleware), Array)
#8 [internal function]: Slim\DeferredCallable->__invoke(Object(Directus\Application\Http\Request), Object(Directus\Application\Http\Response), Object(Slim\Route))
#9 /Users/rijkvanzanten/Development/api/vendor/slim/slim/Slim/MiddlewareAwareTrait.php(70): call_user_func(Object(Slim\DeferredCallable), Object(Directus\Application\Http\Request), Object(Directus\Application\Http\Response), Object(Slim\Route))
#10 /Users/rijkvanzanten/Development/api/src/core/Directus/Application/Http/Middleware/AuthenticationMiddleware.php(69): Slim\Route->Slim\{closure}(Object(Directus\Application\Http\Request), Object(Directus\Application\Http\Response))
#11 [internal function]: Directus\Application\Http\Middleware\AuthenticationMiddleware->__invoke(Object(Directus\Application\Http\Request), Object(Directus\Application\Http\Response), Object(Closure))
#12 /Users/rijkvanzanten/Development/api/vendor/slim/slim/Slim/DeferredCallable.php(43): call_user_func_array(Object(Directus\Application\Http\Middleware\AuthenticationMiddleware), Array)
#13 [internal function]: Slim\DeferredCallable->__invoke(Object(Directus\Application\Http\Request), Object(Directus\Application\Http\Response), Object(Closure))
#14 /Users/rijkvanzanten/Development/api/vendor/slim/slim/Slim/MiddlewareAwareTrait.php(70): call_user_func(Object(Slim\DeferredCallable), Object(Directus\Application\Http\Request), Object(Directus\Application\Http\Response), Object(Closure))
#15 /Users/rijkvanzanten/Development/api/vendor/slim/slim/Slim/MiddlewareAwareTrait.php(117): Slim\Route->Slim\{closure}(Object(Directus\Application\Http\Request), Object(Directus\Application\Http\Response))
#16 /Users/rijkvanzanten/Development/api/vendor/slim/slim/Slim/Route.php(313): Slim\Route->callMiddlewareStack(Object(Directus\Application\Http\Request), Object(Directus\Application\Http\Response))
#17 /Users/rijkvanzanten/Development/api/vendor/slim/slim/Slim/App.php(513): Slim\Route->run(Object(Directus\Application\Http\Request), Object(Directus\Application\Http\Response))
#18 /Users/rijkvanzanten/Development/api/src/core/Directus/Application/Http/Middleware/TableGatewayMiddleware.php(39): Slim\App->__invoke(Object(Directus\Application\Http\Request), Object(Directus\Application\Http\Response))
#19 [internal function]: Directus\Application\Http\Middleware\TableGatewayMiddleware->__invoke(Object(Directus\Application\Http\Request), Object(Directus\Application\Http\Response), Object(Directus\Application\Application))
#20 /Users/rijkvanzanten/Development/api/vendor/slim/slim/Slim/DeferredCallable.php(43): call_user_func_array(Object(Directus\Application\Http\Middleware\TableGatewayMiddleware), Array)
#21 [internal function]: Slim\DeferredCallable->__invoke(Object(Directus\Application\Http\Request), Object(Directus\Application\Http\Response), Object(Directus\Application\Application))
#22 /Users/rijkvanzanten/Development/api/vendor/slim/slim/Slim/MiddlewareAwareTrait.php(70): call_user_func(Object(Slim\DeferredCallable), Object(Directus\Application\Http\Request), Object(Directus\Application\Http\Response), Object(Directus\Application\Application))
#23 /Users/rijkvanzanten/Development/api/src/core/Directus/Application/Http/Middleware/AbstractRateLimitMiddleware.php(34): Slim\App->Slim\{closure}(Object(Directus\Application\Http\Request), Object(Directus\Application\Http\Response))
#24 [internal function]: Directus\Application\Http\Middleware\AbstractRateLimitMiddleware->__invoke(Object(Directus\Application\Http\Request), Object(Directus\Application\Http\Response), Object(Closure))
#25 /Users/rijkvanzanten/Development/api/vendor/slim/slim/Slim/DeferredCallable.php(43): call_user_func_array(Object(Directus\Application\Http\Middleware\IpRateLimitMiddleware), Array)
#26 [internal function]: Slim\DeferredCallable->__invoke(Object(Directus\Application\Http\Request), Object(Directus\Application\Http\Response), Object(Closure))
#27 /Users/rijkvanzanten/Development/api/vendor/slim/slim/Slim/MiddlewareAwareTrait.php(70): call_user_func(Object(Slim\DeferredCallable), Object(Directus\Application\Http\Request), Object(Directus\Application\Http\Response), Object(Closure))
#28 /Users/rijkvanzanten/Development/api/vendor/akrabat/rka-ip-address-middleware/src/IpAddress.php(93): Slim\App->Slim\{closure}(Object(Directus\Application\Http\Request), Object(Directus\Application\Http\Response))
#29 [internal function]: RKA\Middleware\IpAddress->__invoke(Object(Directus\Application\Http\Request), Object(Directus\Application\Http\Response), Object(Closure))
#30 /Users/rijkvanzanten/Development/api/vendor/slim/slim/Slim/DeferredCallable.php(43): call_user_func_array(Object(RKA\Middleware\IpAddress), Array)
#31 [internal function]: Slim\DeferredCallable->__invoke(Object(Directus\Application\Http\Request), Object(Directus\Application\Http\Response), Object(Closure))
#32 /Users/rijkvanzanten/Development/api/vendor/slim/slim/Slim/MiddlewareAwareTrait.php(70): call_user_func(Object(Slim\DeferredCallable), Object(Directus\Application\Http\Request), Object(Directus\Application\Http\Response), Object(Closure))
#33 /Users/rijkvanzanten/Development/api/src/core/Directus/Application/Http/Middleware/CorsMiddleware.php(20): Slim\App->Slim\{closure}(Object(Directus\Application\Http\Request), Object(Directus\Application\Http\Response))
#34 [internal function]: Directus\Application\Http\Middleware\CorsMiddleware->__invoke(Object(Directus\Application\Http\Request), Object(Directus\Application\Http\Response), Object(Closure))
#35 /Users/rijkvanzanten/Development/api/vendor/slim/slim/Slim/DeferredCallable.php(43): call_user_func_array(Object(Directus\Application\Http\Middleware\CorsMiddleware), Array)
#36 [internal function]: Slim\DeferredCallable->__invoke(Object(Directus\Application\Http\Request), Object(Directus\Application\Http\Response), Object(Closure))
#37 /Users/rijkvanzanten/Development/api/vendor/slim/slim/Slim/MiddlewareAwareTrait.php(70): call_user_func(Object(Slim\DeferredCallable), Object(Directus\Application\Http\Request), Object(Directus\Application\Http\Response), Object(Closure))
#38 /Users/rijkvanzanten/Development/api/src/core/Directus/Application/Http/Middleware/ResponseCacheMiddleware.php(47): Slim\App->Slim\{closure}(Object(Directus\Application\Http\Request), Object(Directus\Application\Http\Response))
#39 [internal function]: Directus\Application\Http\Middleware\ResponseCacheMiddleware->__invoke(Object(Directus\Application\Http\Request), Object(Directus\Application\Http\Response), Object(Closure))
#40 /Users/rijkvanzanten/Development/api/vendor/slim/slim/Slim/DeferredCallable.php(43): call_user_func_array(Object(Directus\Application\Http\Middleware\ResponseCacheMiddleware), Array)
#41 [internal function]: Slim\DeferredCallable->__invoke(Object(Directus\Application\Http\Request), Object(Directus\Application\Http\Response), Object(Closure))
#42 /Users/rijkvanzanten/Development/api/vendor/slim/slim/Slim/MiddlewareAwareTrait.php(70): call_user_func(Object(Slim\DeferredCallable), Object(Directus\Application\Http\Request), Object(Directus\Application\Http\Response), Object(Closure))
#43 /Users/rijkvanzanten/Development/api/vendor/slim/slim/Slim/MiddlewareAwareTrait.php(117): Slim\App->Slim\{closure}(Object(Directus\Application\Http\Request), Object(Directus\Application\Http\Response))
#44 /Users/rijkvanzanten/Development/api/vendor/slim/slim/Slim/App.php(406): Slim\App->callMiddlewareStack(Object(Directus\Application\Http\Request), Object(Directus\Application\Http\Response))
#45 /Users/rijkvanzanten/Development/api/vendor/slim/slim/Slim/App.php(314): Slim\App->process(Object(Directus\Application\Http\Request), Object(Directus\Application\Http\Response))
#46 /Users/rijkvanzanten/Development/api/src/core/Directus/Application/Application.php(161): Slim\App->run(false)
#47 /Users/rijkvanzanten/Development/api/public/index.php(5): Directus\Application\Application->run()
#48 {main} [] []
[2018-06-23 17:11:53] api[_].ERROR: Directus\Database\Exception\CollectionNotFoundException: Unable to find collection: rijk in /Users/rijkvanzanten/Development/api/src/core/Directus/Database/Schema/SchemaManager.php:124
Stack trace:
#0 /Users/rijkvanzanten/Development/api/src/core/Directus/Services/TablesService.php(74): Directus\Database\Schema\SchemaManager->getCollection('rijk')
#1 /Users/rijkvanzanten/Development/api/src/endpoints/Fields.php(133): Directus\Services\TablesService->findAllFieldsByCollection('rijk', Array)
#2 [internal function]: Directus\Api\Routes\Fields->allByCollection(Object(Directus\Application\Http\Request), Object(Directus\Application\Http\Response), Array)
#3 /Users/rijkvanzanten/Development/api/vendor/slim/slim/Slim/Handlers/Strategies/RequestResponse.php(41): call_user_func(Array, Object(Directus\Application\Http\Request), Object(Directus\Application\Http\Response), Array)
#4 /Users/rijkvanzanten/Development/api/vendor/slim/slim/Slim/Route.php(335): Slim\Handlers\Strategies\RequestResponse->__invoke(Array, Object(Directus\Application\Http\Request), Object(Directus\Application\Http\Response), Array)
#5 /Users/rijkvanzanten/Development/api/src/core/Directus/Application/Http/Middleware/AbstractRateLimitMiddleware.php(34): Slim\Route->__invoke(Object(Directus\Application\Http\Request), Object(Directus\Application\Http\Response))
#6 [internal function]: Directus\Application\Http\Middleware\AbstractRateLimitMiddleware->__invoke(Object(Directus\Application\Http\Request), Object(Directus\Application\Http\Response), Object(Slim\Route))
#7 /Users/rijkvanzanten/Development/api/vendor/slim/slim/Slim/DeferredCallable.php(43): call_user_func_array(Object(Directus\Application\Http\Middleware\UserRateLimitMiddleware), Array)
#8 [internal function]: Slim\DeferredCallable->__invoke(Object(Directus\Application\Http\Request), Object(Directus\Application\Http\Response), Object(Slim\Route))
#9 /Users/rijkvanzanten/Development/api/vendor/slim/slim/Slim/MiddlewareAwareTrait.php(70): call_user_func(Object(Slim\DeferredCallable), Object(Directus\Application\Http\Request), Object(Directus\Application\Http\Response), Object(Slim\Route))
#10 /Users/rijkvanzanten/Development/api/src/core/Directus/Application/Http/Middleware/AuthenticationMiddleware.php(69): Slim\Route->Slim\{closure}(Object(Directus\Application\Http\Request), Object(Directus\Application\Http\Response))
#11 [internal function]: Directus\Application\Http\Middleware\AuthenticationMiddleware->__invoke(Object(Directus\Application\Http\Request), Object(Directus\Application\Http\Response), Object(Closure))
#12 /Users/rijkvanzanten/Development/api/vendor/slim/slim/Slim/DeferredCallable.php(43): call_user_func_array(Object(Directus\Application\Http\Middleware\AuthenticationMiddleware), Array)
#13 [internal function]: Slim\DeferredCallable->__invoke(Object(Directus\Application\Http\Request), Object(Directus\Application\Http\Response), Object(Closure))
#14 /Users/rijkvanzanten/Development/api/vendor/slim/slim/Slim/MiddlewareAwareTrait.php(70): call_user_func(Object(Slim\DeferredCallable), Object(Directus\Application\Http\Request), Object(Directus\Application\Http\Response), Object(Closure))
#15 /Users/rijkvanzanten/Development/api/vendor/slim/slim/Slim/MiddlewareAwareTrait.php(117): Slim\Route->Slim\{closure}(Object(Directus\Application\Http\Request), Object(Directus\Application\Http\Response))
#16 /Users/rijkvanzanten/Development/api/vendor/slim/slim/Slim/Route.php(313): Slim\Route->callMiddlewareStack(Object(Directus\Application\Http\Request), Object(Directus\Application\Http\Response))
#17 /Users/rijkvanzanten/Development/api/vendor/slim/slim/Slim/App.php(513): Slim\Route->run(Object(Directus\Application\Http\Request), Object(Directus\Application\Http\Response))
#18 /Users/rijkvanzanten/Development/api/src/core/Directus/Application/Http/Middleware/TableGatewayMiddleware.php(39): Slim\App->__invoke(Object(Directus\Application\Http\Request), Object(Directus\Application\Http\Response))
#19 [internal function]: Directus\Application\Http\Middleware\TableGatewayMiddleware->__invoke(Object(Directus\Application\Http\Request), Object(Directus\Application\Http\Response), Object(Directus\Application\Application))
#20 /Users/rijkvanzanten/Development/api/vendor/slim/slim/Slim/DeferredCallable.php(43): call_user_func_array(Object(Directus\Application\Http\Middleware\TableGatewayMiddleware), Array)
#21 [internal function]: Slim\DeferredCallable->__invoke(Object(Directus\Application\Http\Request), Object(Directus\Application\Http\Response), Object(Directus\Application\Application))
#22 /Users/rijkvanzanten/Development/api/vendor/slim/slim/Slim/MiddlewareAwareTrait.php(70): call_user_func(Object(Slim\DeferredCallable), Object(Directus\Application\Http\Request), Object(Directus\Application\Http\Response), Object(Directus\Application\Application))
#23 /Users/rijkvanzanten/Development/api/src/core/Directus/Application/Http/Middleware/AbstractRateLimitMiddleware.php(34): Slim\App->Slim\{closure}(Object(Directus\Application\Http\Request), Object(Directus\Application\Http\Response))
#24 [internal function]: Directus\Application\Http\Middleware\AbstractRateLimitMiddleware->__invoke(Object(Directus\Application\Http\Request), Object(Directus\Application\Http\Response), Object(Closure))
#25 /Users/rijkvanzanten/Development/api/vendor/slim/slim/Slim/DeferredCallable.php(43): call_user_func_array(Object(Directus\Application\Http\Middleware\IpRateLimitMiddleware), Array)
#26 [internal function]: Slim\DeferredCallable->__invoke(Object(Directus\Application\Http\Request), Object(Directus\Application\Http\Response), Object(Closure))
#27 /Users/rijkvanzanten/Development/api/vendor/slim/slim/Slim/MiddlewareAwareTrait.php(70): call_user_func(Object(Slim\DeferredCallable), Object(Directus\Application\Http\Request), Object(Directus\Application\Http\Response), Object(Closure))
#28 /Users/rijkvanzanten/Development/api/vendor/akrabat/rka-ip-address-middleware/src/IpAddress.php(93): Slim\App->Slim\{closure}(Object(Directus\Application\Http\Request), Object(Directus\Application\Http\Response))
#29 [internal function]: RKA\Middleware\IpAddress->__invoke(Object(Directus\Application\Http\Request), Object(Directus\Application\Http\Response), Object(Closure))
#30 /Users/rijkvanzanten/Development/api/vendor/slim/slim/Slim/DeferredCallable.php(43): call_user_func_array(Object(RKA\Middleware\IpAddress), Array)
#31 [internal function]: Slim\DeferredCallable->__invoke(Object(Directus\Application\Http\Request), Object(Directus\Application\Http\Response), Object(Closure))
#32 /Users/rijkvanzanten/Development/api/vendor/slim/slim/Slim/MiddlewareAwareTrait.php(70): call_user_func(Object(Slim\DeferredCallable), Object(Directus\Application\Http\Request), Object(Directus\Application\Http\Response), Object(Closure))
#33 /Users/rijkvanzanten/Development/api/src/core/Directus/Application/Http/Middleware/CorsMiddleware.php(20): Slim\App->Slim\{closure}(Object(Directus\Application\Http\Request), Object(Directus\Application\Http\Response))
#34 [internal function]: Directus\Application\Http\Middleware\CorsMiddleware->__invoke(Object(Directus\Application\Http\Request), Object(Directus\Application\Http\Response), Object(Closure))
#35 /Users/rijkvanzanten/Development/api/vendor/slim/slim/Slim/DeferredCallable.php(43): call_user_func_array(Object(Directus\Application\Http\Middleware\CorsMiddleware), Array)
#36 [internal function]: Slim\DeferredCallable->__invoke(Object(Directus\Application\Http\Request), Object(Directus\Application\Http\Response), Object(Closure))
#37 /Users/rijkvanzanten/Development/api/vendor/slim/slim/Slim/MiddlewareAwareTrait.php(70): call_user_func(Object(Slim\DeferredCallable), Object(Directus\Application\Http\Request), Object(Directus\Application\Http\Response), Object(Closure))
#38 /Users/rijkvanzanten/Development/api/src/core/Directus/Application/Http/Middleware/ResponseCacheMiddleware.php(47): Slim\App->Slim\{closure}(Object(Directus\Application\Http\Request), Object(Directus\Application\Http\Response))
#39 [internal function]: Directus\Application\Http\Middleware\ResponseCacheMiddleware->__invoke(Object(Directus\Application\Http\Request), Object(Directus\Application\Http\Response), Object(Closure))
#40 /Users/rijkvanzanten/Development/api/vendor/slim/slim/Slim/DeferredCallable.php(43): call_user_func_array(Object(Directus\Application\Http\Middleware\ResponseCacheMiddleware), Array)
#41 [internal function]: Slim\DeferredCallable->__invoke(Object(Directus\Application\Http\Request), Object(Directus\Application\Http\Response), Object(Closure))
#42 /Users/rijkvanzanten/Development/api/vendor/slim/slim/Slim/MiddlewareAwareTrait.php(70): call_user_func(Object(Slim\DeferredCallable), Object(Directus\Application\Http\Request), Object(Directus\Application\Http\Response), Object(Closure))
#43 /Users/rijkvanzanten/Development/api/vendor/slim/slim/Slim/MiddlewareAwareTrait.php(117): Slim\App->Slim\{closure}(Object(Directus\Application\Http\Request), Object(Directus\Application\Http\Response))
#44 /Users/rijkvanzanten/Development/api/vendor/slim/slim/Slim/App.php(406): Slim\App->callMiddlewareStack(Object(Directus\Application\Http\Request), Object(Directus\Application\Http\Response))
#45 /Users/rijkvanzanten/Development/api/vendor/slim/slim/Slim/App.php(314): Slim\App->process(Object(Directus\Application\Http\Request), Object(Directus\Application\Http\Response))
#46 /Users/rijkvanzanten/Development/api/src/core/Directus/Application/Application.php(161): Slim\App->run(false)
#47 /Users/rijkvanzanten/Development/api/public/index.php(5): Directus\Application\Application->run()
#48 {main} [] []
[2018-06-23 17:12:02] api[_].ERROR: Directus\Database\Exception\CollectionNotFoundException: Unable to find collection: rijk in /Users/rijkvanzanten/Development/api/src/core/Directus/Database/Schema/SchemaManager.php:124
Stack trace:
#0 /Users/rijkvanzanten/Development/api/src/core/Directus/Services/TablesService.php(74): Directus\Database\Schema\SchemaManager->getCollection('rijk')
#1 /Users/rijkvanzanten/Development/api/src/endpoints/Fields.php(133): Directus\Services\TablesService->findAllFieldsByCollection('rijk', Array)
#2 [internal function]: Directus\Api\Routes\Fields->allByCollection(Object(Directus\Application\Http\Request), Object(Directus\Application\Http\Response), Array)
#3 /Users/rijkvanzanten/Development/api/vendor/slim/slim/Slim/Handlers/Strategies/RequestResponse.php(41): call_user_func(Array, Object(Directus\Application\Http\Request), Object(Directus\Application\Http\Response), Array)
#4 /Users/rijkvanzanten/Development/api/vendor/slim/slim/Slim/Route.php(335): Slim\Handlers\Strategies\RequestResponse->__invoke(Array, Object(Directus\Application\Http\Request), Object(Directus\Application\Http\Response), Array)
#5 /Users/rijkvanzanten/Development/api/src/core/Directus/Application/Http/Middleware/AbstractRateLimitMiddleware.php(34): Slim\Route->__invoke(Object(Directus\Application\Http\Request), Object(Directus\Application\Http\Response))
#6 [internal function]: Directus\Application\Http\Middleware\AbstractRateLimitMiddleware->__invoke(Object(Directus\Application\Http\Request), Object(Directus\Application\Http\Response), Object(Slim\Route))
#7 /Users/rijkvanzanten/Development/api/vendor/slim/slim/Slim/DeferredCallable.php(43): call_user_func_array(Object(Directus\Application\Http\Middleware\UserRateLimitMiddleware), Array)
#8 [internal function]: Slim\DeferredCallable->__invoke(Object(Directus\Application\Http\Request), Object(Directus\Application\Http\Response), Object(Slim\Route))
#9 /Users/rijkvanzanten/Development/api/vendor/slim/slim/Slim/MiddlewareAwareTrait.php(70): call_user_func(Object(Slim\DeferredCallable), Object(Directus\Application\Http\Request), Object(Directus\Application\Http\Response), Object(Slim\Route))
#10 /Users/rijkvanzanten/Development/api/src/core/Directus/Application/Http/Middleware/AuthenticationMiddleware.php(69): Slim\Route->Slim\{closure}(Object(Directus\Application\Http\Request), Object(Directus\Application\Http\Response))
#11 [internal function]: Directus\Application\Http\Middleware\AuthenticationMiddleware->__invoke(Object(Directus\Application\Http\Request), Object(Directus\Application\Http\Response), Object(Closure))
#12 /Users/rijkvanzanten/Development/api/vendor/slim/slim/Slim/DeferredCallable.php(43): call_user_func_array(Object(Directus\Application\Http\Middleware\AuthenticationMiddleware), Array)
#13 [internal function]: Slim\DeferredCallable->__invoke(Object(Directus\Application\Http\Request), Object(Directus\Application\Http\Response), Object(Closure))
#14 /Users/rijkvanzanten/Development/api/vendor/slim/slim/Slim/MiddlewareAwareTrait.php(70): call_user_func(Object(Slim\DeferredCallable), Object(Directus\Application\Http\Request), Object(Directus\Application\Http\Response), Object(Closure))
#15 /Users/rijkvanzanten/Development/api/vendor/slim/slim/Slim/MiddlewareAwareTrait.php(117): Slim\Route->Slim\{closure}(Object(Directus\Application\Http\Request), Object(Directus\Application\Http\Response))
#16 /Users/rijkvanzanten/Development/api/vendor/slim/slim/Slim/Route.php(313): Slim\Route->callMiddlewareStack(Object(Directus\Application\Http\Request), Object(Directus\Application\Http\Response))
#17 /Users/rijkvanzanten/Development/api/vendor/slim/slim/Slim/App.php(513): Slim\Route->run(Object(Directus\Application\Http\Request), Object(Directus\Application\Http\Response))
#18 /Users/rijkvanzanten/Development/api/src/core/Directus/Application/Http/Middleware/TableGatewayMiddleware.php(39): Slim\App->__invoke(Object(Directus\Application\Http\Request), Object(Directus\Application\Http\Response))
#19 [internal function]: Directus\Application\Http\Middleware\TableGatewayMiddleware->__invoke(Object(Directus\Application\Http\Request), Object(Directus\Application\Http\Response), Object(Directus\Application\Application))
#20 /Users/rijkvanzanten/Development/api/vendor/slim/slim/Slim/DeferredCallable.php(43): call_user_func_array(Object(Directus\Application\Http\Middleware\TableGatewayMiddleware), Array)
#21 [internal function]: Slim\DeferredCallable->__invoke(Object(Directus\Application\Http\Request), Object(Directus\Application\Http\Response), Object(Directus\Application\Application))
#22 /Users/rijkvanzanten/Development/api/vendor/slim/slim/Slim/MiddlewareAwareTrait.php(70): call_user_func(Object(Slim\DeferredCallable), Object(Directus\Application\Http\Request), Object(Directus\Application\Http\Response), Object(Directus\Application\Application))
#23 /Users/rijkvanzanten/Development/api/src/core/Directus/Application/Http/Middleware/AbstractRateLimitMiddleware.php(34): Slim\App->Slim\{closure}(Object(Directus\Application\Http\Request), Object(Directus\Application\Http\Response))
#24 [internal function]: Directus\Application\Http\Middleware\AbstractRateLimitMiddleware->__invoke(Object(Directus\Application\Http\Request), Object(Directus\Application\Http\Response), Object(Closure))
#25 /Users/rijkvanzanten/Development/api/vendor/slim/slim/Slim/DeferredCallable.php(43): call_user_func_array(Object(Directus\Application\Http\Middleware\IpRateLimitMiddleware), Array)
#26 [internal function]: Slim\DeferredCallable->__invoke(Object(Directus\Application\Http\Request), Object(Directus\Application\Http\Response), Object(Closure))
#27 /Users/rijkvanzanten/Development/api/vendor/slim/slim/Slim/MiddlewareAwareTrait.php(70): call_user_func(Object(Slim\DeferredCallable), Object(Directus\Application\Http\Request), Object(Directus\Application\Http\Response), Object(Closure))
#28 /Users/rijkvanzanten/Development/api/vendor/akrabat/rka-ip-address-middleware/src/IpAddress.php(93): Slim\App->Slim\{closure}(Object(Directus\Application\Http\Request), Object(Directus\Application\Http\Response))
#29 [internal function]: RKA\Middleware\IpAddress->__invoke(Object(Directus\Application\Http\Request), Object(Directus\Application\Http\Response), Object(Closure))
#30 /Users/rijkvanzanten/Development/api/vendor/slim/slim/Slim/DeferredCallable.php(43): call_user_func_array(Object(RKA\Middleware\IpAddress), Array)
#31 [internal function]: Slim\DeferredCallable->__invoke(Object(Directus\Application\Http\Request), Object(Directus\Application\Http\Response), Object(Closure))
#32 /Users/rijkvanzanten/Development/api/vendor/slim/slim/Slim/MiddlewareAwareTrait.php(70): call_user_func(Object(Slim\DeferredCallable), Object(Directus\Application\Http\Request), Object(Directus\Application\Http\Response), Object(Closure))
#33 /Users/rijkvanzanten/Development/api/src/core/Directus/Application/Http/Middleware/CorsMiddleware.php(20): Slim\App->Slim\{closure}(Object(Directus\Application\Http\Request), Object(Directus\Application\Http\Response))
#34 [internal function]: Directus\Application\Http\Middleware\CorsMiddleware->__invoke(Object(Directus\Application\Http\Request), Object(Directus\Application\Http\Response), Object(Closure))
#35 /Users/rijkvanzanten/Development/api/vendor/slim/slim/Slim/DeferredCallable.php(43): call_user_func_array(Object(Directus\Application\Http\Middleware\CorsMiddleware), Array)
#36 [internal function]: Slim\DeferredCallable->__invoke(Object(Directus\Application\Http\Request), Object(Directus\Application\Http\Response), Object(Closure))
#37 /Users/rijkvanzanten/Development/api/vendor/slim/slim/Slim/MiddlewareAwareTrait.php(70): call_user_func(Object(Slim\DeferredCallable), Object(Directus\Application\Http\Request), Object(Directus\Application\Http\Response), Object(Closure))
#38 /Users/rijkvanzanten/Development/api/src/core/Directus/Application/Http/Middleware/ResponseCacheMiddleware.php(47): Slim\App->Slim\{closure}(Object(Directus\Application\Http\Request), Object(Directus\Application\Http\Response))
#39 [internal function]: Directus\Application\Http\Middleware\ResponseCacheMiddleware->__invoke(Object(Directus\Application\Http\Request), Object(Directus\Application\Http\Response), Object(Closure))
#40 /Users/rijkvanzanten/Development/api/vendor/slim/slim/Slim/DeferredCallable.php(43): call_user_func_array(Object(Directus\Application\Http\Middleware\ResponseCacheMiddleware), Array)
#41 [internal function]: Slim\DeferredCallable->__invoke(Object(Directus\Application\Http\Request), Object(Directus\Application\Http\Response), Object(Closure))
#42 /Users/rijkvanzanten/Development/api/vendor/slim/slim/Slim/MiddlewareAwareTrait.php(70): call_user_func(Object(Slim\DeferredCallable), Object(Directus\Application\Http\Request), Object(Directus\Application\Http\Response), Object(Closure))
#43 /Users/rijkvanzanten/Development/api/vendor/slim/slim/Slim/MiddlewareAwareTrait.php(117): Slim\App->Slim\{closure}(Object(Directus\Application\Http\Request), Object(Directus\Application\Http\Response))
#44 /Users/rijkvanzanten/Development/api/vendor/slim/slim/Slim/App.php(406): Slim\App->callMiddlewareStack(Object(Directus\Application\Http\Request), Object(Directus\Application\Http\Response))
#45 /Users/rijkvanzanten/Development/api/vendor/slim/slim/Slim/App.php(314): Slim\App->process(Object(Directus\Application\Http\Request), Object(Directus\Application\Http\Response))
#46 /Users/rijkvanzanten/Development/api/src/core/Directus/Application/Application.php(161): Slim\App->run(false)
#47 /Users/rijkvanzanten/Development/api/public/index.php(5): Directus\Application\Application->run()
#48 {main} [] []
[2018-06-23 17:13:51] api[_].ERROR: Directus\Database\Exception\CollectionNotFoundException: Unable to find collection: rijk in /Users/rijkvanzanten/Development/api/src/core/Directus/Database/Schema/SchemaManager.php:124
Stack trace:
#0 /Users/rijkvanzanten/Development/api/src/core/Directus/Services/TablesService.php(74): Directus\Database\Schema\SchemaManager->getCollection('rijk')
#1 /Users/rijkvanzanten/Development/api/src/endpoints/Fields.php(133): Directus\Services\TablesService->findAllFieldsByCollection('rijk', Array)
#2 [internal function]: Directus\Api\Routes\Fields->allByCollection(Object(Directus\Application\Http\Request), Object(Directus\Application\Http\Response), Array)
#3 /Users/rijkvanzanten/Development/api/vendor/slim/slim/Slim/Handlers/Strategies/RequestResponse.php(41): call_user_func(Array, Object(Directus\Application\Http\Request), Object(Directus\Application\Http\Response), Array)
#4 /Users/rijkvanzanten/Development/api/vendor/slim/slim/Slim/Route.php(335): Slim\Handlers\Strategies\RequestResponse->__invoke(Array, Object(Directus\Application\Http\Request), Object(Directus\Application\Http\Response), Array)
#5 /Users/rijkvanzanten/Development/api/src/core/Directus/Application/Http/Middleware/AbstractRateLimitMiddleware.php(34): Slim\Route->__invoke(Object(Directus\Application\Http\Request), Object(Directus\Application\Http\Response))
#6 [internal function]: Directus\Application\Http\Middleware\AbstractRateLimitMiddleware->__invoke(Object(Directus\Application\Http\Request), Object(Directus\Application\Http\Response), Object(Slim\Route))
#7 /Users/rijkvanzanten/Development/api/vendor/slim/slim/Slim/DeferredCallable.php(43): call_user_func_array(Object(Directus\Application\Http\Middleware\UserRateLimitMiddleware), Array)
#8 [internal function]: Slim\DeferredCallable->__invoke(Object(Directus\Application\Http\Request), Object(Directus\Application\Http\Response), Object(Slim\Route))
#9 /Users/rijkvanzanten/Development/api/vendor/slim/slim/Slim/MiddlewareAwareTrait.php(70): call_user_func(Object(Slim\DeferredCallable), Object(Directus\Application\Http\Request), Object(Directus\Application\Http\Response), Object(Slim\Route))
#10 /Users/rijkvanzanten/Development/api/src/core/Directus/Application/Http/Middleware/AuthenticationMiddleware.php(69): Slim\Route->Slim\{closure}(Object(Directus\Application\Http\Request), Object(Directus\Application\Http\Response))
#11 [internal function]: Directus\Application\Http\Middleware\AuthenticationMiddleware->__invoke(Object(Directus\Application\Http\Request), Object(Directus\Application\Http\Response), Object(Closure))
#12 /Users/rijkvanzanten/Development/api/vendor/slim/slim/Slim/DeferredCallable.php(43): call_user_func_array(Object(Directus\Application\Http\Middleware\AuthenticationMiddleware), Array)
#13 [internal function]: Slim\DeferredCallable->__invoke(Object(Directus\Application\Http\Request), Object(Directus\Application\Http\Response), Object(Closure))
#14 /Users/rijkvanzanten/Development/api/vendor/slim/slim/Slim/MiddlewareAwareTrait.php(70): call_user_func(Object(Slim\DeferredCallable), Object(Directus\Application\Http\Request), Object(Directus\Application\Http\Response), Object(Closure))
#15 /Users/rijkvanzanten/Development/api/vendor/slim/slim/Slim/MiddlewareAwareTrait.php(117): Slim\Route->Slim\{closure}(Object(Directus\Application\Http\Request), Object(Directus\Application\Http\Response))
#16 /Users/rijkvanzanten/Development/api/vendor/slim/slim/Slim/Route.php(313): Slim\Route->callMiddlewareStack(Object(Directus\Application\Http\Request), Object(Directus\Application\Http\Response))
#17 /Users/rijkvanzanten/Development/api/vendor/slim/slim/Slim/App.php(513): Slim\Route->run(Object(Directus\Application\Http\Request), Object(Directus\Application\Http\Response))
#18 /Users/rijkvanzanten/Development/api/src/core/Directus/Application/Http/Middleware/TableGatewayMiddleware.php(39): Slim\App->__invoke(Object(Directus\Application\Http\Request), Object(Directus\Application\Http\Response))
#19 [internal function]: Directus\Application\Http\Middleware\TableGatewayMiddleware->__invoke(Object(Directus\Application\Http\Request), Object(Directus\Application\Http\Response), Object(Directus\Application\Application))
#20 /Users/rijkvanzanten/Development/api/vendor/slim/slim/Slim/DeferredCallable.php(43): call_user_func_array(Object(Directus\Application\Http\Middleware\TableGatewayMiddleware), Array)
#21 [internal function]: Slim\DeferredCallable->__invoke(Object(Directus\Application\Http\Request), Object(Directus\Application\Http\Response), Object(Directus\Application\Application))
#22 /Users/rijkvanzanten/Development/api/vendor/slim/slim/Slim/MiddlewareAwareTrait.php(70): call_user_func(Object(Slim\DeferredCallable), Object(Directus\Application\Http\Request), Object(Directus\Application\Http\Response), Object(Directus\Application\Application))
#23 /Users/rijkvanzanten/Development/api/src/core/Directus/Application/Http/Middleware/AbstractRateLimitMiddleware.php(34): Slim\App->Slim\{closure}(Object(Directus\Application\Http\Request), Object(Directus\Application\Http\Response))
#24 [internal function]: Directus\Application\Http\Middleware\AbstractRateLimitMiddleware->__invoke(Object(Directus\Application\Http\Request), Object(Directus\Application\Http\Response), Object(Closure))
#25 /Users/rijkvanzanten/Development/api/vendor/slim/slim/Slim/DeferredCallable.php(43): call_user_func_array(Object(Directus\Application\Http\Middleware\IpRateLimitMiddleware), Array)
#26 [internal function]: Slim\DeferredCallable->__invoke(Object(Directus\Application\Http\Request), Object(Directus\Application\Http\Response), Object(Closure))
#27 /Users/rijkvanzanten/Development/api/vendor/slim/slim/Slim/MiddlewareAwareTrait.php(70): call_user_func(Object(Slim\DeferredCallable), Object(Directus\Application\Http\Request), Object(Directus\Application\Http\Response), Object(Closure))
#28 /Users/rijkvanzanten/Development/api/vendor/akrabat/rka-ip-address-middleware/src/IpAddress.php(93): Slim\App->Slim\{closure}(Object(Directus\Application\Http\Request), Object(Directus\Application\Http\Response))
#29 [internal function]: RKA\Middleware\IpAddress->__invoke(Object(Directus\Application\Http\Request), Object(Directus\Application\Http\Response), Object(Closure))
#30 /Users/rijkvanzanten/Development/api/vendor/slim/slim/Slim/DeferredCallable.php(43): call_user_func_array(Object(RKA\Middleware\IpAddress), Array)
#31 [internal function]: Slim\DeferredCallable->__invoke(Object(Directus\Application\Http\Request), Object(Directus\Application\Http\Response), Object(Closure))
#32 /Users/rijkvanzanten/Development/api/vendor/slim/slim/Slim/MiddlewareAwareTrait.php(70): call_user_func(Object(Slim\DeferredCallable), Object(Directus\Application\Http\Request), Object(Directus\Application\Http\Response), Object(Closure))
#33 /Users/rijkvanzanten/Development/api/src/core/Directus/Application/Http/Middleware/CorsMiddleware.php(20): Slim\App->Slim\{closure}(Object(Directus\Application\Http\Request), Object(Directus\Application\Http\Response))
#34 [internal function]: Directus\Application\Http\Middleware\CorsMiddleware->__invoke(Object(Directus\Application\Http\Request), Object(Directus\Application\Http\Response), Object(Closure))
#35 /Users/rijkvanzanten/Development/api/vendor/slim/slim/Slim/DeferredCallable.php(43): call_user_func_array(Object(Directus\Application\Http\Middleware\CorsMiddleware), Array)
#36 [internal function]: Slim\DeferredCallable->__invoke(Object(Directus\Application\Http\Request), Object(Directus\Application\Http\Response), Object(Closure))
#37 /Users/rijkvanzanten/Development/api/vendor/slim/slim/Slim/MiddlewareAwareTrait.php(70): call_user_func(Object(Slim\DeferredCallable), Object(Directus\Application\Http\Request), Object(Directus\Application\Http\Response), Object(Closure))
#38 /Users/rijkvanzanten/Development/api/src/core/Directus/Application/Http/Middleware/ResponseCacheMiddleware.php(47): Slim\App->Slim\{closure}(Object(Directus\Application\Http\Request), Object(Directus\Application\Http\Response))
#39 [internal function]: Directus\Application\Http\Middleware\ResponseCacheMiddleware->__invoke(Object(Directus\Application\Http\Request), Object(Directus\Application\Http\Response), Object(Closure))
#40 /Users/rijkvanzanten/Development/api/vendor/slim/slim/Slim/DeferredCallable.php(43): call_user_func_array(Object(Directus\Application\Http\Middleware\ResponseCacheMiddleware), Array)
#41 [internal function]: Slim\DeferredCallable->__invoke(Object(Directus\Application\Http\Request), Object(Directus\Application\Http\Response), Object(Closure))
#42 /Users/rijkvanzanten/Development/api/vendor/slim/slim/Slim/MiddlewareAwareTrait.php(70): call_user_func(Object(Slim\DeferredCallable), Object(Directus\Application\Http\Request), Object(Directus\Application\Http\Response), Object(Closure))
#43 /Users/rijkvanzanten/Development/api/vendor/slim/slim/Slim/MiddlewareAwareTrait.php(117): Slim\App->Slim\{closure}(Object(Directus\Application\Http\Request), Object(Directus\Application\Http\Response))
#44 /Users/rijkvanzanten/Development/api/vendor/slim/slim/Slim/App.php(406): Slim\App->callMiddlewareStack(Object(Directus\Application\Http\Request), Object(Directus\Application\Http\Response))
#45 /Users/rijkvanzanten/Development/api/vendor/slim/slim/Slim/App.php(314): Slim\App->process(Object(Directus\Application\Http\Request), Object(Directus\Application\Http\Response))
#46 /Users/rijkvanzanten/Development/api/src/core/Directus/Application/Application.php(161): Slim\App->run(false)
#47 /Users/rijkvanzanten/Development/api/public/index.php(5): Directus\Application\Application->run()
#48 {main} [] []
[2018-06-23 17:14:30] api[_].ERROR: Directus\Database\Exception\CollectionNotFoundException: Unable to find collection: rijk in /Users/rijkvanzanten/Development/api/src/core/Directus/Database/Schema/SchemaManager.php:124
Stack trace:
#0 /Users/rijkvanzanten/Development/api/src/core/Directus/Services/TablesService.php(74): Directus\Database\Schema\SchemaManager->getCollection('rijk')
#1 /Users/rijkvanzanten/Development/api/src/endpoints/Fields.php(133): Directus\Services\TablesService->findAllFieldsByCollection('rijk', Array)
#2 [internal function]: Directus\Api\Routes\Fields->allByCollection(Object(Directus\Application\Http\Request), Object(Directus\Application\Http\Response), Array)
#3 /Users/rijkvanzanten/Development/api/vendor/slim/slim/Slim/Handlers/Strategies/RequestResponse.php(41): call_user_func(Array, Object(Directus\Application\Http\Request), Object(Directus\Application\Http\Response), Array)
#4 /Users/rijkvanzanten/Development/api/vendor/slim/slim/Slim/Route.php(335): Slim\Handlers\Strategies\RequestResponse->__invoke(Array, Object(Directus\Application\Http\Request), Object(Directus\Application\Http\Response), Array)
#5 /Users/rijkvanzanten/Development/api/src/core/Directus/Application/Http/Middleware/AbstractRateLimitMiddleware.php(34): Slim\Route->__invoke(Object(Directus\Application\Http\Request), Object(Directus\Application\Http\Response))
#6 [internal function]: Directus\Application\Http\Middleware\AbstractRateLimitMiddleware->__invoke(Object(Directus\Application\Http\Request), Object(Directus\Application\Http\Response), Object(Slim\Route))
#7 /Users/rijkvanzanten/Development/api/vendor/slim/slim/Slim/DeferredCallable.php(43): call_user_func_array(Object(Directus\Application\Http\Middleware\UserRateLimitMiddleware), Array)
#8 [internal function]: Slim\DeferredCallable->__invoke(Object(Directus\Application\Http\Request), Object(Directus\Application\Http\Response), Object(Slim\Route))
#9 /Users/rijkvanzanten/Development/api/vendor/slim/slim/Slim/MiddlewareAwareTrait.php(70): call_user_func(Object(Slim\DeferredCallable), Object(Directus\Application\Http\Request), Object(Directus\Application\Http\Response), Object(Slim\Route))
#10 /Users/rijkvanzanten/Development/api/src/core/Directus/Application/Http/Middleware/AuthenticationMiddleware.php(69): Slim\Route->Slim\{closure}(Object(Directus\Application\Http\Request), Object(Directus\Application\Http\Response))
#11 [internal function]: Directus\Application\Http\Middleware\AuthenticationMiddleware->__invoke(Object(Directus\Application\Http\Request), Object(Directus\Application\Http\Response), Object(Closure))
#12 /Users/rijkvanzanten/Development/api/vendor/slim/slim/Slim/DeferredCallable.php(43): call_user_func_array(Object(Directus\Application\Http\Middleware\AuthenticationMiddleware), Array)
#13 [internal function]: Slim\DeferredCallable->__invoke(Object(Directus\Application\Http\Request), Object(Directus\Application\Http\Response), Object(Closure))
#14 /Users/rijkvanzanten/Development/api/vendor/slim/slim/Slim/MiddlewareAwareTrait.php(70): call_user_func(Object(Slim\DeferredCallable), Object(Directus\Application\Http\Request), Object(Directus\Application\Http\Response), Object(Closure))
#15 /Users/rijkvanzanten/Development/api/vendor/slim/slim/Slim/MiddlewareAwareTrait.php(117): Slim\Route->Slim\{closure}(Object(Directus\Application\Http\Request), Object(Directus\Application\Http\Response))
#16 /Users/rijkvanzanten/Development/api/vendor/slim/slim/Slim/Route.php(313): Slim\Route->callMiddlewareStack(Object(Directus\Application\Http\Request), Object(Directus\Application\Http\Response))
#17 /Users/rijkvanzanten/Development/api/vendor/slim/slim/Slim/App.php(513): Slim\Route->run(Object(Directus\Application\Http\Request), Object(Directus\Application\Http\Response))
#18 /Users/rijkvanzanten/Development/api/src/core/Directus/Application/Http/Middleware/TableGatewayMiddleware.php(39): Slim\App->__invoke(Object(Directus\Application\Http\Request), Object(Directus\Application\Http\Response))
#19 [internal function]: Directus\Application\Http\Middleware\TableGatewayMiddleware->__invoke(Object(Directus\Application\Http\Request), Object(Directus\Application\Http\Response), Object(Directus\Application\Application))
#20 /Users/rijkvanzanten/Development/api/vendor/slim/slim/Slim/DeferredCallable.php(43): call_user_func_array(Object(Directus\Application\Http\Middleware\TableGatewayMiddleware), Array)
#21 [internal function]: Slim\DeferredCallable->__invoke(Object(Directus\Application\Http\Request), Object(Directus\Application\Http\Response), Object(Directus\Application\Application))
#22 /Users/rijkvanzanten/Development/api/vendor/slim/slim/Slim/MiddlewareAwareTrait.php(70): call_user_func(Object(Slim\DeferredCallable), Object(Directus\Application\Http\Request), Object(Directus\Application\Http\Response), Object(Directus\Application\Application))
#23 /Users/rijkvanzanten/Development/api/src/core/Directus/Application/Http/Middleware/AbstractRateLimitMiddleware.php(34): Slim\App->Slim\{closure}(Object(Directus\Application\Http\Request), Object(Directus\Application\Http\Response))
#24 [internal function]: Directus\Application\Http\Middleware\AbstractRateLimitMiddleware->__invoke(Object(Directus\Application\Http\Request), Object(Directus\Application\Http\Response), Object(Closure))
#25 /Users/rijkvanzanten/Development/api/vendor/slim/slim/Slim/DeferredCallable.php(43): call_user_func_array(Object(Directus\Application\Http\Middleware\IpRateLimitMiddleware), Array)
#26 [internal function]: Slim\DeferredCallable->__invoke(Object(Directus\Application\Http\Request), Object(Directus\Application\Http\Response), Object(Closure))
#27 /Users/rijkvanzanten/Development/api/vendor/slim/slim/Slim/MiddlewareAwareTrait.php(70): call_user_func(Object(Slim\DeferredCallable), Object(Directus\Application\Http\Request), Object(Directus\Application\Http\Response), Object(Closure))
#28 /Users/rijkvanzanten/Development/api/vendor/akrabat/rka-ip-address-middleware/src/IpAddress.php(93): Slim\App->Slim\{closure}(Object(Directus\Application\Http\Request), Object(Directus\Application\Http\Response))
#29 [internal function]: RKA\Middleware\IpAddress->__invoke(Object(Directus\Application\Http\Request), Object(Directus\Application\Http\Response), Object(Closure))
#30 /Users/rijkvanzanten/Development/api/vendor/slim/slim/Slim/DeferredCallable.php(43): call_user_func_array(Object(RKA\Middleware\IpAddress), Array)
#31 [internal function]: Slim\DeferredCallable->__invoke(Object(Directus\Application\Http\Request), Object(Directus\Application\Http\Response), Object(Closure))
#32 /Users/rijkvanzanten/Development/api/vendor/slim/slim/Slim/MiddlewareAwareTrait.php(70): call_user_func(Object(Slim\DeferredCallable), Object(Directus\Application\Http\Request), Object(Directus\Application\Http\Response), Object(Closure))
#33 /Users/rijkvanzanten/Development/api/src/core/Directus/Application/Http/Middleware/CorsMiddleware.php(20): Slim\App->Slim\{closure}(Object(Directus\Application\Http\Request), Object(Directus\Application\Http\Response))
#34 [internal function]: Directus\Application\Http\Middleware\CorsMiddleware->__invoke(Object(Directus\Application\Http\Request), Object(Directus\Application\Http\Response), Object(Closure))
#35 /Users/rijkvanzanten/Development/api/vendor/slim/slim/Slim/DeferredCallable.php(43): call_user_func_array(Object(Directus\Application\Http\Middleware\CorsMiddleware), Array)
#36 [internal function]: Slim\DeferredCallable->__invoke(Object(Directus\Application\Http\Request), Object(Directus\Application\Http\Response), Object(Closure))
#37 /Users/rijkvanzanten/Development/api/vendor/slim/slim/Slim/MiddlewareAwareTrait.php(70): call_user_func(Object(Slim\DeferredCallable), Object(Directus\Application\Http\Request), Object(Directus\Application\Http\Response), Object(Closure))
#38 /Users/rijkvanzanten/Development/api/src/core/Directus/Application/Http/Middleware/ResponseCacheMiddleware.php(47): Slim\App->Slim\{closure}(Object(Directus\Application\Http\Request), Object(Directus\Application\Http\Response))
#39 [internal function]: Directus\Application\Http\Middleware\ResponseCacheMiddleware->__invoke(Object(Directus\Application\Http\Request), Object(Directus\Application\Http\Response), Object(Closure))
#40 /Users/rijkvanzanten/Development/api/vendor/slim/slim/Slim/DeferredCallable.php(43): call_user_func_array(Object(Directus\Application\Http\Middleware\ResponseCacheMiddleware), Array)
#41 [internal function]: Slim\DeferredCallable->__invoke(Object(Directus\Application\Http\Request), Object(Directus\Application\Http\Response), Object(Closure))
#42 /Users/rijkvanzanten/Development/api/vendor/slim/slim/Slim/MiddlewareAwareTrait.php(70): call_user_func(Object(Slim\DeferredCallable), Object(Directus\Application\Http\Request), Object(Directus\Application\Http\Response), Object(Closure))
#43 /Users/rijkvanzanten/Development/api/vendor/slim/slim/Slim/MiddlewareAwareTrait.php(117): Slim\App->Slim\{closure}(Object(Directus\Application\Http\Request), Object(Directus\Application\Http\Response))
#44 /Users/rijkvanzanten/Development/api/vendor/slim/slim/Slim/App.php(406): Slim\App->callMiddlewareStack(Object(Directus\Application\Http\Request), Object(Directus\Application\Http\Response))
#45 /Users/rijkvanzanten/Development/api/vendor/slim/slim/Slim/App.php(314): Slim\App->process(Object(Directus\Application\Http\Request), Object(Directus\Application\Http\Response))
#46 /Users/rijkvanzanten/Development/api/src/core/Directus/Application/Application.php(161): Slim\App->run(false)
#47 /Users/rijkvanzanten/Development/api/public/index.php(5): Directus\Application\Application->run()
#48 {main} [] []
[2018-06-23 17:14:38] api[_].ERROR: Directus\Database\Exception\CollectionNotFoundException: Unable to find collection: rijk in /Users/rijkvanzanten/Development/api/src/core/Directus/Database/Schema/SchemaManager.php:124
Stack trace:
#0 /Users/rijkvanzanten/Development/api/src/core/Directus/Services/TablesService.php(74): Directus\Database\Schema\SchemaManager->getCollection('rijk')
#1 /Users/rijkvanzanten/Development/api/src/endpoints/Fields.php(133): Directus\Services\TablesService->findAllFieldsByCollection('rijk', Array)
#2 [internal function]: Directus\Api\Routes\Fields->allByCollection(Object(Directus\Application\Http\Request), Object(Directus\Application\Http\Response), Array)
#3 /Users/rijkvanzanten/Development/api/vendor/slim/slim/Slim/Handlers/Strategies/RequestResponse.php(41): call_user_func(Array, Object(Directus\Application\Http\Request), Object(Directus\Application\Http\Response), Array)
#4 /Users/rijkvanzanten/Development/api/vendor/slim/slim/Slim/Route.php(335): Slim\Handlers\Strategies\RequestResponse->__invoke(Array, Object(Directus\Application\Http\Request), Object(Directus\Application\Http\Response), Array)
#5 /Users/rijkvanzanten/Development/api/src/core/Directus/Application/Http/Middleware/AbstractRateLimitMiddleware.php(34): Slim\Route->__invoke(Object(Directus\Application\Http\Request), Object(Directus\Application\Http\Response))
#6 [internal function]: Directus\Application\Http\Middleware\AbstractRateLimitMiddleware->__invoke(Object(Directus\Application\Http\Request), Object(Directus\Application\Http\Response), Object(Slim\Route))
#7 /Users/rijkvanzanten/Development/api/vendor/slim/slim/Slim/DeferredCallable.php(43): call_user_func_array(Object(Directus\Application\Http\Middleware\UserRateLimitMiddleware), Array)
#8 [internal function]: Slim\DeferredCallable->__invoke(Object(Directus\Application\Http\Request), Object(Directus\Application\Http\Response), Object(Slim\Route))
#9 /Users/rijkvanzanten/Development/api/vendor/slim/slim/Slim/MiddlewareAwareTrait.php(70): call_user_func(Object(Slim\DeferredCallable), Object(Directus\Application\Http\Request), Object(Directus\Application\Http\Response), Object(Slim\Route))
#10 /Users/rijkvanzanten/Development/api/src/core/Directus/Application/Http/Middleware/AuthenticationMiddleware.php(69): Slim\Route->Slim\{closure}(Object(Directus\Application\Http\Request), Object(Directus\Application\Http\Response))
#11 [internal function]: Directus\Application\Http\Middleware\AuthenticationMiddleware->__invoke(Object(Directus\Application\Http\Request), Object(Directus\Application\Http\Response), Object(Closure))
#12 /Users/rijkvanzanten/Development/api/vendor/slim/slim/Slim/DeferredCallable.php(43): call_user_func_array(Object(Directus\Application\Http\Middleware\AuthenticationMiddleware), Array)
#13 [internal function]: Slim\DeferredCallable->__invoke(Object(Directus\Application\Http\Request), Object(Directus\Application\Http\Response), Object(Closure))
#14 /Users/rijkvanzanten/Development/api/vendor/slim/slim/Slim/MiddlewareAwareTrait.php(70): call_user_func(Object(Slim\DeferredCallable), Object(Directus\Application\Http\Request), Object(Directus\Application\Http\Response), Object(Closure))
#15 /Users/rijkvanzanten/Development/api/vendor/slim/slim/Slim/MiddlewareAwareTrait.php(117): Slim\Route->Slim\{closure}(Object(Directus\Application\Http\Request), Object(Directus\Application\Http\Response))
#16 /Users/rijkvanzanten/Development/api/vendor/slim/slim/Slim/Route.php(313): Slim\Route->callMiddlewareStack(Object(Directus\Application\Http\Request), Object(Directus\Application\Http\Response))
#17 /Users/rijkvanzanten/Development/api/vendor/slim/slim/Slim/App.php(513): Slim\Route->run(Object(Directus\Application\Http\Request), Object(Directus\Application\Http\Response))
#18 /Users/rijkvanzanten/Development/api/src/core/Directus/Application/Http/Middleware/TableGatewayMiddleware.php(39): Slim\App->__invoke(Object(Directus\Application\Http\Request), Object(Directus\Application\Http\Response))
#19 [internal function]: Directus\Application\Http\Middleware\TableGatewayMiddleware->__invoke(Object(Directus\Application\Http\Request), Object(Directus\Application\Http\Response), Object(Directus\Application\Application))
#20 /Users/rijkvanzanten/Development/api/vendor/slim/slim/Slim/DeferredCallable.php(43): call_user_func_array(Object(Directus\Application\Http\Middleware\TableGatewayMiddleware), Array)
#21 [internal function]: Slim\DeferredCallable->__invoke(Object(Directus\Application\Http\Request), Object(Directus\Application\Http\Response), Object(Directus\Application\Application))
#22 /Users/rijkvanzanten/Development/api/vendor/slim/slim/Slim/MiddlewareAwareTrait.php(70): call_user_func(Object(Slim\DeferredCallable), Object(Directus\Application\Http\Request), Object(Directus\Application\Http\Response), Object(Directus\Application\Application))
#23 /Users/rijkvanzanten/Development/api/src/core/Directus/Application/Http/Middleware/AbstractRateLimitMiddleware.php(34): Slim\App->Slim\{closure}(Object(Directus\Application\Http\Request), Object(Directus\Application\Http\Response))
#24 [internal function]: Directus\Application\Http\Middleware\AbstractRateLimitMiddleware->__invoke(Object(Directus\Application\Http\Request), Object(Directus\Application\Http\Response), Object(Closure))
#25 /Users/rijkvanzanten/Development/api/vendor/slim/slim/Slim/DeferredCallable.php(43): call_user_func_array(Object(Directus\Application\Http\Middleware\IpRateLimitMiddleware), Array)
#26 [internal function]: Slim\DeferredCallable->__invoke(Object(Directus\Application\Http\Request), Object(Directus\Application\Http\Response), Object(Closure))
#27 /Users/rijkvanzanten/Development/api/vendor/slim/slim/Slim/MiddlewareAwareTrait.php(70): call_user_func(Object(Slim\DeferredCallable), Object(Directus\Application\Http\Request), Object(Directus\Application\Http\Response), Object(Closure))
#28 /Users/rijkvanzanten/Development/api/vendor/akrabat/rka-ip-address-middleware/src/IpAddress.php(93): Slim\App->Slim\{closure}(Object(Directus\Application\Http\Request), Object(Directus\Application\Http\Response))
#29 [internal function]: RKA\Middleware\IpAddress->__invoke(Object(Directus\Application\Http\Request), Object(Directus\Application\Http\Response), Object(Closure))
#30 /Users/rijkvanzanten/Development/api/vendor/slim/slim/Slim/DeferredCallable.php(43): call_user_func_array(Object(RKA\Middleware\IpAddress), Array)
#31 [internal function]: Slim\DeferredCallable->__invoke(Object(Directus\Application\Http\Request), Object(Directus\Application\Http\Response), Object(Closure))
#32 /Users/rijkvanzanten/Development/api/vendor/slim/slim/Slim/MiddlewareAwareTrait.php(70): call_user_func(Object(Slim\DeferredCallable), Object(Directus\Application\Http\Request), Object(Directus\Application\Http\Response), Object(Closure))
#33 /Users/rijkvanzanten/Development/api/src/core/Directus/Application/Http/Middleware/CorsMiddleware.php(20): Slim\App->Slim\{closure}(Object(Directus\Application\Http\Request), Object(Directus\Application\Http\Response))
#34 [internal function]: Directus\Application\Http\Middleware\CorsMiddleware->__invoke(Object(Directus\Application\Http\Request), Object(Directus\Application\Http\Response), Object(Closure))
#35 /Users/rijkvanzanten/Development/api/vendor/slim/slim/Slim/DeferredCallable.php(43): call_user_func_array(Object(Directus\Application\Http\Middleware\CorsMiddleware), Array)
#36 [internal function]: Slim\DeferredCallable->__invoke(Object(Directus\Application\Http\Request), Object(Directus\Application\Http\Response), Object(Closure))
#37 /Users/rijkvanzanten/Development/api/vendor/slim/slim/Slim/MiddlewareAwareTrait.php(70): call_user_func(Object(Slim\DeferredCallable), Object(Directus\Application\Http\Request), Object(Directus\Application\Http\Response), Object(Closure))
#38 /Users/rijkvanzanten/Development/api/src/core/Directus/Application/Http/Middleware/ResponseCacheMiddleware.php(47): Slim\App->Slim\{closure}(Object(Directus\Application\Http\Request), Object(Directus\Application\Http\Response))
#39 [internal function]: Directus\Application\Http\Middleware\ResponseCacheMiddleware->__invoke(Object(Directus\Application\Http\Request), Object(Directus\Application\Http\Response), Object(Closure))
#40 /Users/rijkvanzanten/Development/api/vendor/slim/slim/Slim/DeferredCallable.php(43): call_user_func_array(Object(Directus\Application\Http\Middleware\ResponseCacheMiddleware), Array)
#41 [internal function]: Slim\DeferredCallable->__invoke(Object(Directus\Application\Http\Request), Object(Directus\Application\Http\Response), Object(Closure))
#42 /Users/rijkvanzanten/Development/api/vendor/slim/slim/Slim/MiddlewareAwareTrait.php(70): call_user_func(Object(Slim\DeferredCallable), Object(Directus\Application\Http\Request), Object(Directus\Application\Http\Response), Object(Closure))
#43 /Users/rijkvanzanten/Development/api/vendor/slim/slim/Slim/MiddlewareAwareTrait.php(117): Slim\App->Slim\{closure}(Object(Directus\Application\Http\Request), Object(Directus\Application\Http\Response))
#44 /Users/rijkvanzanten/Development/api/vendor/slim/slim/Slim/App.php(406): Slim\App->callMiddlewareStack(Object(Directus\Application\Http\Request), Object(Directus\Application\Http\Response))
#45 /Users/rijkvanzanten/Development/api/vendor/slim/slim/Slim/App.php(314): Slim\App->process(Object(Directus\Application\Http\Request), Object(Directus\Application\Http\Response))
#46 /Users/rijkvanzanten/Development/api/src/core/Directus/Application/Application.php(161): Slim\App->run(false)
#47 /Users/rijkvanzanten/Development/api/public/index.php(5): Directus\Application\Application->run()
#48 {main} [] []
