[2018-06-19 09:59:03] api[_].ERROR: Directus\Database\Exception\InvalidFieldException: Invalid field "message" in /Users/rijkvanzanten/Development/api/src/core/Directus/Database/TableGateway/RelationalTableGateway.php:1996
Stack trace:
#0 /Users/rijkvanzanten/Development/api/src/core/Directus/Database/TableGateway/RelationalTableGateway.php(907): Directus\Database\TableGateway\RelationalTableGateway->validateFields(Array)
#1 /Users/rijkvanzanten/Development/api/src/core/Directus/Database/TableGateway/RelationalTableGateway.php(1028): Directus\Database\TableGateway\RelationalTableGateway->fetchItems(Array)
#2 /Users/rijkvanzanten/Development/api/src/core/Directus/Database/TableGateway/RelationalTableGateway.php(739): Directus\Database\TableGateway\RelationalTableGateway->fetchData(Array)
#3 [internal function]: Directus\Database\TableGateway\RelationalTableGateway->getItems(Array, NULL)
#4 /Users/rijkvanzanten/Development/api/src/core/Directus/Services/AbstractService.php(302): call_user_func_array(Array, Array)
#5 /Users/rijkvanzanten/Development/api/src/core/Directus/Services/AbstractService.php(253): Directus\Services\AbstractService->getDataAndSetResponseCacheTags(Array, Array)
#6 /Users/rijkvanzanten/Development/api/src/core/Directus/Services/ActivityService.php(148): Directus\Services\AbstractService->getItemsAndSetResponseCacheTags(Object(Directus\Database\TableGateway\DirectusActivityTableGateway), Array)
#7 /Users/rijkvanzanten/Development/api/src/endpoints/Activity.php(35): Directus\Services\ActivityService->findAll(Array)
#8 [internal function]: Directus\Api\Routes\Activity->all(Object(Directus\Application\Http\Request), Object(Directus\Application\Http\Response), Array)
#9 /Users/rijkvanzanten/Development/api/vendor/slim/slim/Slim/Handlers/Strategies/RequestResponse.php(41): call_user_func(Array, Object(Directus\Application\Http\Request), Object(Directus\Application\Http\Response), Array)
#10 /Users/rijkvanzanten/Development/api/vendor/slim/slim/Slim/Route.php(335): Slim\Handlers\Strategies\RequestResponse->__invoke(Array, Object(Directus\Application\Http\Request), Object(Directus\Application\Http\Response), Array)
#11 /Users/rijkvanzanten/Development/api/src/core/Directus/Application/Http/Middleware/AbstractRateLimitMiddleware.php(34): Slim\Route->__invoke(Object(Directus\Application\Http\Request), Object(Directus\Application\Http\Response))
#12 [internal function]: Directus\Application\Http\Middleware\AbstractRateLimitMiddleware->__invoke(Object(Directus\Application\Http\Request), Object(Directus\Application\Http\Response), Object(Slim\Route))
#13 /Users/rijkvanzanten/Development/api/vendor/slim/slim/Slim/DeferredCallable.php(43): call_user_func_array(Object(Directus\Application\Http\Middleware\UserRateLimitMiddleware), Array)
#14 [internal function]: Slim\DeferredCallable->__invoke(Object(Directus\Application\Http\Request), Object(Directus\Application\Http\Response), Object(Slim\Route))
#15 /Users/rijkvanzanten/Development/api/vendor/slim/slim/Slim/MiddlewareAwareTrait.php(70): call_user_func(Object(Slim\DeferredCallable), Object(Directus\Application\Http\Request), Object(Directus\Application\Http\Response), Object(Slim\Route))
#16 /Users/rijkvanzanten/Development/api/src/core/Directus/Application/Http/Middleware/AuthenticationMiddleware.php(69): Slim\Route->Slim\{closure}(Object(Directus\Application\Http\Request), Object(Directus\Application\Http\Response))
#17 [internal function]: Directus\Application\Http\Middleware\AuthenticationMiddleware->__invoke(Object(Directus\Application\Http\Request), Object(Directus\Application\Http\Response), Object(Closure))
#18 /Users/rijkvanzanten/Development/api/vendor/slim/slim/Slim/DeferredCallable.php(43): call_user_func_array(Object(Directus\Application\Http\Middleware\AuthenticationMiddleware), Array)
#19 [internal function]: Slim\DeferredCallable->__invoke(Object(Directus\Application\Http\Request), Object(Directus\Application\Http\Response), Object(Closure))
#20 /Users/rijkvanzanten/Development/api/vendor/slim/slim/Slim/MiddlewareAwareTrait.php(70): call_user_func(Object(Slim\DeferredCallable), Object(Directus\Application\Http\Request), Object(Directus\Application\Http\Response), Object(Closure))
#21 /Users/rijkvanzanten/Development/api/vendor/slim/slim/Slim/MiddlewareAwareTrait.php(117): Slim\Route->Slim\{closure}(Object(Directus\Application\Http\Request), Object(Directus\Application\Http\Response))
#22 /Users/rijkvanzanten/Development/api/vendor/slim/slim/Slim/Route.php(313): Slim\Route->callMiddlewareStack(Object(Directus\Application\Http\Request), Object(Directus\Application\Http\Response))
#23 /Users/rijkvanzanten/Development/api/vendor/slim/slim/Slim/App.php(513): Slim\Route->run(Object(Directus\Application\Http\Request), Object(Directus\Application\Http\Response))
#24 /Users/rijkvanzanten/Development/api/src/core/Directus/Application/Http/Middleware/TableGatewayMiddleware.php(39): Slim\App->__invoke(Object(Directus\Application\Http\Request), Object(Directus\Application\Http\Response))
#25 [internal function]: Directus\Application\Http\Middleware\TableGatewayMiddleware->__invoke(Object(Directus\Application\Http\Request), Object(Directus\Application\Http\Response), Object(Directus\Application\Application))
#26 /Users/rijkvanzanten/Development/api/vendor/slim/slim/Slim/DeferredCallable.php(43): call_user_func_array(Object(Directus\Application\Http\Middleware\TableGatewayMiddleware), Array)
#27 [internal function]: Slim\DeferredCallable->__invoke(Object(Directus\Application\Http\Request), Object(Directus\Application\Http\Response), Object(Directus\Application\Application))
#28 /Users/rijkvanzanten/Development/api/vendor/slim/slim/Slim/MiddlewareAwareTrait.php(70): call_user_func(Object(Slim\DeferredCallable), Object(Directus\Application\Http\Request), Object(Directus\Application\Http\Response), Object(Directus\Application\Application))
#29 /Users/rijkvanzanten/Development/api/src/core/Directus/Application/Http/Middleware/AbstractRateLimitMiddleware.php(34): Slim\App->Slim\{closure}(Object(Directus\Application\Http\Request), Object(Directus\Application\Http\Response))
#30 [internal function]: Directus\Application\Http\Middleware\AbstractRateLimitMiddleware->__invoke(Object(Directus\Application\Http\Request), Object(Directus\Application\Http\Response), Object(Closure))
#31 /Users/rijkvanzanten/Development/api/vendor/slim/slim/Slim/DeferredCallable.php(43): call_user_func_array(Object(Directus\Application\Http\Middleware\IpRateLimitMiddleware), Array)
#32 [internal function]: Slim\DeferredCallable->__invoke(Object(Directus\Application\Http\Request), Object(Directus\Application\Http\Response), Object(Closure))
#33 /Users/rijkvanzanten/Development/api/vendor/slim/slim/Slim/MiddlewareAwareTrait.php(70): call_user_func(Object(Slim\DeferredCallable), Object(Directus\Application\Http\Request), Object(Directus\Application\Http\Response), Object(Closure))
#34 /Users/rijkvanzanten/Development/api/vendor/akrabat/rka-ip-address-middleware/src/IpAddress.php(93): Slim\App->Slim\{closure}(Object(Directus\Application\Http\Request), Object(Directus\Application\Http\Response))
#35 [internal function]: RKA\Middleware\IpAddress->__invoke(Object(Directus\Application\Http\Request), Object(Directus\Application\Http\Response), Object(Closure))
#36 /Users/rijkvanzanten/Development/api/vendor/slim/slim/Slim/DeferredCallable.php(43): call_user_func_array(Object(RKA\Middleware\IpAddress), Array)
#37 [internal function]: Slim\DeferredCallable->__invoke(Object(Directus\Application\Http\Request), Object(Directus\Application\Http\Response), Object(Closure))
#38 /Users/rijkvanzanten/Development/api/vendor/slim/slim/Slim/MiddlewareAwareTrait.php(70): call_user_func(Object(Slim\DeferredCallable), Object(Directus\Application\Http\Request), Object(Directus\Application\Http\Response), Object(Closure))
#39 /Users/rijkvanzanten/Development/api/src/core/Directus/Application/Http/Middleware/CorsMiddleware.php(20): Slim\App->Slim\{closure}(Object(Directus\Application\Http\Request), Object(Directus\Application\Http\Response))
#40 [internal function]: Directus\Application\Http\Middleware\CorsMiddleware->__invoke(Object(Directus\Application\Http\Request), Object(Directus\Application\Http\Response), Object(Closure))
#41 /Users/rijkvanzanten/Development/api/vendor/slim/slim/Slim/DeferredCallable.php(43): call_user_func_array(Object(Directus\Application\Http\Middleware\CorsMiddleware), Array)
#42 [internal function]: Slim\DeferredCallable->__invoke(Object(Directus\Application\Http\Request), Object(Directus\Application\Http\Response), Object(Closure))
#43 /Users/rijkvanzanten/Development/api/vendor/slim/slim/Slim/MiddlewareAwareTrait.php(70): call_user_func(Object(Slim\DeferredCallable), Object(Directus\Application\Http\Request), Object(Directus\Application\Http\Response), Object(Closure))
#44 /Users/rijkvanzanten/Development/api/src/core/Directus/Application/Http/Middleware/ResponseCacheMiddleware.php(47): Slim\App->Slim\{closure}(Object(Directus\Application\Http\Request), Object(Directus\Application\Http\Response))
#45 [internal function]: Directus\Application\Http\Middleware\ResponseCacheMiddleware->__invoke(Object(Directus\Application\Http\Request), Object(Directus\Application\Http\Response), Object(Closure))
#46 /Users/rijkvanzanten/Development/api/vendor/slim/slim/Slim/DeferredCallable.php(43): call_user_func_array(Object(Directus\Application\Http\Middleware\ResponseCacheMiddleware), Array)
#47 [internal function]: Slim\DeferredCallable->__invoke(Object(Directus\Application\Http\Request), Object(Directus\Application\Http\Response), Object(Closure))
#48 /Users/rijkvanzanten/Development/api/vendor/slim/slim/Slim/MiddlewareAwareTrait.php(70): call_user_func(Object(Slim\DeferredCallable), Object(Directus\Application\Http\Request), Object(Directus\Application\Http\Response), Object(Closure))
#49 /Users/rijkvanzanten/Development/api/vendor/slim/slim/Slim/MiddlewareAwareTrait.php(117): Slim\App->Slim\{closure}(Object(Directus\Application\Http\Request), Object(Directus\Application\Http\Response))
#50 /Users/rijkvanzanten/Development/api/vendor/slim/slim/Slim/App.php(406): Slim\App->callMiddlewareStack(Object(Directus\Application\Http\Request), Object(Directus\Application\Http\Response))
#51 /Users/rijkvanzanten/Development/api/vendor/slim/slim/Slim/App.php(314): Slim\App->process(Object(Directus\Application\Http\Request), Object(Directus\Application\Http\Response))
#52 /Users/rijkvanzanten/Development/api/src/core/Directus/Application/Application.php(161): Slim\App->run(false)
#53 /Users/rijkvanzanten/Development/api/public/index.php(5): Directus\Application\Application->run()
#54 {main} [] []
[2018-06-19 10:05:08] api[_].ERROR: PDOException: SQLSTATE[42S22]: Column not found: 1054 Unknown column 'external_id' in 'field list' in /Users/rijkvanzanten/Development/api/vendor/zendframework/zend-db/src/Adapter/Driver/Pdo/Statement.php:239
Stack trace:
#0 /Users/rijkvanzanten/Development/api/vendor/zendframework/zend-db/src/Adapter/Driver/Pdo/Statement.php(239): PDOStatement->execute()
#1 /Users/rijkvanzanten/Development/api/vendor/zendframework/zend-db/src/TableGateway/AbstractTableGateway.php(308): Zend\Db\Adapter\Driver\Pdo\Statement->execute()
#2 /Users/rijkvanzanten/Development/api/src/core/Directus/Database/TableGateway/BaseTableGateway.php(740): Zend\Db\TableGateway\AbstractTableGateway->executeInsert(Object(Zend\Db\Sql\Insert))
#3 /Users/rijkvanzanten/Development/api/vendor/zendframework/zend-db/src/TableGateway/AbstractTableGateway.php(264): Directus\Database\TableGateway\BaseTableGateway->executeInsert(Object(Zend\Db\Sql\Insert))
#4 /Users/rijkvanzanten/Development/api/src/core/Directus/Database/TableGateway/BaseTableGateway.php(416): Zend\Db\TableGateway\AbstractTableGateway->insert(Array)
#5 /Users/rijkvanzanten/Development/api/src/core/Directus/Database/TableGateway/RelationalTableGateway.php(208): Directus\Database\TableGateway\BaseTableGateway->addOrUpdateRecordByArray(Array)
#6 /Users/rijkvanzanten/Development/api/src/core/Directus/Database/TableGateway/RelationalTableGateway.php(115): Directus\Database\TableGateway\RelationalTableGateway->manageRecordUpdate('directus_roles', Array, Array)
#7 /Users/rijkvanzanten/Development/api/src/core/Directus/Services/RolesService.php(49): Directus\Database\TableGateway\RelationalTableGateway->updateRecord(Array, Array)
#8 /Users/rijkvanzanten/Development/api/src/endpoints/Roles.php(38): Directus\Services\RolesService->create(Array, Array)
#9 [internal function]: Directus\Api\Routes\Roles->create(Object(Directus\Application\Http\Request), Object(Directus\Application\Http\Response), Array)
#10 /Users/rijkvanzanten/Development/api/vendor/slim/slim/Slim/Handlers/Strategies/RequestResponse.php(41): call_user_func(Array, Object(Directus\Application\Http\Request), Object(Directus\Application\Http\Response), Array)
#11 /Users/rijkvanzanten/Development/api/vendor/slim/slim/Slim/Route.php(335): Slim\Handlers\Strategies\RequestResponse->__invoke(Array, Object(Directus\Application\Http\Request), Object(Directus\Application\Http\Response), Array)
#12 /Users/rijkvanzanten/Development/api/src/core/Directus/Application/Http/Middleware/AbstractRateLimitMiddleware.php(34): Slim\Route->__invoke(Object(Directus\Application\Http\Request), Object(Directus\Application\Http\Response))
#13 [internal function]: Directus\Application\Http\Middleware\AbstractRateLimitMiddleware->__invoke(Object(Directus\Application\Http\Request), Object(Directus\Application\Http\Response), Object(Slim\Route))
#14 /Users/rijkvanzanten/Development/api/vendor/slim/slim/Slim/DeferredCallable.php(43): call_user_func_array(Object(Directus\Application\Http\Middleware\UserRateLimitMiddleware), Array)
#15 [internal function]: Slim\DeferredCallable->__invoke(Object(Directus\Application\Http\Request), Object(Directus\Application\Http\Response), Object(Slim\Route))
#16 /Users/rijkvanzanten/Development/api/vendor/slim/slim/Slim/MiddlewareAwareTrait.php(70): call_user_func(Object(Slim\DeferredCallable), Object(Directus\Application\Http\Request), Object(Directus\Application\Http\Response), Object(Slim\Route))
#17 /Users/rijkvanzanten/Development/api/src/core/Directus/Application/Http/Middleware/AuthenticationMiddleware.php(69): Slim\Route->Slim\{closure}(Object(Directus\Application\Http\Request), Object(Directus\Application\Http\Response))
#18 [internal function]: Directus\Application\Http\Middleware\AuthenticationMiddleware->__invoke(Object(Directus\Application\Http\Request), Object(Directus\Application\Http\Response), Object(Closure))
#19 /Users/rijkvanzanten/Development/api/vendor/slim/slim/Slim/DeferredCallable.php(43): call_user_func_array(Object(Directus\Application\Http\Middleware\AuthenticationMiddleware), Array)
#20 [internal function]: Slim\DeferredCallable->__invoke(Object(Directus\Application\Http\Request), Object(Directus\Application\Http\Response), Object(Closure))
#21 /Users/rijkvanzanten/Development/api/vendor/slim/slim/Slim/MiddlewareAwareTrait.php(70): call_user_func(Object(Slim\DeferredCallable), Object(Directus\Application\Http\Request), Object(Directus\Application\Http\Response), Object(Closure))
#22 /Users/rijkvanzanten/Development/api/vendor/slim/slim/Slim/MiddlewareAwareTrait.php(117): Slim\Route->Slim\{closure}(Object(Directus\Application\Http\Request), Object(Directus\Application\Http\Response))
#23 /Users/rijkvanzanten/Development/api/vendor/slim/slim/Slim/Route.php(313): Slim\Route->callMiddlewareStack(Object(Directus\Application\Http\Request), Object(Directus\Application\Http\Response))
#24 /Users/rijkvanzanten/Development/api/vendor/slim/slim/Slim/App.php(513): Slim\Route->run(Object(Directus\Application\Http\Request), Object(Directus\Application\Http\Response))
#25 /Users/rijkvanzanten/Development/api/src/core/Directus/Application/Http/Middleware/TableGatewayMiddleware.php(39): Slim\App->__invoke(Object(Directus\Application\Http\Request), Object(Directus\Application\Http\Response))
#26 [internal function]: Directus\Application\Http\Middleware\TableGatewayMiddleware->__invoke(Object(Directus\Application\Http\Request), Object(Directus\Application\Http\Response), Object(Directus\Application\Application))
#27 /Users/rijkvanzanten/Development/api/vendor/slim/slim/Slim/DeferredCallable.php(43): call_user_func_array(Object(Directus\Application\Http\Middleware\TableGatewayMiddleware), Array)
#28 [internal function]: Slim\DeferredCallable->__invoke(Object(Directus\Application\Http\Request), Object(Directus\Application\Http\Response), Object(Directus\Application\Application))
#29 /Users/rijkvanzanten/Development/api/vendor/slim/slim/Slim/MiddlewareAwareTrait.php(70): call_user_func(Object(Slim\DeferredCallable), Object(Directus\Application\Http\Request), Object(Directus\Application\Http\Response), Object(Directus\Application\Application))
#30 /Users/rijkvanzanten/Development/api/src/core/Directus/Application/Http/Middleware/AbstractRateLimitMiddleware.php(34): Slim\App->Slim\{closure}(Object(Directus\Application\Http\Request), Object(Directus\Application\Http\Response))
#31 [internal function]: Directus\Application\Http\Middleware\AbstractRateLimitMiddleware->__invoke(Object(Directus\Application\Http\Request), Object(Directus\Application\Http\Response), Object(Closure))
#32 /Users/rijkvanzanten/Development/api/vendor/slim/slim/Slim/DeferredCallable.php(43): call_user_func_array(Object(Directus\Application\Http\Middleware\IpRateLimitMiddleware), Array)
#33 [internal function]: Slim\DeferredCallable->__invoke(Object(Directus\Application\Http\Request), Object(Directus\Application\Http\Response), Object(Closure))
#34 /Users/rijkvanzanten/Development/api/vendor/slim/slim/Slim/MiddlewareAwareTrait.php(70): call_user_func(Object(Slim\DeferredCallable), Object(Directus\Application\Http\Request), Object(Directus\Application\Http\Response), Object(Closure))
#35 /Users/rijkvanzanten/Development/api/vendor/akrabat/rka-ip-address-middleware/src/IpAddress.php(93): Slim\App->Slim\{closure}(Object(Directus\Application\Http\Request), Object(Directus\Application\Http\Response))
#36 [internal function]: RKA\Middleware\IpAddress->__invoke(Object(Directus\Application\Http\Request), Object(Directus\Application\Http\Response), Object(Closure))
#37 /Users/rijkvanzanten/Development/api/vendor/slim/slim/Slim/DeferredCallable.php(43): call_user_func_array(Object(RKA\Middleware\IpAddress), Array)
#38 [internal function]: Slim\DeferredCallable->__invoke(Object(Directus\Application\Http\Request), Object(Directus\Application\Http\Response), Object(Closure))
#39 /Users/rijkvanzanten/Development/api/vendor/slim/slim/Slim/MiddlewareAwareTrait.php(70): call_user_func(Object(Slim\DeferredCallable), Object(Directus\Application\Http\Request), Object(Directus\Application\Http\Response), Object(Closure))
#40 /Users/rijkvanzanten/Development/api/src/core/Directus/Application/Http/Middleware/CorsMiddleware.php(20): Slim\App->Slim\{closure}(Object(Directus\Application\Http\Request), Object(Directus\Application\Http\Response))
#41 [internal function]: Directus\Application\Http\Middleware\CorsMiddleware->__invoke(Object(Directus\Application\Http\Request), Object(Directus\Application\Http\Response), Object(Closure))
#42 /Users/rijkvanzanten/Development/api/vendor/slim/slim/Slim/DeferredCallable.php(43): call_user_func_array(Object(Directus\Application\Http\Middleware\CorsMiddleware), Array)
#43 [internal function]: Slim\DeferredCallable->__invoke(Object(Directus\Application\Http\Request), Object(Directus\Application\Http\Response), Object(Closure))
#44 /Users/rijkvanzanten/Development/api/vendor/slim/slim/Slim/MiddlewareAwareTrait.php(70): call_user_func(Object(Slim\DeferredCallable), Object(Directus\Application\Http\Request), Object(Directus\Application\Http\Response), Object(Closure))
#45 /Users/rijkvanzanten/Development/api/src/core/Directus/Application/Http/Middleware/ResponseCacheMiddleware.php(47): Slim\App->Slim\{closure}(Object(Directus\Application\Http\Request), Object(Directus\Application\Http\Response))
#46 [internal function]: Directus\Application\Http\Middleware\ResponseCacheMiddleware->__invoke(Object(Directus\Application\Http\Request), Object(Directus\Application\Http\Response), Object(Closure))
#47 /Users/rijkvanzanten/Development/api/vendor/slim/slim/Slim/DeferredCallable.php(43): call_user_func_array(Object(Directus\Application\Http\Middleware\ResponseCacheMiddleware), Array)
#48 [internal function]: Slim\DeferredCallable->__invoke(Object(Directus\Application\Http\Request), Object(Directus\Application\Http\Response), Object(Closure))
#49 /Users/rijkvanzanten/Development/api/vendor/slim/slim/Slim/MiddlewareAwareTrait.php(70): call_user_func(Object(Slim\DeferredCallable), Object(Directus\Application\Http\Request), Object(Directus\Application\Http\Response), Object(Closure))
#50 /Users/rijkvanzanten/Development/api/vendor/slim/slim/Slim/MiddlewareAwareTrait.php(117): Slim\App->Slim\{closure}(Object(Directus\Application\Http\Request), Object(Directus\Application\Http\Response))
#51 /Users/rijkvanzanten/Development/api/vendor/slim/slim/Slim/App.php(406): Slim\App->callMiddlewareStack(Object(Directus\Application\Http\Request), Object(Directus\Application\Http\Response))
#52 /Users/rijkvanzanten/Development/api/vendor/slim/slim/Slim/App.php(314): Slim\App->process(Object(Directus\Application\Http\Request), Object(Directus\Application\Http\Response))
#53 /Users/rijkvanzanten/Development/api/src/core/Directus/Application/Application.php(161): Slim\App->run(false)
#54 /Users/rijkvanzanten/Development/api/public/index.php(5): Directus\Application\Application->run()
#55 {main}

Next Zend\Db\Adapter\Exception\InvalidQueryException: Statement could not be executed (42S22 - 1054 - Unknown column 'external_id' in 'field list') in /Users/rijkvanzanten/Development/api/vendor/zendframework/zend-db/src/Adapter/Driver/Pdo/Statement.php:244
Stack trace:
#0 /Users/rijkvanzanten/Development/api/vendor/zendframework/zend-db/src/TableGateway/AbstractTableGateway.php(308): Zend\Db\Adapter\Driver\Pdo\Statement->execute()
#1 /Users/rijkvanzanten/Development/api/src/core/Directus/Database/TableGateway/BaseTableGateway.php(740): Zend\Db\TableGateway\AbstractTableGateway->executeInsert(Object(Zend\Db\Sql\Insert))
#2 /Users/rijkvanzanten/Development/api/vendor/zendframework/zend-db/src/TableGateway/AbstractTableGateway.php(264): Directus\Database\TableGateway\BaseTableGateway->executeInsert(Object(Zend\Db\Sql\Insert))
#3 /Users/rijkvanzanten/Development/api/src/core/Directus/Database/TableGateway/BaseTableGateway.php(416): Zend\Db\TableGateway\AbstractTableGateway->insert(Array)
#4 /Users/rijkvanzanten/Development/api/src/core/Directus/Database/TableGateway/RelationalTableGateway.php(208): Directus\Database\TableGateway\BaseTableGateway->addOrUpdateRecordByArray(Array)
#5 /Users/rijkvanzanten/Development/api/src/core/Directus/Database/TableGateway/RelationalTableGateway.php(115): Directus\Database\TableGateway\RelationalTableGateway->manageRecordUpdate('directus_roles', Array, Array)
#6 /Users/rijkvanzanten/Development/api/src/core/Directus/Services/RolesService.php(49): Directus\Database\TableGateway\RelationalTableGateway->updateRecord(Array, Array)
#7 /Users/rijkvanzanten/Development/api/src/endpoints/Roles.php(38): Directus\Services\RolesService->create(Array, Array)
#8 [internal function]: Directus\Api\Routes\Roles->create(Object(Directus\Application\Http\Request), Object(Directus\Application\Http\Response), Array)
#9 /Users/rijkvanzanten/Development/api/vendor/slim/slim/Slim/Handlers/Strategies/RequestResponse.php(41): call_user_func(Array, Object(Directus\Application\Http\Request), Object(Directus\Application\Http\Response), Array)
#10 /Users/rijkvanzanten/Development/api/vendor/slim/slim/Slim/Route.php(335): Slim\Handlers\Strategies\RequestResponse->__invoke(Array, Object(Directus\Application\Http\Request), Object(Directus\Application\Http\Response), Array)
#11 /Users/rijkvanzanten/Development/api/src/core/Directus/Application/Http/Middleware/AbstractRateLimitMiddleware.php(34): Slim\Route->__invoke(Object(Directus\Application\Http\Request), Object(Directus\Application\Http\Response))
#12 [internal function]: Directus\Application\Http\Middleware\AbstractRateLimitMiddleware->__invoke(Object(Directus\Application\Http\Request), Object(Directus\Application\Http\Response), Object(Slim\Route))
#13 /Users/rijkvanzanten/Development/api/vendor/slim/slim/Slim/DeferredCallable.php(43): call_user_func_array(Object(Directus\Application\Http\Middleware\UserRateLimitMiddleware), Array)
#14 [internal function]: Slim\DeferredCallable->__invoke(Object(Directus\Application\Http\Request), Object(Directus\Application\Http\Response), Object(Slim\Route))
#15 /Users/rijkvanzanten/Development/api/vendor/slim/slim/Slim/MiddlewareAwareTrait.php(70): call_user_func(Object(Slim\DeferredCallable), Object(Directus\Application\Http\Request), Object(Directus\Application\Http\Response), Object(Slim\Route))
#16 /Users/rijkvanzanten/Development/api/src/core/Directus/Application/Http/Middleware/AuthenticationMiddleware.php(69): Slim\Route->Slim\{closure}(Object(Directus\Application\Http\Request), Object(Directus\Application\Http\Response))
#17 [internal function]: Directus\Application\Http\Middleware\AuthenticationMiddleware->__invoke(Object(Directus\Application\Http\Request), Object(Directus\Application\Http\Response), Object(Closure))
#18 /Users/rijkvanzanten/Development/api/vendor/slim/slim/Slim/DeferredCallable.php(43): call_user_func_array(Object(Directus\Application\Http\Middleware\AuthenticationMiddleware), Array)
#19 [internal function]: Slim\DeferredCallable->__invoke(Object(Directus\Application\Http\Request), Object(Directus\Application\Http\Response), Object(Closure))
#20 /Users/rijkvanzanten/Development/api/vendor/slim/slim/Slim/MiddlewareAwareTrait.php(70): call_user_func(Object(Slim\DeferredCallable), Object(Directus\Application\Http\Request), Object(Directus\Application\Http\Response), Object(Closure))
#21 /Users/rijkvanzanten/Development/api/vendor/slim/slim/Slim/MiddlewareAwareTrait.php(117): Slim\Route->Slim\{closure}(Object(Directus\Application\Http\Request), Object(Directus\Application\Http\Response))
#22 /Users/rijkvanzanten/Development/api/vendor/slim/slim/Slim/Route.php(313): Slim\Route->callMiddlewareStack(Object(Directus\Application\Http\Request), Object(Directus\Application\Http\Response))
#23 /Users/rijkvanzanten/Development/api/vendor/slim/slim/Slim/App.php(513): Slim\Route->run(Object(Directus\Application\Http\Request), Object(Directus\Application\Http\Response))
#24 /Users/rijkvanzanten/Development/api/src/core/Directus/Application/Http/Middleware/TableGatewayMiddleware.php(39): Slim\App->__invoke(Object(Directus\Application\Http\Request), Object(Directus\Application\Http\Response))
#25 [internal function]: Directus\Application\Http\Middleware\TableGatewayMiddleware->__invoke(Object(Directus\Application\Http\Request), Object(Directus\Application\Http\Response), Object(Directus\Application\Application))
#26 /Users/rijkvanzanten/Development/api/vendor/slim/slim/Slim/DeferredCallable.php(43): call_user_func_array(Object(Directus\Application\Http\Middleware\TableGatewayMiddleware), Array)
#27 [internal function]: Slim\DeferredCallable->__invoke(Object(Directus\Application\Http\Request), Object(Directus\Application\Http\Response), Object(Directus\Application\Application))
#28 /Users/rijkvanzanten/Development/api/vendor/slim/slim/Slim/MiddlewareAwareTrait.php(70): call_user_func(Object(Slim\DeferredCallable), Object(Directus\Application\Http\Request), Object(Directus\Application\Http\Response), Object(Directus\Application\Application))
#29 /Users/rijkvanzanten/Development/api/src/core/Directus/Application/Http/Middleware/AbstractRateLimitMiddleware.php(34): Slim\App->Slim\{closure}(Object(Directus\Application\Http\Request), Object(Directus\Application\Http\Response))
#30 [internal function]: Directus\Application\Http\Middleware\AbstractRateLimitMiddleware->__invoke(Object(Directus\Application\Http\Request), Object(Directus\Application\Http\Response), Object(Closure))
#31 /Users/rijkvanzanten/Development/api/vendor/slim/slim/Slim/DeferredCallable.php(43): call_user_func_array(Object(Directus\Application\Http\Middleware\IpRateLimitMiddleware), Array)
#32 [internal function]: Slim\DeferredCallable->__invoke(Object(Directus\Application\Http\Request), Object(Directus\Application\Http\Response), Object(Closure))
#33 /Users/rijkvanzanten/Development/api/vendor/slim/slim/Slim/MiddlewareAwareTrait.php(70): call_user_func(Object(Slim\DeferredCallable), Object(Directus\Application\Http\Request), Object(Directus\Application\Http\Response), Object(Closure))
#34 /Users/rijkvanzanten/Development/api/vendor/akrabat/rka-ip-address-middleware/src/IpAddress.php(93): Slim\App->Slim\{closure}(Object(Directus\Application\Http\Request), Object(Directus\Application\Http\Response))
#35 [internal function]: RKA\Middleware\IpAddress->__invoke(Object(Directus\Application\Http\Request), Object(Directus\Application\Http\Response), Object(Closure))
#36 /Users/rijkvanzanten/Development/api/vendor/slim/slim/Slim/DeferredCallable.php(43): call_user_func_array(Object(RKA\Middleware\IpAddress), Array)
#37 [internal function]: Slim\DeferredCallable->__invoke(Object(Directus\Application\Http\Request), Object(Directus\Application\Http\Response), Object(Closure))
#38 /Users/rijkvanzanten/Development/api/vendor/slim/slim/Slim/MiddlewareAwareTrait.php(70): call_user_func(Object(Slim\DeferredCallable), Object(Directus\Application\Http\Request), Object(Directus\Application\Http\Response), Object(Closure))
#39 /Users/rijkvanzanten/Development/api/src/core/Directus/Application/Http/Middleware/CorsMiddleware.php(20): Slim\App->Slim\{closure}(Object(Directus\Application\Http\Request), Object(Directus\Application\Http\Response))
#40 [internal function]: Directus\Application\Http\Middleware\CorsMiddleware->__invoke(Object(Directus\Application\Http\Request), Object(Directus\Application\Http\Response), Object(Closure))
#41 /Users/rijkvanzanten/Development/api/vendor/slim/slim/Slim/DeferredCallable.php(43): call_user_func_array(Object(Directus\Application\Http\Middleware\CorsMiddleware), Array)
#42 [internal function]: Slim\DeferredCallable->__invoke(Object(Directus\Application\Http\Request), Object(Directus\Application\Http\Response), Object(Closure))
#43 /Users/rijkvanzanten/Development/api/vendor/slim/slim/Slim/MiddlewareAwareTrait.php(70): call_user_func(Object(Slim\DeferredCallable), Object(Directus\Application\Http\Request), Object(Directus\Application\Http\Response), Object(Closure))
#44 /Users/rijkvanzanten/Development/api/src/core/Directus/Application/Http/Middleware/ResponseCacheMiddleware.php(47): Slim\App->Slim\{closure}(Object(Directus\Application\Http\Request), Object(Directus\Application\Http\Response))
#45 [internal function]: Directus\Application\Http\Middleware\ResponseCacheMiddleware->__invoke(Object(Directus\Application\Http\Request), Object(Directus\Application\Http\Response), Object(Closure))
#46 /Users/rijkvanzanten/Development/api/vendor/slim/slim/Slim/DeferredCallable.php(43): call_user_func_array(Object(Directus\Application\Http\Middleware\ResponseCacheMiddleware), Array)
#47 [internal function]: Slim\DeferredCallable->__invoke(Object(Directus\Application\Http\Request), Object(Directus\Application\Http\Response), Object(Closure))
#48 /Users/rijkvanzanten/Development/api/vendor/slim/slim/Slim/MiddlewareAwareTrait.php(70): call_user_func(Object(Slim\DeferredCallable), Object(Directus\Application\Http\Request), Object(Directus\Application\Http\Response), Object(Closure))
#49 /Users/rijkvanzanten/Development/api/vendor/slim/slim/Slim/MiddlewareAwareTrait.php(117): Slim\App->Slim\{closure}(Object(Directus\Application\Http\Request), Object(Directus\Application\Http\Response))
#50 /Users/rijkvanzanten/Development/api/vendor/slim/slim/Slim/App.php(406): Slim\App->callMiddlewareStack(Object(Directus\Application\Http\Request), Object(Directus\Application\Http\Response))
#51 /Users/rijkvanzanten/Development/api/vendor/slim/slim/Slim/App.php(314): Slim\App->process(Object(Directus\Application\Http\Request), Object(Directus\Application\Http\Response))
#52 /Users/rijkvanzanten/Development/api/src/core/Directus/Application/Application.php(161): Slim\App->run(false)
#53 /Users/rijkvanzanten/Development/api/public/index.php(5): Directus\Application\Application->run()
#54 {main}

Next Directus\Database\Exception\InvalidQueryException: Failed generating the SQL query. in /Users/rijkvanzanten/Development/api/src/core/Directus/Database/TableGateway/BaseTableGateway.php:753
Stack trace:
#0 /Users/rijkvanzanten/Development/api/vendor/zendframework/zend-db/src/TableGateway/AbstractTableGateway.php(264): Directus\Database\TableGateway\BaseTableGateway->executeInsert(Object(Zend\Db\Sql\Insert))
#1 /Users/rijkvanzanten/Development/api/src/core/Directus/Database/TableGateway/BaseTableGateway.php(416): Zend\Db\TableGateway\AbstractTableGateway->insert(Array)
#2 /Users/rijkvanzanten/Development/api/src/core/Directus/Database/TableGateway/RelationalTableGateway.php(208): Directus\Database\TableGateway\BaseTableGateway->addOrUpdateRecordByArray(Array)
#3 /Users/rijkvanzanten/Development/api/src/core/Directus/Database/TableGateway/RelationalTableGateway.php(115): Directus\Database\TableGateway\RelationalTableGateway->manageRecordUpdate('directus_roles', Array, Array)
#4 /Users/rijkvanzanten/Development/api/src/core/Directus/Services/RolesService.php(49): Directus\Database\TableGateway\RelationalTableGateway->updateRecord(Array, Array)
#5 /Users/rijkvanzanten/Development/api/src/endpoints/Roles.php(38): Directus\Services\RolesService->create(Array, Array)
#6 [internal function]: Directus\Api\Routes\Roles->create(Object(Directus\Application\Http\Request), Object(Directus\Application\Http\Response), Array)
#7 /Users/rijkvanzanten/Development/api/vendor/slim/slim/Slim/Handlers/Strategies/RequestResponse.php(41): call_user_func(Array, Object(Directus\Application\Http\Request), Object(Directus\Application\Http\Response), Array)
#8 /Users/rijkvanzanten/Development/api/vendor/slim/slim/Slim/Route.php(335): Slim\Handlers\Strategies\RequestResponse->__invoke(Array, Object(Directus\Application\Http\Request), Object(Directus\Application\Http\Response), Array)
#9 /Users/rijkvanzanten/Development/api/src/core/Directus/Application/Http/Middleware/AbstractRateLimitMiddleware.php(34): Slim\Route->__invoke(Object(Directus\Application\Http\Request), Object(Directus\Application\Http\Response))
#10 [internal function]: Directus\Application\Http\Middleware\AbstractRateLimitMiddleware->__invoke(Object(Directus\Application\Http\Request), Object(Directus\Application\Http\Response), Object(Slim\Route))
#11 /Users/rijkvanzanten/Development/api/vendor/slim/slim/Slim/DeferredCallable.php(43): call_user_func_array(Object(Directus\Application\Http\Middleware\UserRateLimitMiddleware), Array)
#12 [internal function]: Slim\DeferredCallable->__invoke(Object(Directus\Application\Http\Request), Object(Directus\Application\Http\Response), Object(Slim\Route))
#13 /Users/rijkvanzanten/Development/api/vendor/slim/slim/Slim/MiddlewareAwareTrait.php(70): call_user_func(Object(Slim\DeferredCallable), Object(Directus\Application\Http\Request), Object(Directus\Application\Http\Response), Object(Slim\Route))
#14 /Users/rijkvanzanten/Development/api/src/core/Directus/Application/Http/Middleware/AuthenticationMiddleware.php(69): Slim\Route->Slim\{closure}(Object(Directus\Application\Http\Request), Object(Directus\Application\Http\Response))
#15 [internal function]: Directus\Application\Http\Middleware\AuthenticationMiddleware->__invoke(Object(Directus\Application\Http\Request), Object(Directus\Application\Http\Response), Object(Closure))
#16 /Users/rijkvanzanten/Development/api/vendor/slim/slim/Slim/DeferredCallable.php(43): call_user_func_array(Object(Directus\Application\Http\Middleware\AuthenticationMiddleware), Array)
#17 [internal function]: Slim\DeferredCallable->__invoke(Object(Directus\Application\Http\Request), Object(Directus\Application\Http\Response), Object(Closure))
#18 /Users/rijkvanzanten/Development/api/vendor/slim/slim/Slim/MiddlewareAwareTrait.php(70): call_user_func(Object(Slim\DeferredCallable), Object(Directus\Application\Http\Request), Object(Directus\Application\Http\Response), Object(Closure))
#19 /Users/rijkvanzanten/Development/api/vendor/slim/slim/Slim/MiddlewareAwareTrait.php(117): Slim\Route->Slim\{closure}(Object(Directus\Application\Http\Request), Object(Directus\Application\Http\Response))
#20 /Users/rijkvanzanten/Development/api/vendor/slim/slim/Slim/Route.php(313): Slim\Route->callMiddlewareStack(Object(Directus\Application\Http\Request), Object(Directus\Application\Http\Response))
#21 /Users/rijkvanzanten/Development/api/vendor/slim/slim/Slim/App.php(513): Slim\Route->run(Object(Directus\Application\Http\Request), Object(Directus\Application\Http\Response))
#22 /Users/rijkvanzanten/Development/api/src/core/Directus/Application/Http/Middleware/TableGatewayMiddleware.php(39): Slim\App->__invoke(Object(Directus\Application\Http\Request), Object(Directus\Application\Http\Response))
#23 [internal function]: Directus\Application\Http\Middleware\TableGatewayMiddleware->__invoke(Object(Directus\Application\Http\Request), Object(Directus\Application\Http\Response), Object(Directus\Application\Application))
#24 /Users/rijkvanzanten/Development/api/vendor/slim/slim/Slim/DeferredCallable.php(43): call_user_func_array(Object(Directus\Application\Http\Middleware\TableGatewayMiddleware), Array)
#25 [internal function]: Slim\DeferredCallable->__invoke(Object(Directus\Application\Http\Request), Object(Directus\Application\Http\Response), Object(Directus\Application\Application))
#26 /Users/rijkvanzanten/Development/api/vendor/slim/slim/Slim/MiddlewareAwareTrait.php(70): call_user_func(Object(Slim\DeferredCallable), Object(Directus\Application\Http\Request), Object(Directus\Application\Http\Response), Object(Directus\Application\Application))
#27 /Users/rijkvanzanten/Development/api/src/core/Directus/Application/Http/Middleware/AbstractRateLimitMiddleware.php(34): Slim\App->Slim\{closure}(Object(Directus\Application\Http\Request), Object(Directus\Application\Http\Response))
#28 [internal function]: Directus\Application\Http\Middleware\AbstractRateLimitMiddleware->__invoke(Object(Directus\Application\Http\Request), Object(Directus\Application\Http\Response), Object(Closure))
#29 /Users/rijkvanzanten/Development/api/vendor/slim/slim/Slim/DeferredCallable.php(43): call_user_func_array(Object(Directus\Application\Http\Middleware\IpRateLimitMiddleware), Array)
#30 [internal function]: Slim\DeferredCallable->__invoke(Object(Directus\Application\Http\Request), Object(Directus\Application\Http\Response), Object(Closure))
#31 /Users/rijkvanzanten/Development/api/vendor/slim/slim/Slim/MiddlewareAwareTrait.php(70): call_user_func(Object(Slim\DeferredCallable), Object(Directus\Application\Http\Request), Object(Directus\Application\Http\Response), Object(Closure))
#32 /Users/rijkvanzanten/Development/api/vendor/akrabat/rka-ip-address-middleware/src/IpAddress.php(93): Slim\App->Slim\{closure}(Object(Directus\Application\Http\Request), Object(Directus\Application\Http\Response))
#33 [internal function]: RKA\Middleware\IpAddress->__invoke(Object(Directus\Application\Http\Request), Object(Directus\Application\Http\Response), Object(Closure))
#34 /Users/rijkvanzanten/Development/api/vendor/slim/slim/Slim/DeferredCallable.php(43): call_user_func_array(Object(RKA\Middleware\IpAddress), Array)
#35 [internal function]: Slim\DeferredCallable->__invoke(Object(Directus\Application\Http\Request), Object(Directus\Application\Http\Response), Object(Closure))
#36 /Users/rijkvanzanten/Development/api/vendor/slim/slim/Slim/MiddlewareAwareTrait.php(70): call_user_func(Object(Slim\DeferredCallable), Object(Directus\Application\Http\Request), Object(Directus\Application\Http\Response), Object(Closure))
#37 /Users/rijkvanzanten/Development/api/src/core/Directus/Application/Http/Middleware/CorsMiddleware.php(20): Slim\App->Slim\{closure}(Object(Directus\Application\Http\Request), Object(Directus\Application\Http\Response))
#38 [internal function]: Directus\Application\Http\Middleware\CorsMiddleware->__invoke(Object(Directus\Application\Http\Request), Object(Directus\Application\Http\Response), Object(Closure))
#39 /Users/rijkvanzanten/Development/api/vendor/slim/slim/Slim/DeferredCallable.php(43): call_user_func_array(Object(Directus\Application\Http\Middleware\CorsMiddleware), Array)
#40 [internal function]: Slim\DeferredCallable->__invoke(Object(Directus\Application\Http\Request), Object(Directus\Application\Http\Response), Object(Closure))
#41 /Users/rijkvanzanten/Development/api/vendor/slim/slim/Slim/MiddlewareAwareTrait.php(70): call_user_func(Object(Slim\DeferredCallable), Object(Directus\Application\Http\Request), Object(Directus\Application\Http\Response), Object(Closure))
#42 /Users/rijkvanzanten/Development/api/src/core/Directus/Application/Http/Middleware/ResponseCacheMiddleware.php(47): Slim\App->Slim\{closure}(Object(Directus\Application\Http\Request), Object(Directus\Application\Http\Response))
#43 [internal function]: Directus\Application\Http\Middleware\ResponseCacheMiddleware->__invoke(Object(Directus\Application\Http\Request), Object(Directus\Application\Http\Response), Object(Closure))
#44 /Users/rijkvanzanten/Development/api/vendor/slim/slim/Slim/DeferredCallable.php(43): call_user_func_array(Object(Directus\Application\Http\Middleware\ResponseCacheMiddleware), Array)
#45 [internal function]: Slim\DeferredCallable->__invoke(Object(Directus\Application\Http\Request), Object(Directus\Application\Http\Response), Object(Closure))
#46 /Users/rijkvanzanten/Development/api/vendor/slim/slim/Slim/MiddlewareAwareTrait.php(70): call_user_func(Object(Slim\DeferredCallable), Object(Directus\Application\Http\Request), Object(Directus\Application\Http\Response), Object(Closure))
#47 /Users/rijkvanzanten/Development/api/vendor/slim/slim/Slim/MiddlewareAwareTrait.php(117): Slim\App->Slim\{closure}(Object(Directus\Application\Http\Request), Object(Directus\Application\Http\Response))
#48 /Users/rijkvanzanten/Development/api/vendor/slim/slim/Slim/App.php(406): Slim\App->callMiddlewareStack(Object(Directus\Application\Http\Request), Object(Directus\Application\Http\Response))
#49 /Users/rijkvanzanten/Development/api/vendor/slim/slim/Slim/App.php(314): Slim\App->process(Object(Directus\Application\Http\Request), Object(Directus\Application\Http\Response))
#50 /Users/rijkvanzanten/Development/api/src/core/Directus/Application/Application.php(161): Slim\App->run(false)
#51 /Users/rijkvanzanten/Development/api/public/index.php(5): Directus\Application\Application->run()
#52 {main} [] []
[2018-06-19 12:47:14] api[_].ERROR: PDOException: SQLSTATE[42S22]: Column not found: 1054 Unknown column 'external_id' in 'field list' in /Users/rijkvanzanten/Development/api/vendor/zendframework/zend-db/src/Adapter/Driver/Pdo/Statement.php:239
Stack trace:
#0 /Users/rijkvanzanten/Development/api/vendor/zendframework/zend-db/src/Adapter/Driver/Pdo/Statement.php(239): PDOStatement->execute()
#1 /Users/rijkvanzanten/Development/api/vendor/zendframework/zend-db/src/TableGateway/AbstractTableGateway.php(308): Zend\Db\Adapter\Driver\Pdo\Statement->execute()
#2 /Users/rijkvanzanten/Development/api/src/core/Directus/Database/TableGateway/BaseTableGateway.php(740): Zend\Db\TableGateway\AbstractTableGateway->executeInsert(Object(Zend\Db\Sql\Insert))
#3 /Users/rijkvanzanten/Development/api/vendor/zendframework/zend-db/src/TableGateway/AbstractTableGateway.php(264): Directus\Database\TableGateway\BaseTableGateway->executeInsert(Object(Zend\Db\Sql\Insert))
#4 /Users/rijkvanzanten/Development/api/src/core/Directus/Database/TableGateway/BaseTableGateway.php(416): Zend\Db\TableGateway\AbstractTableGateway->insert(Array)
#5 /Users/rijkvanzanten/Development/api/src/core/Directus/Database/TableGateway/RelationalTableGateway.php(208): Directus\Database\TableGateway\BaseTableGateway->addOrUpdateRecordByArray(Array)
#6 /Users/rijkvanzanten/Development/api/src/core/Directus/Database/TableGateway/RelationalTableGateway.php(115): Directus\Database\TableGateway\RelationalTableGateway->manageRecordUpdate('directus_roles', Array, Array)
#7 /Users/rijkvanzanten/Development/api/src/core/Directus/Services/RolesService.php(49): Directus\Database\TableGateway\RelationalTableGateway->updateRecord(Array, Array)
#8 /Users/rijkvanzanten/Development/api/src/endpoints/Roles.php(38): Directus\Services\RolesService->create(Array, Array)
#9 [internal function]: Directus\Api\Routes\Roles->create(Object(Directus\Application\Http\Request), Object(Directus\Application\Http\Response), Array)
#10 /Users/rijkvanzanten/Development/api/vendor/slim/slim/Slim/Handlers/Strategies/RequestResponse.php(41): call_user_func(Array, Object(Directus\Application\Http\Request), Object(Directus\Application\Http\Response), Array)
#11 /Users/rijkvanzanten/Development/api/vendor/slim/slim/Slim/Route.php(335): Slim\Handlers\Strategies\RequestResponse->__invoke(Array, Object(Directus\Application\Http\Request), Object(Directus\Application\Http\Response), Array)
#12 /Users/rijkvanzanten/Development/api/src/core/Directus/Application/Http/Middleware/AbstractRateLimitMiddleware.php(34): Slim\Route->__invoke(Object(Directus\Application\Http\Request), Object(Directus\Application\Http\Response))
#13 [internal function]: Directus\Application\Http\Middleware\AbstractRateLimitMiddleware->__invoke(Object(Directus\Application\Http\Request), Object(Directus\Application\Http\Response), Object(Slim\Route))
#14 /Users/rijkvanzanten/Development/api/vendor/slim/slim/Slim/DeferredCallable.php(43): call_user_func_array(Object(Directus\Application\Http\Middleware\UserRateLimitMiddleware), Array)
#15 [internal function]: Slim\DeferredCallable->__invoke(Object(Directus\Application\Http\Request), Object(Directus\Application\Http\Response), Object(Slim\Route))
#16 /Users/rijkvanzanten/Development/api/vendor/slim/slim/Slim/MiddlewareAwareTrait.php(70): call_user_func(Object(Slim\DeferredCallable), Object(Directus\Application\Http\Request), Object(Directus\Application\Http\Response), Object(Slim\Route))
#17 /Users/rijkvanzanten/Development/api/src/core/Directus/Application/Http/Middleware/AuthenticationMiddleware.php(69): Slim\Route->Slim\{closure}(Object(Directus\Application\Http\Request), Object(Directus\Application\Http\Response))
#18 [internal function]: Directus\Application\Http\Middleware\AuthenticationMiddleware->__invoke(Object(Directus\Application\Http\Request), Object(Directus\Application\Http\Response), Object(Closure))
#19 /Users/rijkvanzanten/Development/api/vendor/slim/slim/Slim/DeferredCallable.php(43): call_user_func_array(Object(Directus\Application\Http\Middleware\AuthenticationMiddleware), Array)
#20 [internal function]: Slim\DeferredCallable->__invoke(Object(Directus\Application\Http\Request), Object(Directus\Application\Http\Response), Object(Closure))
#21 /Users/rijkvanzanten/Development/api/vendor/slim/slim/Slim/MiddlewareAwareTrait.php(70): call_user_func(Object(Slim\DeferredCallable), Object(Directus\Application\Http\Request), Object(Directus\Application\Http\Response), Object(Closure))
#22 /Users/rijkvanzanten/Development/api/vendor/slim/slim/Slim/MiddlewareAwareTrait.php(117): Slim\Route->Slim\{closure}(Object(Directus\Application\Http\Request), Object(Directus\Application\Http\Response))
#23 /Users/rijkvanzanten/Development/api/vendor/slim/slim/Slim/Route.php(313): Slim\Route->callMiddlewareStack(Object(Directus\Application\Http\Request), Object(Directus\Application\Http\Response))
#24 /Users/rijkvanzanten/Development/api/vendor/slim/slim/Slim/App.php(513): Slim\Route->run(Object(Directus\Application\Http\Request), Object(Directus\Application\Http\Response))
#25 /Users/rijkvanzanten/Development/api/src/core/Directus/Application/Http/Middleware/TableGatewayMiddleware.php(39): Slim\App->__invoke(Object(Directus\Application\Http\Request), Object(Directus\Application\Http\Response))
#26 [internal function]: Directus\Application\Http\Middleware\TableGatewayMiddleware->__invoke(Object(Directus\Application\Http\Request), Object(Directus\Application\Http\Response), Object(Directus\Application\Application))
#27 /Users/rijkvanzanten/Development/api/vendor/slim/slim/Slim/DeferredCallable.php(43): call_user_func_array(Object(Directus\Application\Http\Middleware\TableGatewayMiddleware), Array)
#28 [internal function]: Slim\DeferredCallable->__invoke(Object(Directus\Application\Http\Request), Object(Directus\Application\Http\Response), Object(Directus\Application\Application))
#29 /Users/rijkvanzanten/Development/api/vendor/slim/slim/Slim/MiddlewareAwareTrait.php(70): call_user_func(Object(Slim\DeferredCallable), Object(Directus\Application\Http\Request), Object(Directus\Application\Http\Response), Object(Directus\Application\Application))
#30 /Users/rijkvanzanten/Development/api/src/core/Directus/Application/Http/Middleware/AbstractRateLimitMiddleware.php(34): Slim\App->Slim\{closure}(Object(Directus\Application\Http\Request), Object(Directus\Application\Http\Response))
#31 [internal function]: Directus\Application\Http\Middleware\AbstractRateLimitMiddleware->__invoke(Object(Directus\Application\Http\Request), Object(Directus\Application\Http\Response), Object(Closure))
#32 /Users/rijkvanzanten/Development/api/vendor/slim/slim/Slim/DeferredCallable.php(43): call_user_func_array(Object(Directus\Application\Http\Middleware\IpRateLimitMiddleware), Array)
#33 [internal function]: Slim\DeferredCallable->__invoke(Object(Directus\Application\Http\Request), Object(Directus\Application\Http\Response), Object(Closure))
#34 /Users/rijkvanzanten/Development/api/vendor/slim/slim/Slim/MiddlewareAwareTrait.php(70): call_user_func(Object(Slim\DeferredCallable), Object(Directus\Application\Http\Request), Object(Directus\Application\Http\Response), Object(Closure))
#35 /Users/rijkvanzanten/Development/api/vendor/akrabat/rka-ip-address-middleware/src/IpAddress.php(93): Slim\App->Slim\{closure}(Object(Directus\Application\Http\Request), Object(Directus\Application\Http\Response))
#36 [internal function]: RKA\Middleware\IpAddress->__invoke(Object(Directus\Application\Http\Request), Object(Directus\Application\Http\Response), Object(Closure))
#37 /Users/rijkvanzanten/Development/api/vendor/slim/slim/Slim/DeferredCallable.php(43): call_user_func_array(Object(RKA\Middleware\IpAddress), Array)
#38 [internal function]: Slim\DeferredCallable->__invoke(Object(Directus\Application\Http\Request), Object(Directus\Application\Http\Response), Object(Closure))
#39 /Users/rijkvanzanten/Development/api/vendor/slim/slim/Slim/MiddlewareAwareTrait.php(70): call_user_func(Object(Slim\DeferredCallable), Object(Directus\Application\Http\Request), Object(Directus\Application\Http\Response), Object(Closure))
#40 /Users/rijkvanzanten/Development/api/src/core/Directus/Application/Http/Middleware/CorsMiddleware.php(20): Slim\App->Slim\{closure}(Object(Directus\Application\Http\Request), Object(Directus\Application\Http\Response))
#41 [internal function]: Directus\Application\Http\Middleware\CorsMiddleware->__invoke(Object(Directus\Application\Http\Request), Object(Directus\Application\Http\Response), Object(Closure))
#42 /Users/rijkvanzanten/Development/api/vendor/slim/slim/Slim/DeferredCallable.php(43): call_user_func_array(Object(Directus\Application\Http\Middleware\CorsMiddleware), Array)
#43 [internal function]: Slim\DeferredCallable->__invoke(Object(Directus\Application\Http\Request), Object(Directus\Application\Http\Response), Object(Closure))
#44 /Users/rijkvanzanten/Development/api/vendor/slim/slim/Slim/MiddlewareAwareTrait.php(70): call_user_func(Object(Slim\DeferredCallable), Object(Directus\Application\Http\Request), Object(Directus\Application\Http\Response), Object(Closure))
#45 /Users/rijkvanzanten/Development/api/src/core/Directus/Application/Http/Middleware/ResponseCacheMiddleware.php(47): Slim\App->Slim\{closure}(Object(Directus\Application\Http\Request), Object(Directus\Application\Http\Response))
#46 [internal function]: Directus\Application\Http\Middleware\ResponseCacheMiddleware->__invoke(Object(Directus\Application\Http\Request), Object(Directus\Application\Http\Response), Object(Closure))
#47 /Users/rijkvanzanten/Development/api/vendor/slim/slim/Slim/DeferredCallable.php(43): call_user_func_array(Object(Directus\Application\Http\Middleware\ResponseCacheMiddleware), Array)
#48 [internal function]: Slim\DeferredCallable->__invoke(Object(Directus\Application\Http\Request), Object(Directus\Application\Http\Response), Object(Closure))
#49 /Users/rijkvanzanten/Development/api/vendor/slim/slim/Slim/MiddlewareAwareTrait.php(70): call_user_func(Object(Slim\DeferredCallable), Object(Directus\Application\Http\Request), Object(Directus\Application\Http\Response), Object(Closure))
#50 /Users/rijkvanzanten/Development/api/vendor/slim/slim/Slim/MiddlewareAwareTrait.php(117): Slim\App->Slim\{closure}(Object(Directus\Application\Http\Request), Object(Directus\Application\Http\Response))
#51 /Users/rijkvanzanten/Development/api/vendor/slim/slim/Slim/App.php(406): Slim\App->callMiddlewareStack(Object(Directus\Application\Http\Request), Object(Directus\Application\Http\Response))
#52 /Users/rijkvanzanten/Development/api/vendor/slim/slim/Slim/App.php(314): Slim\App->process(Object(Directus\Application\Http\Request), Object(Directus\Application\Http\Response))
#53 /Users/rijkvanzanten/Development/api/src/core/Directus/Application/Application.php(161): Slim\App->run(false)
#54 /Users/rijkvanzanten/Development/api/public/index.php(5): Directus\Application\Application->run()
#55 {main}

Next Zend\Db\Adapter\Exception\InvalidQueryException: Statement could not be executed (42S22 - 1054 - Unknown column 'external_id' in 'field list') in /Users/rijkvanzanten/Development/api/vendor/zendframework/zend-db/src/Adapter/Driver/Pdo/Statement.php:244
Stack trace:
#0 /Users/rijkvanzanten/Development/api/vendor/zendframework/zend-db/src/TableGateway/AbstractTableGateway.php(308): Zend\Db\Adapter\Driver\Pdo\Statement->execute()
#1 /Users/rijkvanzanten/Development/api/src/core/Directus/Database/TableGateway/BaseTableGateway.php(740): Zend\Db\TableGateway\AbstractTableGateway->executeInsert(Object(Zend\Db\Sql\Insert))
#2 /Users/rijkvanzanten/Development/api/vendor/zendframework/zend-db/src/TableGateway/AbstractTableGateway.php(264): Directus\Database\TableGateway\BaseTableGateway->executeInsert(Object(Zend\Db\Sql\Insert))
#3 /Users/rijkvanzanten/Development/api/src/core/Directus/Database/TableGateway/BaseTableGateway.php(416): Zend\Db\TableGateway\AbstractTableGateway->insert(Array)
#4 /Users/rijkvanzanten/Development/api/src/core/Directus/Database/TableGateway/RelationalTableGateway.php(208): Directus\Database\TableGateway\BaseTableGateway->addOrUpdateRecordByArray(Array)
#5 /Users/rijkvanzanten/Development/api/src/core/Directus/Database/TableGateway/RelationalTableGateway.php(115): Directus\Database\TableGateway\RelationalTableGateway->manageRecordUpdate('directus_roles', Array, Array)
#6 /Users/rijkvanzanten/Development/api/src/core/Directus/Services/RolesService.php(49): Directus\Database\TableGateway\RelationalTableGateway->updateRecord(Array, Array)
#7 /Users/rijkvanzanten/Development/api/src/endpoints/Roles.php(38): Directus\Services\RolesService->create(Array, Array)
#8 [internal function]: Directus\Api\Routes\Roles->create(Object(Directus\Application\Http\Request), Object(Directus\Application\Http\Response), Array)
#9 /Users/rijkvanzanten/Development/api/vendor/slim/slim/Slim/Handlers/Strategies/RequestResponse.php(41): call_user_func(Array, Object(Directus\Application\Http\Request), Object(Directus\Application\Http\Response), Array)
#10 /Users/rijkvanzanten/Development/api/vendor/slim/slim/Slim/Route.php(335): Slim\Handlers\Strategies\RequestResponse->__invoke(Array, Object(Directus\Application\Http\Request), Object(Directus\Application\Http\Response), Array)
#11 /Users/rijkvanzanten/Development/api/src/core/Directus/Application/Http/Middleware/AbstractRateLimitMiddleware.php(34): Slim\Route->__invoke(Object(Directus\Application\Http\Request), Object(Directus\Application\Http\Response))
#12 [internal function]: Directus\Application\Http\Middleware\AbstractRateLimitMiddleware->__invoke(Object(Directus\Application\Http\Request), Object(Directus\Application\Http\Response), Object(Slim\Route))
#13 /Users/rijkvanzanten/Development/api/vendor/slim/slim/Slim/DeferredCallable.php(43): call_user_func_array(Object(Directus\Application\Http\Middleware\UserRateLimitMiddleware), Array)
#14 [internal function]: Slim\DeferredCallable->__invoke(Object(Directus\Application\Http\Request), Object(Directus\Application\Http\Response), Object(Slim\Route))
#15 /Users/rijkvanzanten/Development/api/vendor/slim/slim/Slim/MiddlewareAwareTrait.php(70): call_user_func(Object(Slim\DeferredCallable), Object(Directus\Application\Http\Request), Object(Directus\Application\Http\Response), Object(Slim\Route))
#16 /Users/rijkvanzanten/Development/api/src/core/Directus/Application/Http/Middleware/AuthenticationMiddleware.php(69): Slim\Route->Slim\{closure}(Object(Directus\Application\Http\Request), Object(Directus\Application\Http\Response))
#17 [internal function]: Directus\Application\Http\Middleware\AuthenticationMiddleware->__invoke(Object(Directus\Application\Http\Request), Object(Directus\Application\Http\Response), Object(Closure))
#18 /Users/rijkvanzanten/Development/api/vendor/slim/slim/Slim/DeferredCallable.php(43): call_user_func_array(Object(Directus\Application\Http\Middleware\AuthenticationMiddleware), Array)
#19 [internal function]: Slim\DeferredCallable->__invoke(Object(Directus\Application\Http\Request), Object(Directus\Application\Http\Response), Object(Closure))
#20 /Users/rijkvanzanten/Development/api/vendor/slim/slim/Slim/MiddlewareAwareTrait.php(70): call_user_func(Object(Slim\DeferredCallable), Object(Directus\Application\Http\Request), Object(Directus\Application\Http\Response), Object(Closure))
#21 /Users/rijkvanzanten/Development/api/vendor/slim/slim/Slim/MiddlewareAwareTrait.php(117): Slim\Route->Slim\{closure}(Object(Directus\Application\Http\Request), Object(Directus\Application\Http\Response))
#22 /Users/rijkvanzanten/Development/api/vendor/slim/slim/Slim/Route.php(313): Slim\Route->callMiddlewareStack(Object(Directus\Application\Http\Request), Object(Directus\Application\Http\Response))
#23 /Users/rijkvanzanten/Development/api/vendor/slim/slim/Slim/App.php(513): Slim\Route->run(Object(Directus\Application\Http\Request), Object(Directus\Application\Http\Response))
#24 /Users/rijkvanzanten/Development/api/src/core/Directus/Application/Http/Middleware/TableGatewayMiddleware.php(39): Slim\App->__invoke(Object(Directus\Application\Http\Request), Object(Directus\Application\Http\Response))
#25 [internal function]: Directus\Application\Http\Middleware\TableGatewayMiddleware->__invoke(Object(Directus\Application\Http\Request), Object(Directus\Application\Http\Response), Object(Directus\Application\Application))
#26 /Users/rijkvanzanten/Development/api/vendor/slim/slim/Slim/DeferredCallable.php(43): call_user_func_array(Object(Directus\Application\Http\Middleware\TableGatewayMiddleware), Array)
#27 [internal function]: Slim\DeferredCallable->__invoke(Object(Directus\Application\Http\Request), Object(Directus\Application\Http\Response), Object(Directus\Application\Application))
#28 /Users/rijkvanzanten/Development/api/vendor/slim/slim/Slim/MiddlewareAwareTrait.php(70): call_user_func(Object(Slim\DeferredCallable), Object(Directus\Application\Http\Request), Object(Directus\Application\Http\Response), Object(Directus\Application\Application))
#29 /Users/rijkvanzanten/Development/api/src/core/Directus/Application/Http/Middleware/AbstractRateLimitMiddleware.php(34): Slim\App->Slim\{closure}(Object(Directus\Application\Http\Request), Object(Directus\Application\Http\Response))
#30 [internal function]: Directus\Application\Http\Middleware\AbstractRateLimitMiddleware->__invoke(Object(Directus\Application\Http\Request), Object(Directus\Application\Http\Response), Object(Closure))
#31 /Users/rijkvanzanten/Development/api/vendor/slim/slim/Slim/DeferredCallable.php(43): call_user_func_array(Object(Directus\Application\Http\Middleware\IpRateLimitMiddleware), Array)
#32 [internal function]: Slim\DeferredCallable->__invoke(Object(Directus\Application\Http\Request), Object(Directus\Application\Http\Response), Object(Closure))
#33 /Users/rijkvanzanten/Development/api/vendor/slim/slim/Slim/MiddlewareAwareTrait.php(70): call_user_func(Object(Slim\DeferredCallable), Object(Directus\Application\Http\Request), Object(Directus\Application\Http\Response), Object(Closure))
#34 /Users/rijkvanzanten/Development/api/vendor/akrabat/rka-ip-address-middleware/src/IpAddress.php(93): Slim\App->Slim\{closure}(Object(Directus\Application\Http\Request), Object(Directus\Application\Http\Response))
#35 [internal function]: RKA\Middleware\IpAddress->__invoke(Object(Directus\Application\Http\Request), Object(Directus\Application\Http\Response), Object(Closure))
#36 /Users/rijkvanzanten/Development/api/vendor/slim/slim/Slim/DeferredCallable.php(43): call_user_func_array(Object(RKA\Middleware\IpAddress), Array)
#37 [internal function]: Slim\DeferredCallable->__invoke(Object(Directus\Application\Http\Request), Object(Directus\Application\Http\Response), Object(Closure))
#38 /Users/rijkvanzanten/Development/api/vendor/slim/slim/Slim/MiddlewareAwareTrait.php(70): call_user_func(Object(Slim\DeferredCallable), Object(Directus\Application\Http\Request), Object(Directus\Application\Http\Response), Object(Closure))
#39 /Users/rijkvanzanten/Development/api/src/core/Directus/Application/Http/Middleware/CorsMiddleware.php(20): Slim\App->Slim\{closure}(Object(Directus\Application\Http\Request), Object(Directus\Application\Http\Response))
#40 [internal function]: Directus\Application\Http\Middleware\CorsMiddleware->__invoke(Object(Directus\Application\Http\Request), Object(Directus\Application\Http\Response), Object(Closure))
#41 /Users/rijkvanzanten/Development/api/vendor/slim/slim/Slim/DeferredCallable.php(43): call_user_func_array(Object(Directus\Application\Http\Middleware\CorsMiddleware), Array)
#42 [internal function]: Slim\DeferredCallable->__invoke(Object(Directus\Application\Http\Request), Object(Directus\Application\Http\Response), Object(Closure))
#43 /Users/rijkvanzanten/Development/api/vendor/slim/slim/Slim/MiddlewareAwareTrait.php(70): call_user_func(Object(Slim\DeferredCallable), Object(Directus\Application\Http\Request), Object(Directus\Application\Http\Response), Object(Closure))
#44 /Users/rijkvanzanten/Development/api/src/core/Directus/Application/Http/Middleware/ResponseCacheMiddleware.php(47): Slim\App->Slim\{closure}(Object(Directus\Application\Http\Request), Object(Directus\Application\Http\Response))
#45 [internal function]: Directus\Application\Http\Middleware\ResponseCacheMiddleware->__invoke(Object(Directus\Application\Http\Request), Object(Directus\Application\Http\Response), Object(Closure))
#46 /Users/rijkvanzanten/Development/api/vendor/slim/slim/Slim/DeferredCallable.php(43): call_user_func_array(Object(Directus\Application\Http\Middleware\ResponseCacheMiddleware), Array)
#47 [internal function]: Slim\DeferredCallable->__invoke(Object(Directus\Application\Http\Request), Object(Directus\Application\Http\Response), Object(Closure))
#48 /Users/rijkvanzanten/Development/api/vendor/slim/slim/Slim/MiddlewareAwareTrait.php(70): call_user_func(Object(Slim\DeferredCallable), Object(Directus\Application\Http\Request), Object(Directus\Application\Http\Response), Object(Closure))
#49 /Users/rijkvanzanten/Development/api/vendor/slim/slim/Slim/MiddlewareAwareTrait.php(117): Slim\App->Slim\{closure}(Object(Directus\Application\Http\Request), Object(Directus\Application\Http\Response))
#50 /Users/rijkvanzanten/Development/api/vendor/slim/slim/Slim/App.php(406): Slim\App->callMiddlewareStack(Object(Directus\Application\Http\Request), Object(Directus\Application\Http\Response))
#51 /Users/rijkvanzanten/Development/api/vendor/slim/slim/Slim/App.php(314): Slim\App->process(Object(Directus\Application\Http\Request), Object(Directus\Application\Http\Response))
#52 /Users/rijkvanzanten/Development/api/src/core/Directus/Application/Application.php(161): Slim\App->run(false)
#53 /Users/rijkvanzanten/Development/api/public/index.php(5): Directus\Application\Application->run()
#54 {main}

Next Directus\Database\Exception\InvalidQueryException: Failed generating the SQL query. in /Users/rijkvanzanten/Development/api/src/core/Directus/Database/TableGateway/BaseTableGateway.php:753
Stack trace:
#0 /Users/rijkvanzanten/Development/api/vendor/zendframework/zend-db/src/TableGateway/AbstractTableGateway.php(264): Directus\Database\TableGateway\BaseTableGateway->executeInsert(Object(Zend\Db\Sql\Insert))
#1 /Users/rijkvanzanten/Development/api/src/core/Directus/Database/TableGateway/BaseTableGateway.php(416): Zend\Db\TableGateway\AbstractTableGateway->insert(Array)
#2 /Users/rijkvanzanten/Development/api/src/core/Directus/Database/TableGateway/RelationalTableGateway.php(208): Directus\Database\TableGateway\BaseTableGateway->addOrUpdateRecordByArray(Array)
#3 /Users/rijkvanzanten/Development/api/src/core/Directus/Database/TableGateway/RelationalTableGateway.php(115): Directus\Database\TableGateway\RelationalTableGateway->manageRecordUpdate('directus_roles', Array, Array)
#4 /Users/rijkvanzanten/Development/api/src/core/Directus/Services/RolesService.php(49): Directus\Database\TableGateway\RelationalTableGateway->updateRecord(Array, Array)
#5 /Users/rijkvanzanten/Development/api/src/endpoints/Roles.php(38): Directus\Services\RolesService->create(Array, Array)
#6 [internal function]: Directus\Api\Routes\Roles->create(Object(Directus\Application\Http\Request), Object(Directus\Application\Http\Response), Array)
#7 /Users/rijkvanzanten/Development/api/vendor/slim/slim/Slim/Handlers/Strategies/RequestResponse.php(41): call_user_func(Array, Object(Directus\Application\Http\Request), Object(Directus\Application\Http\Response), Array)
#8 /Users/rijkvanzanten/Development/api/vendor/slim/slim/Slim/Route.php(335): Slim\Handlers\Strategies\RequestResponse->__invoke(Array, Object(Directus\Application\Http\Request), Object(Directus\Application\Http\Response), Array)
#9 /Users/rijkvanzanten/Development/api/src/core/Directus/Application/Http/Middleware/AbstractRateLimitMiddleware.php(34): Slim\Route->__invoke(Object(Directus\Application\Http\Request), Object(Directus\Application\Http\Response))
#10 [internal function]: Directus\Application\Http\Middleware\AbstractRateLimitMiddleware->__invoke(Object(Directus\Application\Http\Request), Object(Directus\Application\Http\Response), Object(Slim\Route))
#11 /Users/rijkvanzanten/Development/api/vendor/slim/slim/Slim/DeferredCallable.php(43): call_user_func_array(Object(Directus\Application\Http\Middleware\UserRateLimitMiddleware), Array)
#12 [internal function]: Slim\DeferredCallable->__invoke(Object(Directus\Application\Http\Request), Object(Directus\Application\Http\Response), Object(Slim\Route))
#13 /Users/rijkvanzanten/Development/api/vendor/slim/slim/Slim/MiddlewareAwareTrait.php(70): call_user_func(Object(Slim\DeferredCallable), Object(Directus\Application\Http\Request), Object(Directus\Application\Http\Response), Object(Slim\Route))
#14 /Users/rijkvanzanten/Development/api/src/core/Directus/Application/Http/Middleware/AuthenticationMiddleware.php(69): Slim\Route->Slim\{closure}(Object(Directus\Application\Http\Request), Object(Directus\Application\Http\Response))
#15 [internal function]: Directus\Application\Http\Middleware\AuthenticationMiddleware->__invoke(Object(Directus\Application\Http\Request), Object(Directus\Application\Http\Response), Object(Closure))
#16 /Users/rijkvanzanten/Development/api/vendor/slim/slim/Slim/DeferredCallable.php(43): call_user_func_array(Object(Directus\Application\Http\Middleware\AuthenticationMiddleware), Array)
#17 [internal function]: Slim\DeferredCallable->__invoke(Object(Directus\Application\Http\Request), Object(Directus\Application\Http\Response), Object(Closure))
#18 /Users/rijkvanzanten/Development/api/vendor/slim/slim/Slim/MiddlewareAwareTrait.php(70): call_user_func(Object(Slim\DeferredCallable), Object(Directus\Application\Http\Request), Object(Directus\Application\Http\Response), Object(Closure))
#19 /Users/rijkvanzanten/Development/api/vendor/slim/slim/Slim/MiddlewareAwareTrait.php(117): Slim\Route->Slim\{closure}(Object(Directus\Application\Http\Request), Object(Directus\Application\Http\Response))
#20 /Users/rijkvanzanten/Development/api/vendor/slim/slim/Slim/Route.php(313): Slim\Route->callMiddlewareStack(Object(Directus\Application\Http\Request), Object(Directus\Application\Http\Response))
#21 /Users/rijkvanzanten/Development/api/vendor/slim/slim/Slim/App.php(513): Slim\Route->run(Object(Directus\Application\Http\Request), Object(Directus\Application\Http\Response))
#22 /Users/rijkvanzanten/Development/api/src/core/Directus/Application/Http/Middleware/TableGatewayMiddleware.php(39): Slim\App->__invoke(Object(Directus\Application\Http\Request), Object(Directus\Application\Http\Response))
#23 [internal function]: Directus\Application\Http\Middleware\TableGatewayMiddleware->__invoke(Object(Directus\Application\Http\Request), Object(Directus\Application\Http\Response), Object(Directus\Application\Application))
#24 /Users/rijkvanzanten/Development/api/vendor/slim/slim/Slim/DeferredCallable.php(43): call_user_func_array(Object(Directus\Application\Http\Middleware\TableGatewayMiddleware), Array)
#25 [internal function]: Slim\DeferredCallable->__invoke(Object(Directus\Application\Http\Request), Object(Directus\Application\Http\Response), Object(Directus\Application\Application))
#26 /Users/rijkvanzanten/Development/api/vendor/slim/slim/Slim/MiddlewareAwareTrait.php(70): call_user_func(Object(Slim\DeferredCallable), Object(Directus\Application\Http\Request), Object(Directus\Application\Http\Response), Object(Directus\Application\Application))
#27 /Users/rijkvanzanten/Development/api/src/core/Directus/Application/Http/Middleware/AbstractRateLimitMiddleware.php(34): Slim\App->Slim\{closure}(Object(Directus\Application\Http\Request), Object(Directus\Application\Http\Response))
#28 [internal function]: Directus\Application\Http\Middleware\AbstractRateLimitMiddleware->__invoke(Object(Directus\Application\Http\Request), Object(Directus\Application\Http\Response), Object(Closure))
#29 /Users/rijkvanzanten/Development/api/vendor/slim/slim/Slim/DeferredCallable.php(43): call_user_func_array(Object(Directus\Application\Http\Middleware\IpRateLimitMiddleware), Array)
#30 [internal function]: Slim\DeferredCallable->__invoke(Object(Directus\Application\Http\Request), Object(Directus\Application\Http\Response), Object(Closure))
#31 /Users/rijkvanzanten/Development/api/vendor/slim/slim/Slim/MiddlewareAwareTrait.php(70): call_user_func(Object(Slim\DeferredCallable), Object(Directus\Application\Http\Request), Object(Directus\Application\Http\Response), Object(Closure))
#32 /Users/rijkvanzanten/Development/api/vendor/akrabat/rka-ip-address-middleware/src/IpAddress.php(93): Slim\App->Slim\{closure}(Object(Directus\Application\Http\Request), Object(Directus\Application\Http\Response))
#33 [internal function]: RKA\Middleware\IpAddress->__invoke(Object(Directus\Application\Http\Request), Object(Directus\Application\Http\Response), Object(Closure))
#34 /Users/rijkvanzanten/Development/api/vendor/slim/slim/Slim/DeferredCallable.php(43): call_user_func_array(Object(RKA\Middleware\IpAddress), Array)
#35 [internal function]: Slim\DeferredCallable->__invoke(Object(Directus\Application\Http\Request), Object(Directus\Application\Http\Response), Object(Closure))
#36 /Users/rijkvanzanten/Development/api/vendor/slim/slim/Slim/MiddlewareAwareTrait.php(70): call_user_func(Object(Slim\DeferredCallable), Object(Directus\Application\Http\Request), Object(Directus\Application\Http\Response), Object(Closure))
#37 /Users/rijkvanzanten/Development/api/src/core/Directus/Application/Http/Middleware/CorsMiddleware.php(20): Slim\App->Slim\{closure}(Object(Directus\Application\Http\Request), Object(Directus\Application\Http\Response))
#38 [internal function]: Directus\Application\Http\Middleware\CorsMiddleware->__invoke(Object(Directus\Application\Http\Request), Object(Directus\Application\Http\Response), Object(Closure))
#39 /Users/rijkvanzanten/Development/api/vendor/slim/slim/Slim/DeferredCallable.php(43): call_user_func_array(Object(Directus\Application\Http\Middleware\CorsMiddleware), Array)
#40 [internal function]: Slim\DeferredCallable->__invoke(Object(Directus\Application\Http\Request), Object(Directus\Application\Http\Response), Object(Closure))
#41 /Users/rijkvanzanten/Development/api/vendor/slim/slim/Slim/MiddlewareAwareTrait.php(70): call_user_func(Object(Slim\DeferredCallable), Object(Directus\Application\Http\Request), Object(Directus\Application\Http\Response), Object(Closure))
#42 /Users/rijkvanzanten/Development/api/src/core/Directus/Application/Http/Middleware/ResponseCacheMiddleware.php(47): Slim\App->Slim\{closure}(Object(Directus\Application\Http\Request), Object(Directus\Application\Http\Response))
#43 [internal function]: Directus\Application\Http\Middleware\ResponseCacheMiddleware->__invoke(Object(Directus\Application\Http\Request), Object(Directus\Application\Http\Response), Object(Closure))
#44 /Users/rijkvanzanten/Development/api/vendor/slim/slim/Slim/DeferredCallable.php(43): call_user_func_array(Object(Directus\Application\Http\Middleware\ResponseCacheMiddleware), Array)
#45 [internal function]: Slim\DeferredCallable->__invoke(Object(Directus\Application\Http\Request), Object(Directus\Application\Http\Response), Object(Closure))
#46 /Users/rijkvanzanten/Development/api/vendor/slim/slim/Slim/MiddlewareAwareTrait.php(70): call_user_func(Object(Slim\DeferredCallable), Object(Directus\Application\Http\Request), Object(Directus\Application\Http\Response), Object(Closure))
#47 /Users/rijkvanzanten/Development/api/vendor/slim/slim/Slim/MiddlewareAwareTrait.php(117): Slim\App->Slim\{closure}(Object(Directus\Application\Http\Request), Object(Directus\Application\Http\Response))
#48 /Users/rijkvanzanten/Development/api/vendor/slim/slim/Slim/App.php(406): Slim\App->callMiddlewareStack(Object(Directus\Application\Http\Request), Object(Directus\Application\Http\Response))
#49 /Users/rijkvanzanten/Development/api/vendor/slim/slim/Slim/App.php(314): Slim\App->process(Object(Directus\Application\Http\Request), Object(Directus\Application\Http\Response))
#50 /Users/rijkvanzanten/Development/api/src/core/Directus/Application/Application.php(161): Slim\App->run(false)
#51 /Users/rijkvanzanten/Development/api/public/index.php(5): Directus\Application\Application->run()
#52 {main} [] []
[2018-06-19 13:26:53] api[_].ERROR: Directus\Database\Exception\InvalidFieldException: Invalid field "fields" in /Users/rijkvanzanten/Development/api/src/core/Directus/Database/TableGateway/RelationalTableGateway.php:1996
Stack trace:
#0 /Users/rijkvanzanten/Development/api/src/core/Directus/Database/TableGateway/RelationalTableGateway.php(907): Directus\Database\TableGateway\RelationalTableGateway->validateFields(Array)
#1 /Users/rijkvanzanten/Development/api/src/core/Directus/Database/TableGateway/RelationalTableGateway.php(1028): Directus\Database\TableGateway\RelationalTableGateway->fetchItems(Array)
#2 /Users/rijkvanzanten/Development/api/src/core/Directus/Database/TableGateway/RelationalTableGateway.php(739): Directus\Database\TableGateway\RelationalTableGateway->fetchData(Array)
#3 /Users/rijkvanzanten/Development/api/src/core/Directus/Services/TablesService.php(54): Directus\Database\TableGateway\RelationalTableGateway->getItems(Array)
#4 /Users/rijkvanzanten/Development/api/src/endpoints/Collections.php(58): Directus\Services\TablesService->findAll(Array)
#5 [internal function]: Directus\Api\Routes\Collections->all(Object(Directus\Application\Http\Request), Object(Directus\Application\Http\Response), Array)
#6 /Users/rijkvanzanten/Development/api/vendor/slim/slim/Slim/Handlers/Strategies/RequestResponse.php(41): call_user_func(Array, Object(Directus\Application\Http\Request), Object(Directus\Application\Http\Response), Array)
#7 /Users/rijkvanzanten/Development/api/vendor/slim/slim/Slim/Route.php(335): Slim\Handlers\Strategies\RequestResponse->__invoke(Array, Object(Directus\Application\Http\Request), Object(Directus\Application\Http\Response), Array)
#8 /Users/rijkvanzanten/Development/api/src/core/Directus/Application/Http/Middleware/AbstractRateLimitMiddleware.php(34): Slim\Route->__invoke(Object(Directus\Application\Http\Request), Object(Directus\Application\Http\Response))
#9 [internal function]: Directus\Application\Http\Middleware\AbstractRateLimitMiddleware->__invoke(Object(Directus\Application\Http\Request), Object(Directus\Application\Http\Response), Object(Slim\Route))
#10 /Users/rijkvanzanten/Development/api/vendor/slim/slim/Slim/DeferredCallable.php(43): call_user_func_array(Object(Directus\Application\Http\Middleware\UserRateLimitMiddleware), Array)
#11 [internal function]: Slim\DeferredCallable->__invoke(Object(Directus\Application\Http\Request), Object(Directus\Application\Http\Response), Object(Slim\Route))
#12 /Users/rijkvanzanten/Development/api/vendor/slim/slim/Slim/MiddlewareAwareTrait.php(70): call_user_func(Object(Slim\DeferredCallable), Object(Directus\Application\Http\Request), Object(Directus\Application\Http\Response), Object(Slim\Route))
#13 /Users/rijkvanzanten/Development/api/src/core/Directus/Application/Http/Middleware/AuthenticationMiddleware.php(69): Slim\Route->Slim\{closure}(Object(Directus\Application\Http\Request), Object(Directus\Application\Http\Response))
#14 [internal function]: Directus\Application\Http\Middleware\AuthenticationMiddleware->__invoke(Object(Directus\Application\Http\Request), Object(Directus\Application\Http\Response), Object(Closure))
#15 /Users/rijkvanzanten/Development/api/vendor/slim/slim/Slim/DeferredCallable.php(43): call_user_func_array(Object(Directus\Application\Http\Middleware\AuthenticationMiddleware), Array)
#16 [internal function]: Slim\DeferredCallable->__invoke(Object(Directus\Application\Http\Request), Object(Directus\Application\Http\Response), Object(Closure))
#17 /Users/rijkvanzanten/Development/api/vendor/slim/slim/Slim/MiddlewareAwareTrait.php(70): call_user_func(Object(Slim\DeferredCallable), Object(Directus\Application\Http\Request), Object(Directus\Application\Http\Response), Object(Closure))
#18 /Users/rijkvanzanten/Development/api/vendor/slim/slim/Slim/MiddlewareAwareTrait.php(117): Slim\Route->Slim\{closure}(Object(Directus\Application\Http\Request), Object(Directus\Application\Http\Response))
#19 /Users/rijkvanzanten/Development/api/vendor/slim/slim/Slim/Route.php(313): Slim\Route->callMiddlewareStack(Object(Directus\Application\Http\Request), Object(Directus\Application\Http\Response))
#20 /Users/rijkvanzanten/Development/api/vendor/slim/slim/Slim/App.php(513): Slim\Route->run(Object(Directus\Application\Http\Request), Object(Directus\Application\Http\Response))
#21 /Users/rijkvanzanten/Development/api/src/core/Directus/Application/Http/Middleware/TableGatewayMiddleware.php(39): Slim\App->__invoke(Object(Directus\Application\Http\Request), Object(Directus\Application\Http\Response))
#22 [internal function]: Directus\Application\Http\Middleware\TableGatewayMiddleware->__invoke(Object(Directus\Application\Http\Request), Object(Directus\Application\Http\Response), Object(Directus\Application\Application))
#23 /Users/rijkvanzanten/Development/api/vendor/slim/slim/Slim/DeferredCallable.php(43): call_user_func_array(Object(Directus\Application\Http\Middleware\TableGatewayMiddleware), Array)
#24 [internal function]: Slim\DeferredCallable->__invoke(Object(Directus\Application\Http\Request), Object(Directus\Application\Http\Response), Object(Directus\Application\Application))
#25 /Users/rijkvanzanten/Development/api/vendor/slim/slim/Slim/MiddlewareAwareTrait.php(70): call_user_func(Object(Slim\DeferredCallable), Object(Directus\Application\Http\Request), Object(Directus\Application\Http\Response), Object(Directus\Application\Application))
#26 /Users/rijkvanzanten/Development/api/src/core/Directus/Application/Http/Middleware/AbstractRateLimitMiddleware.php(34): Slim\App->Slim\{closure}(Object(Directus\Application\Http\Request), Object(Directus\Application\Http\Response))
#27 [internal function]: Directus\Application\Http\Middleware\AbstractRateLimitMiddleware->__invoke(Object(Directus\Application\Http\Request), Object(Directus\Application\Http\Response), Object(Closure))
#28 /Users/rijkvanzanten/Development/api/vendor/slim/slim/Slim/DeferredCallable.php(43): call_user_func_array(Object(Directus\Application\Http\Middleware\IpRateLimitMiddleware), Array)
#29 [internal function]: Slim\DeferredCallable->__invoke(Object(Directus\Application\Http\Request), Object(Directus\Application\Http\Response), Object(Closure))
#30 /Users/rijkvanzanten/Development/api/vendor/slim/slim/Slim/MiddlewareAwareTrait.php(70): call_user_func(Object(Slim\DeferredCallable), Object(Directus\Application\Http\Request), Object(Directus\Application\Http\Response), Object(Closure))
#31 /Users/rijkvanzanten/Development/api/vendor/akrabat/rka-ip-address-middleware/src/IpAddress.php(93): Slim\App->Slim\{closure}(Object(Directus\Application\Http\Request), Object(Directus\Application\Http\Response))
#32 [internal function]: RKA\Middleware\IpAddress->__invoke(Object(Directus\Application\Http\Request), Object(Directus\Application\Http\Response), Object(Closure))
#33 /Users/rijkvanzanten/Development/api/vendor/slim/slim/Slim/DeferredCallable.php(43): call_user_func_array(Object(RKA\Middleware\IpAddress), Array)
#34 [internal function]: Slim\DeferredCallable->__invoke(Object(Directus\Application\Http\Request), Object(Directus\Application\Http\Response), Object(Closure))
#35 /Users/rijkvanzanten/Development/api/vendor/slim/slim/Slim/MiddlewareAwareTrait.php(70): call_user_func(Object(Slim\DeferredCallable), Object(Directus\Application\Http\Request), Object(Directus\Application\Http\Response), Object(Closure))
#36 /Users/rijkvanzanten/Development/api/src/core/Directus/Application/Http/Middleware/CorsMiddleware.php(20): Slim\App->Slim\{closure}(Object(Directus\Application\Http\Request), Object(Directus\Application\Http\Response))
#37 [internal function]: Directus\Application\Http\Middleware\CorsMiddleware->__invoke(Object(Directus\Application\Http\Request), Object(Directus\Application\Http\Response), Object(Closure))
#38 /Users/rijkvanzanten/Development/api/vendor/slim/slim/Slim/DeferredCallable.php(43): call_user_func_array(Object(Directus\Application\Http\Middleware\CorsMiddleware), Array)
#39 [internal function]: Slim\DeferredCallable->__invoke(Object(Directus\Application\Http\Request), Object(Directus\Application\Http\Response), Object(Closure))
#40 /Users/rijkvanzanten/Development/api/vendor/slim/slim/Slim/MiddlewareAwareTrait.php(70): call_user_func(Object(Slim\DeferredCallable), Object(Directus\Application\Http\Request), Object(Directus\Application\Http\Response), Object(Closure))
#41 /Users/rijkvanzanten/Development/api/src/core/Directus/Application/Http/Middleware/ResponseCacheMiddleware.php(47): Slim\App->Slim\{closure}(Object(Directus\Application\Http\Request), Object(Directus\Application\Http\Response))
#42 [internal function]: Directus\Application\Http\Middleware\ResponseCacheMiddleware->__invoke(Object(Directus\Application\Http\Request), Object(Directus\Application\Http\Response), Object(Closure))
#43 /Users/rijkvanzanten/Development/api/vendor/slim/slim/Slim/DeferredCallable.php(43): call_user_func_array(Object(Directus\Application\Http\Middleware\ResponseCacheMiddleware), Array)
#44 [internal function]: Slim\DeferredCallable->__invoke(Object(Directus\Application\Http\Request), Object(Directus\Application\Http\Response), Object(Closure))
#45 /Users/rijkvanzanten/Development/api/vendor/slim/slim/Slim/MiddlewareAwareTrait.php(70): call_user_func(Object(Slim\DeferredCallable), Object(Directus\Application\Http\Request), Object(Directus\Application\Http\Response), Object(Closure))
#46 /Users/rijkvanzanten/Development/api/vendor/slim/slim/Slim/MiddlewareAwareTrait.php(117): Slim\App->Slim\{closure}(Object(Directus\Application\Http\Request), Object(Directus\Application\Http\Response))
#47 /Users/rijkvanzanten/Development/api/vendor/slim/slim/Slim/App.php(406): Slim\App->callMiddlewareStack(Object(Directus\Application\Http\Request), Object(Directus\Application\Http\Response))
#48 /Users/rijkvanzanten/Development/api/vendor/slim/slim/Slim/App.php(314): Slim\App->process(Object(Directus\Application\Http\Request), Object(Directus\Application\Http\Response))
#49 /Users/rijkvanzanten/Development/api/src/core/Directus/Application/Application.php(161): Slim\App->run(false)
#50 /Users/rijkvanzanten/Development/api/public/index.php(5): Directus\Application\Application->run()
#51 {main} [] []
[2018-06-19 14:12:07] api[_].ERROR: Directus\Database\Exception\InvalidFieldException: Invalid field "message" in /Users/rijkvanzanten/Development/api/src/core/Directus/Database/TableGateway/RelationalTableGateway.php:1996
Stack trace:
#0 /Users/rijkvanzanten/Development/api/src/core/Directus/Database/TableGateway/RelationalTableGateway.php(907): Directus\Database\TableGateway\RelationalTableGateway->validateFields(Array)
#1 /Users/rijkvanzanten/Development/api/src/core/Directus/Database/TableGateway/RelationalTableGateway.php(1028): Directus\Database\TableGateway\RelationalTableGateway->fetchItems(Array)
#2 /Users/rijkvanzanten/Development/api/src/core/Directus/Database/TableGateway/RelationalTableGateway.php(739): Directus\Database\TableGateway\RelationalTableGateway->fetchData(Array)
#3 [internal function]: Directus\Database\TableGateway\RelationalTableGateway->getItems(Array, NULL)
#4 /Users/rijkvanzanten/Development/api/src/core/Directus/Services/AbstractService.php(302): call_user_func_array(Array, Array)
#5 /Users/rijkvanzanten/Development/api/src/core/Directus/Services/AbstractService.php(253): Directus\Services\AbstractService->getDataAndSetResponseCacheTags(Array, Array)
#6 /Users/rijkvanzanten/Development/api/src/core/Directus/Services/ActivityService.php(148): Directus\Services\AbstractService->getItemsAndSetResponseCacheTags(Object(Directus\Database\TableGateway\DirectusActivityTableGateway), Array)
#7 /Users/rijkvanzanten/Development/api/src/endpoints/Activity.php(35): Directus\Services\ActivityService->findAll(Array)
#8 [internal function]: Directus\Api\Routes\Activity->all(Object(Directus\Application\Http\Request), Object(Directus\Application\Http\Response), Array)
#9 /Users/rijkvanzanten/Development/api/vendor/slim/slim/Slim/Handlers/Strategies/RequestResponse.php(41): call_user_func(Array, Object(Directus\Application\Http\Request), Object(Directus\Application\Http\Response), Array)
#10 /Users/rijkvanzanten/Development/api/vendor/slim/slim/Slim/Route.php(335): Slim\Handlers\Strategies\RequestResponse->__invoke(Array, Object(Directus\Application\Http\Request), Object(Directus\Application\Http\Response), Array)
#11 /Users/rijkvanzanten/Development/api/src/core/Directus/Application/Http/Middleware/AbstractRateLimitMiddleware.php(34): Slim\Route->__invoke(Object(Directus\Application\Http\Request), Object(Directus\Application\Http\Response))
#12 [internal function]: Directus\Application\Http\Middleware\AbstractRateLimitMiddleware->__invoke(Object(Directus\Application\Http\Request), Object(Directus\Application\Http\Response), Object(Slim\Route))
#13 /Users/rijkvanzanten/Development/api/vendor/slim/slim/Slim/DeferredCallable.php(43): call_user_func_array(Object(Directus\Application\Http\Middleware\UserRateLimitMiddleware), Array)
#14 [internal function]: Slim\DeferredCallable->__invoke(Object(Directus\Application\Http\Request), Object(Directus\Application\Http\Response), Object(Slim\Route))
#15 /Users/rijkvanzanten/Development/api/vendor/slim/slim/Slim/MiddlewareAwareTrait.php(70): call_user_func(Object(Slim\DeferredCallable), Object(Directus\Application\Http\Request), Object(Directus\Application\Http\Response), Object(Slim\Route))
#16 /Users/rijkvanzanten/Development/api/src/core/Directus/Application/Http/Middleware/AuthenticationMiddleware.php(69): Slim\Route->Slim\{closure}(Object(Directus\Application\Http\Request), Object(Directus\Application\Http\Response))
#17 [internal function]: Directus\Application\Http\Middleware\AuthenticationMiddleware->__invoke(Object(Directus\Application\Http\Request), Object(Directus\Application\Http\Response), Object(Closure))
#18 /Users/rijkvanzanten/Development/api/vendor/slim/slim/Slim/DeferredCallable.php(43): call_user_func_array(Object(Directus\Application\Http\Middleware\AuthenticationMiddleware), Array)
#19 [internal function]: Slim\DeferredCallable->__invoke(Object(Directus\Application\Http\Request), Object(Directus\Application\Http\Response), Object(Closure))
#20 /Users/rijkvanzanten/Development/api/vendor/slim/slim/Slim/MiddlewareAwareTrait.php(70): call_user_func(Object(Slim\DeferredCallable), Object(Directus\Application\Http\Request), Object(Directus\Application\Http\Response), Object(Closure))
#21 /Users/rijkvanzanten/Development/api/vendor/slim/slim/Slim/MiddlewareAwareTrait.php(117): Slim\Route->Slim\{closure}(Object(Directus\Application\Http\Request), Object(Directus\Application\Http\Response))
#22 /Users/rijkvanzanten/Development/api/vendor/slim/slim/Slim/Route.php(313): Slim\Route->callMiddlewareStack(Object(Directus\Application\Http\Request), Object(Directus\Application\Http\Response))
#23 /Users/rijkvanzanten/Development/api/vendor/slim/slim/Slim/App.php(513): Slim\Route->run(Object(Directus\Application\Http\Request), Object(Directus\Application\Http\Response))
#24 /Users/rijkvanzanten/Development/api/src/core/Directus/Application/Http/Middleware/TableGatewayMiddleware.php(39): Slim\App->__invoke(Object(Directus\Application\Http\Request), Object(Directus\Application\Http\Response))
#25 [internal function]: Directus\Application\Http\Middleware\TableGatewayMiddleware->__invoke(Object(Directus\Application\Http\Request), Object(Directus\Application\Http\Response), Object(Directus\Application\Application))
#26 /Users/rijkvanzanten/Development/api/vendor/slim/slim/Slim/DeferredCallable.php(43): call_user_func_array(Object(Directus\Application\Http\Middleware\TableGatewayMiddleware), Array)
#27 [internal function]: Slim\DeferredCallable->__invoke(Object(Directus\Application\Http\Request), Object(Directus\Application\Http\Response), Object(Directus\Application\Application))
#28 /Users/rijkvanzanten/Development/api/vendor/slim/slim/Slim/MiddlewareAwareTrait.php(70): call_user_func(Object(Slim\DeferredCallable), Object(Directus\Application\Http\Request), Object(Directus\Application\Http\Response), Object(Directus\Application\Application))
#29 /Users/rijkvanzanten/Development/api/src/core/Directus/Application/Http/Middleware/AbstractRateLimitMiddleware.php(34): Slim\App->Slim\{closure}(Object(Directus\Application\Http\Request), Object(Directus\Application\Http\Response))
#30 [internal function]: Directus\Application\Http\Middleware\AbstractRateLimitMiddleware->__invoke(Object(Directus\Application\Http\Request), Object(Directus\Application\Http\Response), Object(Closure))
#31 /Users/rijkvanzanten/Development/api/vendor/slim/slim/Slim/DeferredCallable.php(43): call_user_func_array(Object(Directus\Application\Http\Middleware\IpRateLimitMiddleware), Array)
#32 [internal function]: Slim\DeferredCallable->__invoke(Object(Directus\Application\Http\Request), Object(Directus\Application\Http\Response), Object(Closure))
#33 /Users/rijkvanzanten/Development/api/vendor/slim/slim/Slim/MiddlewareAwareTrait.php(70): call_user_func(Object(Slim\DeferredCallable), Object(Directus\Application\Http\Request), Object(Directus\Application\Http\Response), Object(Closure))
#34 /Users/rijkvanzanten/Development/api/vendor/akrabat/rka-ip-address-middleware/src/IpAddress.php(93): Slim\App->Slim\{closure}(Object(Directus\Application\Http\Request), Object(Directus\Application\Http\Response))
#35 [internal function]: RKA\Middleware\IpAddress->__invoke(Object(Directus\Application\Http\Request), Object(Directus\Application\Http\Response), Object(Closure))
#36 /Users/rijkvanzanten/Development/api/vendor/slim/slim/Slim/DeferredCallable.php(43): call_user_func_array(Object(RKA\Middleware\IpAddress), Array)
#37 [internal function]: Slim\DeferredCallable->__invoke(Object(Directus\Application\Http\Request), Object(Directus\Application\Http\Response), Object(Closure))
#38 /Users/rijkvanzanten/Development/api/vendor/slim/slim/Slim/MiddlewareAwareTrait.php(70): call_user_func(Object(Slim\DeferredCallable), Object(Directus\Application\Http\Request), Object(Directus\Application\Http\Response), Object(Closure))
#39 /Users/rijkvanzanten/Development/api/src/core/Directus/Application/Http/Middleware/CorsMiddleware.php(20): Slim\App->Slim\{closure}(Object(Directus\Application\Http\Request), Object(Directus\Application\Http\Response))
#40 [internal function]: Directus\Application\Http\Middleware\CorsMiddleware->__invoke(Object(Directus\Application\Http\Request), Object(Directus\Application\Http\Response), Object(Closure))
#41 /Users/rijkvanzanten/Development/api/vendor/slim/slim/Slim/DeferredCallable.php(43): call_user_func_array(Object(Directus\Application\Http\Middleware\CorsMiddleware), Array)
#42 [internal function]: Slim\DeferredCallable->__invoke(Object(Directus\Application\Http\Request), Object(Directus\Application\Http\Response), Object(Closure))
#43 /Users/rijkvanzanten/Development/api/vendor/slim/slim/Slim/MiddlewareAwareTrait.php(70): call_user_func(Object(Slim\DeferredCallable), Object(Directus\Application\Http\Request), Object(Directus\Application\Http\Response), Object(Closure))
#44 /Users/rijkvanzanten/Development/api/src/core/Directus/Application/Http/Middleware/ResponseCacheMiddleware.php(47): Slim\App->Slim\{closure}(Object(Directus\Application\Http\Request), Object(Directus\Application\Http\Response))
#45 [internal function]: Directus\Application\Http\Middleware\ResponseCacheMiddleware->__invoke(Object(Directus\Application\Http\Request), Object(Directus\Application\Http\Response), Object(Closure))
#46 /Users/rijkvanzanten/Development/api/vendor/slim/slim/Slim/DeferredCallable.php(43): call_user_func_array(Object(Directus\Application\Http\Middleware\ResponseCacheMiddleware), Array)
#47 [internal function]: Slim\DeferredCallable->__invoke(Object(Directus\Application\Http\Request), Object(Directus\Application\Http\Response), Object(Closure))
#48 /Users/rijkvanzanten/Development/api/vendor/slim/slim/Slim/MiddlewareAwareTrait.php(70): call_user_func(Object(Slim\DeferredCallable), Object(Directus\Application\Http\Request), Object(Directus\Application\Http\Response), Object(Closure))
#49 /Users/rijkvanzanten/Development/api/vendor/slim/slim/Slim/MiddlewareAwareTrait.php(117): Slim\App->Slim\{closure}(Object(Directus\Application\Http\Request), Object(Directus\Application\Http\Response))
#50 /Users/rijkvanzanten/Development/api/vendor/slim/slim/Slim/App.php(406): Slim\App->callMiddlewareStack(Object(Directus\Application\Http\Request), Object(Directus\Application\Http\Response))
#51 /Users/rijkvanzanten/Development/api/vendor/slim/slim/Slim/App.php(314): Slim\App->process(Object(Directus\Application\Http\Request), Object(Directus\Application\Http\Response))
#52 /Users/rijkvanzanten/Development/api/src/core/Directus/Application/Application.php(161): Slim\App->run(false)
#53 /Users/rijkvanzanten/Development/api/public/index.php(5): Directus\Application\Application->run()
#54 {main} [] []
