[2018-07-15 08:14:21] api[_].ERROR: PDOException: SQLSTATE[42S22]: Column not found: 1054 Unknown column 'DT.managed' in 'field list' in /Users/rijkvanzanten/Development/api/vendor/zendframework/zend-db/src/Adapter/Driver/Pdo/Statement.php:239
Stack trace:
#0 /Users/rijkvanzanten/Development/api/vendor/zendframework/zend-db/src/Adapter/Driver/Pdo/Statement.php(239): PDOStatement->execute()
#1 /Users/rijkvanzanten/Development/api/src/core/Directus/Database/Schema/Sources/MySQLSchema.php(101): Zend\Db\Adapter\Driver\Pdo\Statement->execute()
#2 /Users/rijkvanzanten/Development/api/src/core/Directus/Database/Schema/Sources/MySQLSchema.php(135): Directus\Database\Schema\Sources\MySQLSchema->getCollections(Array)
#3 /Users/rijkvanzanten/Development/api/src/core/Directus/Database/Schema/SchemaManager.php(122): Directus\Database\Schema\Sources\MySQLSchema->getCollection('directus_activi...')
#4 /Users/rijkvanzanten/Development/api/src/core/Directus/Database/SchemaService.php(146): Directus\Database\Schema\SchemaManager->getCollection('directus_activi...', Array, false)
#5 /Users/rijkvanzanten/Development/api/src/core/Directus/Application/CoreServicesProvider.php(268): Directus\Database\SchemaService::getCollection('directus_activi...')
#6 [internal function]: Directus\Application\CoreServicesProvider->Directus\Application\{closure}(Object(Directus\Hook\Payload))
#7 /Users/rijkvanzanten/Development/api/src/core/Directus/Hook/Emitter.php(291): call_user_func_array(Object(Closure), Array)
#8 /Users/rijkvanzanten/Development/api/src/core/Directus/Hook/Emitter.php(151): Directus\Hook\Emitter->executeListeners(Array, Array, 1)
#9 /Users/rijkvanzanten/Development/api/src/core/Directus/Database/TableGateway/BaseTableGateway.php(1468): Directus\Hook\Emitter->apply('collection.inse...', Array, Array)
#10 /Users/rijkvanzanten/Development/api/src/core/Directus/Database/TableGateway/BaseTableGateway.php(763): Directus\Database\TableGateway\BaseTableGateway->applyHook('collection.inse...', Array, Array)
#11 /Users/rijkvanzanten/Development/api/vendor/zendframework/zend-db/src/TableGateway/AbstractTableGateway.php(276): Directus\Database\TableGateway\BaseTableGateway->executeInsert(Object(Zend\Db\Sql\Insert))
#12 /Users/rijkvanzanten/Development/api/src/core/Directus/Database/TableGateway/DirectusActivityTableGateway.php(119): Zend\Db\TableGateway\AbstractTableGateway->insertWith(Object(Zend\Db\Sql\Insert))
#13 /Users/rijkvanzanten/Development/api/src/core/Directus/Services/AuthService.php(56): Directus\Database\TableGateway\DirectusActivityTableGateway->recordLogin('1')
#14 /Users/rijkvanzanten/Development/api/src/endpoints/Auth.php(49): Directus\Services\AuthService->loginWithCredentials('admin@example.c...', 'password')
#15 [internal function]: Directus\Api\Routes\Auth->authenticate(Object(Directus\Application\Http\Request), Object(Directus\Application\Http\Response), Array)
#16 /Users/rijkvanzanten/Development/api/vendor/slim/slim/Slim/Handlers/Strategies/RequestResponse.php(41): call_user_func(Array, Object(Directus\Application\Http\Request), Object(Directus\Application\Http\Response), Array)
#17 /Users/rijkvanzanten/Development/api/vendor/slim/slim/Slim/Route.php(335): Slim\Handlers\Strategies\RequestResponse->__invoke(Array, Object(Directus\Application\Http\Request), Object(Directus\Application\Http\Response), Array)
#18 /Users/rijkvanzanten/Development/api/vendor/slim/slim/Slim/MiddlewareAwareTrait.php(117): Slim\Route->__invoke(Object(Directus\Application\Http\Request), Object(Directus\Application\Http\Response))
#19 /Users/rijkvanzanten/Development/api/vendor/slim/slim/Slim/Route.php(313): Slim\Route->callMiddlewareStack(Object(Directus\Application\Http\Request), Object(Directus\Application\Http\Response))
#20 /Users/rijkvanzanten/Development/api/vendor/slim/slim/Slim/App.php(513): Slim\Route->run(Object(Directus\Application\Http\Request), Object(Directus\Application\Http\Response))
#21 /Users/rijkvanzanten/Development/api/src/core/Directus/Application/Http/Middleware/TableGatewayMiddleware.php(26): Slim\App->__invoke(Object(Directus\Application\Http\Request), Object(Directus\Application\Http\Response))
#22 [internal function]: Directus\Application\Http\Middleware\TableGatewayMiddleware->__invoke(Object(Directus\Application\Http\Request), Object(Directus\Application\Http\Response), Object(Directus\Application\Application))
#23 /Users/rijkvanzanten/Development/api/vendor/slim/slim/Slim/DeferredCallable.php(43): call_user_func_array(Object(Directus\Application\Http\Middleware\TableGatewayMiddleware), Array)
#24 [internal function]: Slim\DeferredCallable->__invoke(Object(Directus\Application\Http\Request), Object(Directus\Application\Http\Response), Object(Directus\Application\Application))
#25 /Users/rijkvanzanten/Development/api/vendor/slim/slim/Slim/MiddlewareAwareTrait.php(70): call_user_func(Object(Slim\DeferredCallable), Object(Directus\Application\Http\Request), Object(Directus\Application\Http\Response), Object(Directus\Application\Application))
#26 /Users/rijkvanzanten/Development/api/src/core/Directus/Application/Http/Middleware/AbstractRateLimitMiddleware.php(34): Slim\App->Slim\{closure}(Object(Directus\Application\Http\Request), Object(Directus\Application\Http\Response))
#27 [internal function]: Directus\Application\Http\Middleware\AbstractRateLimitMiddleware->__invoke(Object(Directus\Application\Http\Request), Object(Directus\Application\Http\Response), Object(Closure))
#28 /Users/rijkvanzanten/Development/api/vendor/slim/slim/Slim/DeferredCallable.php(43): call_user_func_array(Object(Directus\Application\Http\Middleware\IpRateLimitMiddleware), Array)
#29 [internal function]: Slim\DeferredCallable->__invoke(Object(Directus\Application\Http\Request), Object(Directus\Application\Http\Response), Object(Closure))
#30 /Users/rijkvanzanten/Development/api/vendor/slim/slim/Slim/MiddlewareAwareTrait.php(70): call_user_func(Object(Slim\DeferredCallable), Object(Directus\Application\Http\Request), Object(Directus\Application\Http\Response), Object(Closure))
#31 /Users/rijkvanzanten/Development/api/vendor/akrabat/rka-ip-address-middleware/src/IpAddress.php(93): Slim\App->Slim\{closure}(Object(Directus\Application\Http\Request), Object(Directus\Application\Http\Response))
#32 [internal function]: RKA\Middleware\IpAddress->__invoke(Object(Directus\Application\Http\Request), Object(Directus\Application\Http\Response), Object(Closure))
#33 /Users/rijkvanzanten/Development/api/vendor/slim/slim/Slim/DeferredCallable.php(43): call_user_func_array(Object(RKA\Middleware\IpAddress), Array)
#34 [internal function]: Slim\DeferredCallable->__invoke(Object(Directus\Application\Http\Request), Object(Directus\Application\Http\Response), Object(Closure))
#35 /Users/rijkvanzanten/Development/api/vendor/slim/slim/Slim/MiddlewareAwareTrait.php(70): call_user_func(Object(Slim\DeferredCallable), Object(Directus\Application\Http\Request), Object(Directus\Application\Http\Response), Object(Closure))
#36 /Users/rijkvanzanten/Development/api/src/core/Directus/Application/Http/Middleware/CorsMiddleware.php(20): Slim\App->Slim\{closure}(Object(Directus\Application\Http\Request), Object(Directus\Application\Http\Response))
#37 [internal function]: Directus\Application\Http\Middleware\CorsMiddleware->__invoke(Object(Directus\Application\Http\Request), Object(Directus\Application\Http\Response), Object(Closure))
#38 /Users/rijkvanzanten/Development/api/vendor/slim/slim/Slim/DeferredCallable.php(43): call_user_func_array(Object(Directus\Application\Http\Middleware\CorsMiddleware), Array)
#39 [internal function]: Slim\DeferredCallable->__invoke(Object(Directus\Application\Http\Request), Object(Directus\Application\Http\Response), Object(Closure))
#40 /Users/rijkvanzanten/Development/api/vendor/slim/slim/Slim/MiddlewareAwareTrait.php(70): call_user_func(Object(Slim\DeferredCallable), Object(Directus\Application\Http\Request), Object(Directus\Application\Http\Response), Object(Closure))
#41 /Users/rijkvanzanten/Development/api/src/core/Directus/Application/Http/Middleware/ResponseCacheMiddleware.php(47): Slim\App->Slim\{closure}(Object(Directus\Application\Http\Request), Object(Directus\Application\Http\Response))
#42 [internal function]: Directus\Application\Http\Middleware\ResponseCacheMiddleware->__invoke(Object(Directus\Application\Http\Request), Object(Directus\Application\Http\Response), Object(Closure))
#43 /Users/rijkvanzanten/Development/api/vendor/slim/slim/Slim/DeferredCallable.php(43): call_user_func_array(Object(Directus\Application\Http\Middleware\ResponseCacheMiddleware), Array)
#44 [internal function]: Slim\DeferredCallable->__invoke(Object(Directus\Application\Http\Request), Object(Directus\Application\Http\Response), Object(Closure))
#45 /Users/rijkvanzanten/Development/api/vendor/slim/slim/Slim/MiddlewareAwareTrait.php(70): call_user_func(Object(Slim\DeferredCallable), Object(Directus\Application\Http\Request), Object(Directus\Application\Http\Response), Object(Closure))
#46 /Users/rijkvanzanten/Development/api/vendor/slim/slim/Slim/MiddlewareAwareTrait.php(117): Slim\App->Slim\{closure}(Object(Directus\Application\Http\Request), Object(Directus\Application\Http\Response))
#47 /Users/rijkvanzanten/Development/api/vendor/slim/slim/Slim/App.php(406): Slim\App->callMiddlewareStack(Object(Directus\Application\Http\Request), Object(Directus\Application\Http\Response))
#48 /Users/rijkvanzanten/Development/api/vendor/slim/slim/Slim/App.php(314): Slim\App->process(Object(Directus\Application\Http\Request), Object(Directus\Application\Http\Response))
#49 /Users/rijkvanzanten/Development/api/src/core/Directus/Application/Application.php(161): Slim\App->run(false)
#50 /Users/rijkvanzanten/Development/api/public/index.php(5): Directus\Application\Application->run()
#51 {main}

Next Zend\Db\Adapter\Exception\InvalidQueryException: Statement could not be executed (42S22 - 1054 - Unknown column 'DT.managed' in 'field list') in /Users/rijkvanzanten/Development/api/vendor/zendframework/zend-db/src/Adapter/Driver/Pdo/Statement.php:244
Stack trace:
#0 /Users/rijkvanzanten/Development/api/src/core/Directus/Database/Schema/Sources/MySQLSchema.php(101): Zend\Db\Adapter\Driver\Pdo\Statement->execute()
#1 /Users/rijkvanzanten/Development/api/src/core/Directus/Database/Schema/Sources/MySQLSchema.php(135): Directus\Database\Schema\Sources\MySQLSchema->getCollections(Array)
#2 /Users/rijkvanzanten/Development/api/src/core/Directus/Database/Schema/SchemaManager.php(122): Directus\Database\Schema\Sources\MySQLSchema->getCollection('directus_activi...')
#3 /Users/rijkvanzanten/Development/api/src/core/Directus/Database/SchemaService.php(146): Directus\Database\Schema\SchemaManager->getCollection('directus_activi...', Array, false)
#4 /Users/rijkvanzanten/Development/api/src/core/Directus/Application/CoreServicesProvider.php(268): Directus\Database\SchemaService::getCollection('directus_activi...')
#5 [internal function]: Directus\Application\CoreServicesProvider->Directus\Application\{closure}(Object(Directus\Hook\Payload))
#6 /Users/rijkvanzanten/Development/api/src/core/Directus/Hook/Emitter.php(291): call_user_func_array(Object(Closure), Array)
#7 /Users/rijkvanzanten/Development/api/src/core/Directus/Hook/Emitter.php(151): Directus\Hook\Emitter->executeListeners(Array, Array, 1)
#8 /Users/rijkvanzanten/Development/api/src/core/Directus/Database/TableGateway/BaseTableGateway.php(1468): Directus\Hook\Emitter->apply('collection.inse...', Array, Array)
#9 /Users/rijkvanzanten/Development/api/src/core/Directus/Database/TableGateway/BaseTableGateway.php(763): Directus\Database\TableGateway\BaseTableGateway->applyHook('collection.inse...', Array, Array)
#10 /Users/rijkvanzanten/Development/api/vendor/zendframework/zend-db/src/TableGateway/AbstractTableGateway.php(276): Directus\Database\TableGateway\BaseTableGateway->executeInsert(Object(Zend\Db\Sql\Insert))
#11 /Users/rijkvanzanten/Development/api/src/core/Directus/Database/TableGateway/DirectusActivityTableGateway.php(119): Zend\Db\TableGateway\AbstractTableGateway->insertWith(Object(Zend\Db\Sql\Insert))
#12 /Users/rijkvanzanten/Development/api/src/core/Directus/Services/AuthService.php(56): Directus\Database\TableGateway\DirectusActivityTableGateway->recordLogin('1')
#13 /Users/rijkvanzanten/Development/api/src/endpoints/Auth.php(49): Directus\Services\AuthService->loginWithCredentials('admin@example.c...', 'password')
#14 [internal function]: Directus\Api\Routes\Auth->authenticate(Object(Directus\Application\Http\Request), Object(Directus\Application\Http\Response), Array)
#15 /Users/rijkvanzanten/Development/api/vendor/slim/slim/Slim/Handlers/Strategies/RequestResponse.php(41): call_user_func(Array, Object(Directus\Application\Http\Request), Object(Directus\Application\Http\Response), Array)
#16 /Users/rijkvanzanten/Development/api/vendor/slim/slim/Slim/Route.php(335): Slim\Handlers\Strategies\RequestResponse->__invoke(Array, Object(Directus\Application\Http\Request), Object(Directus\Application\Http\Response), Array)
#17 /Users/rijkvanzanten/Development/api/vendor/slim/slim/Slim/MiddlewareAwareTrait.php(117): Slim\Route->__invoke(Object(Directus\Application\Http\Request), Object(Directus\Application\Http\Response))
#18 /Users/rijkvanzanten/Development/api/vendor/slim/slim/Slim/Route.php(313): Slim\Route->callMiddlewareStack(Object(Directus\Application\Http\Request), Object(Directus\Application\Http\Response))
#19 /Users/rijkvanzanten/Development/api/vendor/slim/slim/Slim/App.php(513): Slim\Route->run(Object(Directus\Application\Http\Request), Object(Directus\Application\Http\Response))
#20 /Users/rijkvanzanten/Development/api/src/core/Directus/Application/Http/Middleware/TableGatewayMiddleware.php(26): Slim\App->__invoke(Object(Directus\Application\Http\Request), Object(Directus\Application\Http\Response))
#21 [internal function]: Directus\Application\Http\Middleware\TableGatewayMiddleware->__invoke(Object(Directus\Application\Http\Request), Object(Directus\Application\Http\Response), Object(Directus\Application\Application))
#22 /Users/rijkvanzanten/Development/api/vendor/slim/slim/Slim/DeferredCallable.php(43): call_user_func_array(Object(Directus\Application\Http\Middleware\TableGatewayMiddleware), Array)
#23 [internal function]: Slim\DeferredCallable->__invoke(Object(Directus\Application\Http\Request), Object(Directus\Application\Http\Response), Object(Directus\Application\Application))
#24 /Users/rijkvanzanten/Development/api/vendor/slim/slim/Slim/MiddlewareAwareTrait.php(70): call_user_func(Object(Slim\DeferredCallable), Object(Directus\Application\Http\Request), Object(Directus\Application\Http\Response), Object(Directus\Application\Application))
#25 /Users/rijkvanzanten/Development/api/src/core/Directus/Application/Http/Middleware/AbstractRateLimitMiddleware.php(34): Slim\App->Slim\{closure}(Object(Directus\Application\Http\Request), Object(Directus\Application\Http\Response))
#26 [internal function]: Directus\Application\Http\Middleware\AbstractRateLimitMiddleware->__invoke(Object(Directus\Application\Http\Request), Object(Directus\Application\Http\Response), Object(Closure))
#27 /Users/rijkvanzanten/Development/api/vendor/slim/slim/Slim/DeferredCallable.php(43): call_user_func_array(Object(Directus\Application\Http\Middleware\IpRateLimitMiddleware), Array)
#28 [internal function]: Slim\DeferredCallable->__invoke(Object(Directus\Application\Http\Request), Object(Directus\Application\Http\Response), Object(Closure))
#29 /Users/rijkvanzanten/Development/api/vendor/slim/slim/Slim/MiddlewareAwareTrait.php(70): call_user_func(Object(Slim\DeferredCallable), Object(Directus\Application\Http\Request), Object(Directus\Application\Http\Response), Object(Closure))
#30 /Users/rijkvanzanten/Development/api/vendor/akrabat/rka-ip-address-middleware/src/IpAddress.php(93): Slim\App->Slim\{closure}(Object(Directus\Application\Http\Request), Object(Directus\Application\Http\Response))
#31 [internal function]: RKA\Middleware\IpAddress->__invoke(Object(Directus\Application\Http\Request), Object(Directus\Application\Http\Response), Object(Closure))
#32 /Users/rijkvanzanten/Development/api/vendor/slim/slim/Slim/DeferredCallable.php(43): call_user_func_array(Object(RKA\Middleware\IpAddress), Array)
#33 [internal function]: Slim\DeferredCallable->__invoke(Object(Directus\Application\Http\Request), Object(Directus\Application\Http\Response), Object(Closure))
#34 /Users/rijkvanzanten/Development/api/vendor/slim/slim/Slim/MiddlewareAwareTrait.php(70): call_user_func(Object(Slim\DeferredCallable), Object(Directus\Application\Http\Request), Object(Directus\Application\Http\Response), Object(Closure))
#35 /Users/rijkvanzanten/Development/api/src/core/Directus/Application/Http/Middleware/CorsMiddleware.php(20): Slim\App->Slim\{closure}(Object(Directus\Application\Http\Request), Object(Directus\Application\Http\Response))
#36 [internal function]: Directus\Application\Http\Middleware\CorsMiddleware->__invoke(Object(Directus\Application\Http\Request), Object(Directus\Application\Http\Response), Object(Closure))
#37 /Users/rijkvanzanten/Development/api/vendor/slim/slim/Slim/DeferredCallable.php(43): call_user_func_array(Object(Directus\Application\Http\Middleware\CorsMiddleware), Array)
#38 [internal function]: Slim\DeferredCallable->__invoke(Object(Directus\Application\Http\Request), Object(Directus\Application\Http\Response), Object(Closure))
#39 /Users/rijkvanzanten/Development/api/vendor/slim/slim/Slim/MiddlewareAwareTrait.php(70): call_user_func(Object(Slim\DeferredCallable), Object(Directus\Application\Http\Request), Object(Directus\Application\Http\Response), Object(Closure))
#40 /Users/rijkvanzanten/Development/api/src/core/Directus/Application/Http/Middleware/ResponseCacheMiddleware.php(47): Slim\App->Slim\{closure}(Object(Directus\Application\Http\Request), Object(Directus\Application\Http\Response))
#41 [internal function]: Directus\Application\Http\Middleware\ResponseCacheMiddleware->__invoke(Object(Directus\Application\Http\Request), Object(Directus\Application\Http\Response), Object(Closure))
#42 /Users/rijkvanzanten/Development/api/vendor/slim/slim/Slim/DeferredCallable.php(43): call_user_func_array(Object(Directus\Application\Http\Middleware\ResponseCacheMiddleware), Array)
#43 [internal function]: Slim\DeferredCallable->__invoke(Object(Directus\Application\Http\Request), Object(Directus\Application\Http\Response), Object(Closure))
#44 /Users/rijkvanzanten/Development/api/vendor/slim/slim/Slim/MiddlewareAwareTrait.php(70): call_user_func(Object(Slim\DeferredCallable), Object(Directus\Application\Http\Request), Object(Directus\Application\Http\Response), Object(Closure))
#45 /Users/rijkvanzanten/Development/api/vendor/slim/slim/Slim/MiddlewareAwareTrait.php(117): Slim\App->Slim\{closure}(Object(Directus\Application\Http\Request), Object(Directus\Application\Http\Response))
#46 /Users/rijkvanzanten/Development/api/vendor/slim/slim/Slim/App.php(406): Slim\App->callMiddlewareStack(Object(Directus\Application\Http\Request), Object(Directus\Application\Http\Response))
#47 /Users/rijkvanzanten/Development/api/vendor/slim/slim/Slim/App.php(314): Slim\App->process(Object(Directus\Application\Http\Request), Object(Directus\Application\Http\Response))
#48 /Users/rijkvanzanten/Development/api/src/core/Directus/Application/Application.php(161): Slim\App->run(false)
#49 /Users/rijkvanzanten/Development/api/public/index.php(5): Directus\Application\Application->run()
#50 {main} [] []
